<?xml version="1.0" encoding="UTF-8"?>
<testsuite name="com.epam.ws.web.api.AutoOrderControllerMocksTest" tests="5" skipped="0" failures="0" errors="0" timestamp="2019-05-29T08:30:36" hostname="EPBYMINW6849" time="0.46">
  <properties/>
  <testcase name="testGetAutoOrder" classname="com.epam.ws.web.api.AutoOrderControllerMocksTest" time="0.243"/>
  <testcase name="testUpdateAutoOrder" classname="com.epam.ws.web.api.AutoOrderControllerMocksTest" time="0.127"/>
  <testcase name="testCreateAutoOrder" classname="com.epam.ws.web.api.AutoOrderControllerMocksTest" time="0.029"/>
  <testcase name="testGetAutoOrderNotFound" classname="com.epam.ws.web.api.AutoOrderControllerMocksTest" time="0.024"/>
  <testcase name="testGetAutoOrders" classname="com.epam.ws.web.api.AutoOrderControllerMocksTest" time="0.026"/>
  <system-out><![CDATA[2019-05-29 11:30:35.346  INFO 7152 --- [    Test worker] .b.t.c.SpringBootTestContextBootstrapper : Neither @ContextConfiguration nor @ContextHierarchy found for test class [com.epam.ws.web.api.AutoOrderControllerMocksTest], using SpringBootContextLoader
2019-05-29 11:30:35.347  INFO 7152 --- [    Test worker] o.s.t.c.support.AbstractContextLoader    : Could not detect default resource locations for test class [com.epam.ws.web.api.AutoOrderControllerMocksTest]: no resource found for suffixes {-context.xml, Context.groovy}.
2019-05-29 11:30:35.356  INFO 7152 --- [    Test worker] .b.t.c.SpringBootTestContextBootstrapper : Loaded default TestExecutionListener class names from location [META-INF/spring.factories]: [org.springframework.boot.test.autoconfigure.restdocs.RestDocsTestExecutionListener, org.springframework.boot.test.autoconfigure.web.client.MockRestServiceServerResetTestExecutionListener, org.springframework.boot.test.autoconfigure.web.servlet.MockMvcPrintOnlyOnFailureTestExecutionListener, org.springframework.boot.test.autoconfigure.web.servlet.WebDriverTestExecutionListener, org.springframework.boot.test.mock.mockito.MockitoTestExecutionListener, org.springframework.boot.test.mock.mockito.ResetMocksTestExecutionListener, org.springframework.test.context.web.ServletTestExecutionListener, org.springframework.test.context.support.DirtiesContextBeforeModesTestExecutionListener, org.springframework.test.context.support.DependencyInjectionTestExecutionListener, org.springframework.test.context.support.DirtiesContextTestExecutionListener, org.springframework.test.context.transaction.TransactionalTestExecutionListener, org.springframework.test.context.jdbc.SqlScriptsTestExecutionListener]
2019-05-29 11:30:35.358  INFO 7152 --- [    Test worker] .b.t.c.SpringBootTestContextBootstrapper : Using TestExecutionListeners: [org.springframework.test.context.web.ServletTestExecutionListener@468182d5, org.springframework.test.context.support.DirtiesContextBeforeModesTestExecutionListener@29db939d, org.springframework.boot.test.mock.mockito.MockitoTestExecutionListener@18538942, org.springframework.boot.test.autoconfigure.SpringBootDependencyInjectionTestExecutionListener@70a07e83, org.springframework.test.context.support.DirtiesContextTestExecutionListener@3a7ddd68, org.springframework.test.context.transaction.TransactionalTestExecutionListener@4fcff6c1, org.springframework.test.context.jdbc.SqlScriptsTestExecutionListener@4b527fe3, org.springframework.boot.test.autoconfigure.restdocs.RestDocsTestExecutionListener@38f5546c, org.springframework.boot.test.autoconfigure.web.client.MockRestServiceServerResetTestExecutionListener@6c375887, org.springframework.boot.test.autoconfigure.web.servlet.MockMvcPrintOnlyOnFailureTestExecutionListener@5c7ed23e, org.springframework.boot.test.autoconfigure.web.servlet.WebDriverTestExecutionListener@48b1335, org.springframework.boot.test.mock.mockito.ResetMocksTestExecutionListener@164f71fc]

  .   ____          _            __ _ _
 /\\ / ___'_ __ _ _(_)_ __  __ _ \ \ \ \
( ( )\___ | '_ | '_| | '_ \/ _` | \ \ \ \
 \\/  ___)| |_)| | | | | || (_| |  ) ) ) )
  '  |____| .__|_| |_|_| |_\__, | / / / /
 =========|_|==============|___/=/_/_/_/
 :: Spring Boot ::       (v1.5.18.RELEASE)

2019-05-29 11:30:35.449  INFO 7152 --- [    Test worker] c.e.w.w.a.AutoOrderControllerMocksTest   : Starting AutoOrderControllerMocksTest on EPBYMINW6849 with PID 7152 (started by Natallia_Dzemianok in C:\Users\Natallia_Dzemianok\IdeaProjects\autoservice-for-tests-feature-webapp\autoservice-ws-autoorder)
2019-05-29 11:30:35.450  INFO 7152 --- [    Test worker] c.e.w.w.a.AutoOrderControllerMocksTest   : No active profile set, falling back to default profiles: default
2019-05-29 11:30:35.451  INFO 7152 --- [    Test worker] o.s.w.c.s.GenericWebApplicationContext   : Refreshing org.springframework.web.context.support.GenericWebApplicationContext@25560f5a: startup date [Wed May 29 11:30:35 MSK 2019]; root of context hierarchy
2019-05-29 11:30:35.699  INFO 7152 --- [    Test worker] f.a.AutowiredAnnotationBeanPostProcessor : JSR-330 'javax.inject.Inject' annotation found and supported for autowiring
2019-05-29 11:30:35.747  INFO 7152 --- [    Test worker] trationDelegate$BeanPostProcessorChecker : Bean 'org.springframework.transaction.annotation.ProxyTransactionManagementConfiguration' of type [org.springframework.transaction.annotation.ProxyTransactionManagementConfiguration$$EnhancerBySpringCGLIB$$e93b2988] is not eligible for getting processed by all BeanPostProcessors (for example: not eligible for auto-proxying)
2019-05-29 11:30:36.060  INFO 7152 --- [    Test worker] j.LocalContainerEntityManagerFactoryBean : Building JPA container EntityManagerFactory for persistence unit 'default'
2019-05-29 11:30:36.061  INFO 7152 --- [    Test worker] o.hibernate.jpa.internal.util.LogHelper  : HHH000204: Processing PersistenceUnitInfo [
	name: default
	...]
2019-05-29 11:30:36.068  INFO 7152 --- [    Test worker] org.hibernate.dialect.Dialect            : HHH000400: Using dialect: org.hibernate.dialect.MySQL5Dialect
2019-05-29 11:30:36.080  INFO 7152 --- [    Test worker] org.hibernate.tool.hbm2ddl.SchemaUpdate  : HHH000228: Running hbm2ddl schema update
2019-05-29 11:30:36.098  WARN 7152 --- [    Test worker] o.h.j.i.EntityManagerFactoryRegistry     : HHH000436: Entity manager factory name (default) is already registered.  If entity manager will be clustered or passivated, specify a unique value for property 'hibernate.ejb.entitymanager_factory_name'
2019-05-29 11:30:36.099  INFO 7152 --- [    Test worker] j.LocalContainerEntityManagerFactoryBean : Initialized JPA EntityManagerFactory for persistence unit 'default'
2019-05-29 11:30:36.361  INFO 7152 --- [    Test worker] s.w.s.m.m.a.RequestMappingHandlerAdapter : Looking for @ControllerAdvice: org.springframework.web.context.support.GenericWebApplicationContext@25560f5a: startup date [Wed May 29 11:30:35 MSK 2019]; root of context hierarchy
2019-05-29 11:30:36.378  INFO 7152 --- [    Test worker] s.w.s.m.m.a.RequestMappingHandlerMapping : Mapped "{[/api/autoOrders],methods=[POST],consumes=[application/json],produces=[application/json]}" onto public org.springframework.http.ResponseEntity<com.epam.ws.model.AutoOrder> com.epam.ws.web.api.AutoOrderController.createAutoOrder(com.epam.ws.model.AutoOrder)
2019-05-29 11:30:36.378  INFO 7152 --- [    Test worker] s.w.s.m.m.a.RequestMappingHandlerMapping : Mapped "{[/api/autoOrders/{order_id}],methods=[PUT],consumes=[application/json],produces=[application/json]}" onto public org.springframework.http.ResponseEntity<com.epam.ws.model.AutoOrder> com.epam.ws.web.api.AutoOrderController.updateAutoOrder(com.epam.ws.model.AutoOrder)
2019-05-29 11:30:36.379  INFO 7152 --- [    Test worker] s.w.s.m.m.a.RequestMappingHandlerMapping : Mapped "{[/api/autoOrders/{order_id}],methods=[DELETE],consumes=[application/json]}" onto public org.springframework.http.ResponseEntity<com.epam.ws.model.AutoOrder> com.epam.ws.web.api.AutoOrderController.deleteAutoOrder(java.lang.Long)
2019-05-29 11:30:36.379  INFO 7152 --- [    Test worker] s.w.s.m.m.a.RequestMappingHandlerMapping : Mapped "{[/api/autoOrders],methods=[GET],produces=[application/json]}" onto public org.springframework.http.ResponseEntity<java.util.Collection<com.epam.ws.model.AutoOrder>> com.epam.ws.web.api.AutoOrderController.getAutoOrders()
2019-05-29 11:30:36.379  INFO 7152 --- [    Test worker] s.w.s.m.m.a.RequestMappingHandlerMapping : Mapped "{[/api/autoOrders/{order_id}],methods=[GET],produces=[application/json]}" onto public org.springframework.http.ResponseEntity<com.epam.ws.model.AutoOrder> com.epam.ws.web.api.AutoOrderController.getAutoOrder(java.lang.Long)
2019-05-29 11:30:36.380  INFO 7152 --- [    Test worker] s.w.s.m.m.a.RequestMappingHandlerMapping : Mapped "{[/error]}" onto public org.springframework.http.ResponseEntity<java.util.Map<java.lang.String, java.lang.Object>> org.springframework.boot.autoconfigure.web.BasicErrorController.error(javax.servlet.http.HttpServletRequest)
2019-05-29 11:30:36.381  INFO 7152 --- [    Test worker] s.w.s.m.m.a.RequestMappingHandlerMapping : Mapped "{[/error],produces=[text/html]}" onto public org.springframework.web.servlet.ModelAndView org.springframework.boot.autoconfigure.web.BasicErrorController.errorHtml(javax.servlet.http.HttpServletRequest,javax.servlet.http.HttpServletResponse)
2019-05-29 11:30:36.406  INFO 7152 --- [    Test worker] o.s.w.s.handler.SimpleUrlHandlerMapping  : Mapped URL path [/webjars/**] onto handler of type [class org.springframework.web.servlet.resource.ResourceHttpRequestHandler]
2019-05-29 11:30:36.406  INFO 7152 --- [    Test worker] o.s.w.s.handler.SimpleUrlHandlerMapping  : Mapped URL path [/**] onto handler of type [class org.springframework.web.servlet.resource.ResourceHttpRequestHandler]
2019-05-29 11:30:36.431  INFO 7152 --- [    Test worker] o.s.w.s.handler.SimpleUrlHandlerMapping  : Mapped URL path [/**/favicon.ico] onto handler of type [class org.springframework.web.servlet.resource.ResourceHttpRequestHandler]
2019-05-29 11:30:36.599  INFO 7152 --- [    Test worker] c.e.w.w.a.AutoOrderControllerMocksTest   : Started AutoOrderControllerMocksTest in 1.236 seconds (JVM running for 15.22)
2019-05-29 11:30:36.849  INFO 7152 --- [    Test worker] o.s.t.c.transaction.TransactionContext   : Began transaction (1) for test context [DefaultTestContext@1f735e2f testClass = AutoOrderControllerMocksTest, testInstance = com.epam.ws.web.api.AutoOrderControllerMocksTest@3f697d09, testMethod = testGetAutoOrder@AutoOrderControllerMocksTest, testException = [null], mergedContextConfiguration = [WebMergedContextConfiguration@6276d842 testClass = AutoOrderControllerMocksTest, locations = '{}', classes = '{class com.epam.Application, class com.epam.Application}', contextInitializerClasses = '[]', activeProfiles = '{}', propertySourceLocations = '{}', propertySourceProperties = '{org.springframework.boot.test.context.SpringBootTestContextBootstrapper=true}', contextCustomizers = set[org.springframework.boot.test.autoconfigure.properties.PropertyMappingContextCustomizer@0, org.springframework.boot.test.autoconfigure.web.servlet.WebDriverContextCustomizerFactory$Customizer@4ae7e621, org.springframework.boot.test.context.SpringBootTestContextCustomizer@261a7b0c, org.springframework.boot.test.context.filter.ExcludeFilterContextCustomizer@745196a5, org.springframework.boot.test.json.DuplicateJsonObjectContextCustomizerFactory$DuplicateJsonObjectContextCustomizer@529eaa02, org.springframework.boot.test.mock.mockito.MockitoContextCustomizer@0, org.springframework.test.context.web.socket.MockServerContainerContextCustomizer@12a01099], resourceBasePath = 'src/main/webapp', contextLoader = 'org.springframework.boot.test.context.SpringBootContextLoader', parent = [null]]]; transaction manager [org.springframework.orm.jpa.JpaTransactionManager@1d51830f]; rollback [true]
2019-05-29 11:30:36.883  INFO 7152 --- [    Test worker] ilder$StaticRequestMappingHandlerMapping : Mapped "{[/api/autoOrders],methods=[POST],consumes=[application/json],produces=[application/json]}" onto public org.springframework.http.ResponseEntity<com.epam.ws.model.AutoOrder> com.epam.ws.web.api.AutoOrderController.createAutoOrder(com.epam.ws.model.AutoOrder)
2019-05-29 11:30:36.883  INFO 7152 --- [    Test worker] ilder$StaticRequestMappingHandlerMapping : Mapped "{[/api/autoOrders/{order_id}],methods=[PUT],consumes=[application/json],produces=[application/json]}" onto public org.springframework.http.ResponseEntity<com.epam.ws.model.AutoOrder> com.epam.ws.web.api.AutoOrderController.updateAutoOrder(com.epam.ws.model.AutoOrder)
2019-05-29 11:30:36.883  INFO 7152 --- [    Test worker] ilder$StaticRequestMappingHandlerMapping : Mapped "{[/api/autoOrders/{order_id}],methods=[DELETE],consumes=[application/json]}" onto public org.springframework.http.ResponseEntity<com.epam.ws.model.AutoOrder> com.epam.ws.web.api.AutoOrderController.deleteAutoOrder(java.lang.Long)
2019-05-29 11:30:36.884  INFO 7152 --- [    Test worker] ilder$StaticRequestMappingHandlerMapping : Mapped "{[/api/autoOrders],methods=[GET],produces=[application/json]}" onto public org.springframework.http.ResponseEntity<java.util.Collection<com.epam.ws.model.AutoOrder>> com.epam.ws.web.api.AutoOrderController.getAutoOrders()
2019-05-29 11:30:36.884  INFO 7152 --- [    Test worker] ilder$StaticRequestMappingHandlerMapping : Mapped "{[/api/autoOrders/{order_id}],methods=[GET],produces=[application/json]}" onto public org.springframework.http.ResponseEntity<com.epam.ws.model.AutoOrder> com.epam.ws.web.api.AutoOrderController.getAutoOrder(java.lang.Long)
2019-05-29 11:30:36.898  INFO 7152 --- [    Test worker] s.w.s.m.m.a.RequestMappingHandlerAdapter : Looking for @ControllerAdvice: org.springframework.test.web.servlet.setup.StubWebApplicationContext@6cf19d35
2019-05-29 11:30:36.921  INFO 7152 --- [    Test worker] o.s.mock.web.MockServletContext          : Initializing Spring FrameworkServlet ''
2019-05-29 11:30:36.921  INFO 7152 --- [    Test worker] o.s.t.web.servlet.TestDispatcherServlet  : FrameworkServlet '': initialization started
2019-05-29 11:30:36.922  INFO 7152 --- [    Test worker] o.s.t.web.servlet.TestDispatcherServlet  : FrameworkServlet '': initialization completed in 1 ms
2019-05-29 11:30:37.089  INFO 7152 --- [    Test worker] o.s.t.c.transaction.TransactionContext   : Rolled back transaction for test: [DefaultTestContext@1f735e2f testClass = AutoOrderControllerMocksTest, testInstance = com.epam.ws.web.api.AutoOrderControllerMocksTest@3f697d09, testMethod = testGetAutoOrder@AutoOrderControllerMocksTest, testException = [null], mergedContextConfiguration = [WebMergedContextConfiguration@6276d842 testClass = AutoOrderControllerMocksTest, locations = '{}', classes = '{class com.epam.Application, class com.epam.Application}', contextInitializerClasses = '[]', activeProfiles = '{}', propertySourceLocations = '{}', propertySourceProperties = '{org.springframework.boot.test.context.SpringBootTestContextBootstrapper=true}', contextCustomizers = set[org.springframework.boot.test.autoconfigure.properties.PropertyMappingContextCustomizer@0, org.springframework.boot.test.autoconfigure.web.servlet.WebDriverContextCustomizerFactory$Customizer@4ae7e621, org.springframework.boot.test.context.SpringBootTestContextCustomizer@261a7b0c, org.springframework.boot.test.context.filter.ExcludeFilterContextCustomizer@745196a5, org.springframework.boot.test.json.DuplicateJsonObjectContextCustomizerFactory$DuplicateJsonObjectContextCustomizer@529eaa02, org.springframework.boot.test.mock.mockito.MockitoContextCustomizer@0, org.springframework.test.context.web.socket.MockServerContainerContextCustomizer@12a01099], resourceBasePath = 'src/main/webapp', contextLoader = 'org.springframework.boot.test.context.SpringBootContextLoader', parent = [null]]]
2019-05-29 11:30:37.096  INFO 7152 --- [    Test worker] o.s.t.c.transaction.TransactionContext   : Began transaction (1) for test context [DefaultTestContext@1f735e2f testClass = AutoOrderControllerMocksTest, testInstance = com.epam.ws.web.api.AutoOrderControllerMocksTest@5cbdf1b3, testMethod = testUpdateAutoOrder@AutoOrderControllerMocksTest, testException = [null], mergedContextConfiguration = [WebMergedContextConfiguration@6276d842 testClass = AutoOrderControllerMocksTest, locations = '{}', classes = '{class com.epam.Application, class com.epam.Application}', contextInitializerClasses = '[]', activeProfiles = '{}', propertySourceLocations = '{}', propertySourceProperties = '{org.springframework.boot.test.context.SpringBootTestContextBootstrapper=true}', contextCustomizers = set[org.springframework.boot.test.autoconfigure.properties.PropertyMappingContextCustomizer@0, org.springframework.boot.test.autoconfigure.web.servlet.WebDriverContextCustomizerFactory$Customizer@4ae7e621, org.springframework.boot.test.context.SpringBootTestContextCustomizer@261a7b0c, org.springframework.boot.test.context.filter.ExcludeFilterContextCustomizer@745196a5, org.springframework.boot.test.json.DuplicateJsonObjectContextCustomizerFactory$DuplicateJsonObjectContextCustomizer@529eaa02, org.springframework.boot.test.mock.mockito.MockitoContextCustomizer@0, org.springframework.test.context.web.socket.MockServerContainerContextCustomizer@12a01099], resourceBasePath = 'src/main/webapp', contextLoader = 'org.springframework.boot.test.context.SpringBootContextLoader', parent = [null]]]; transaction manager [org.springframework.orm.jpa.JpaTransactionManager@1d51830f]; rollback [true]
2019-05-29 11:30:37.099  INFO 7152 --- [    Test worker] ilder$StaticRequestMappingHandlerMapping : Mapped "{[/api/autoOrders],methods=[POST],consumes=[application/json],produces=[application/json]}" onto public org.springframework.http.ResponseEntity<com.epam.ws.model.AutoOrder> com.epam.ws.web.api.AutoOrderController.createAutoOrder(com.epam.ws.model.AutoOrder)
2019-05-29 11:30:37.099  INFO 7152 --- [    Test worker] ilder$StaticRequestMappingHandlerMapping : Mapped "{[/api/autoOrders/{order_id}],methods=[PUT],consumes=[application/json],produces=[application/json]}" onto public org.springframework.http.ResponseEntity<com.epam.ws.model.AutoOrder> com.epam.ws.web.api.AutoOrderController.updateAutoOrder(com.epam.ws.model.AutoOrder)
2019-05-29 11:30:37.099  INFO 7152 --- [    Test worker] ilder$StaticRequestMappingHandlerMapping : Mapped "{[/api/autoOrders/{order_id}],methods=[DELETE],consumes=[application/json]}" onto public org.springframework.http.ResponseEntity<com.epam.ws.model.AutoOrder> com.epam.ws.web.api.AutoOrderController.deleteAutoOrder(java.lang.Long)
2019-05-29 11:30:37.099  INFO 7152 --- [    Test worker] ilder$StaticRequestMappingHandlerMapping : Mapped "{[/api/autoOrders],methods=[GET],produces=[application/json]}" onto public org.springframework.http.ResponseEntity<java.util.Collection<com.epam.ws.model.AutoOrder>> com.epam.ws.web.api.AutoOrderController.getAutoOrders()
2019-05-29 11:30:37.100  INFO 7152 --- [    Test worker] ilder$StaticRequestMappingHandlerMapping : Mapped "{[/api/autoOrders/{order_id}],methods=[GET],produces=[application/json]}" onto public org.springframework.http.ResponseEntity<com.epam.ws.model.AutoOrder> com.epam.ws.web.api.AutoOrderController.getAutoOrder(java.lang.Long)
2019-05-29 11:30:37.109  INFO 7152 --- [    Test worker] s.w.s.m.m.a.RequestMappingHandlerAdapter : Looking for @ControllerAdvice: org.springframework.test.web.servlet.setup.StubWebApplicationContext@4fd6b4fd
2019-05-29 11:30:37.112  INFO 7152 --- [    Test worker] o.s.mock.web.MockServletContext          : Initializing Spring FrameworkServlet ''
2019-05-29 11:30:37.112  INFO 7152 --- [    Test worker] o.s.t.web.servlet.TestDispatcherServlet  : FrameworkServlet '': initialization started
2019-05-29 11:30:37.112  INFO 7152 --- [    Test worker] o.s.t.web.servlet.TestDispatcherServlet  : FrameworkServlet '': initialization completed in 0 ms
2019-05-29 11:30:37.219  INFO 7152 --- [    Test worker] o.s.t.c.transaction.TransactionContext   : Rolled back transaction for test: [DefaultTestContext@1f735e2f testClass = AutoOrderControllerMocksTest, testInstance = com.epam.ws.web.api.AutoOrderControllerMocksTest@5cbdf1b3, testMethod = testUpdateAutoOrder@AutoOrderControllerMocksTest, testException = [null], mergedContextConfiguration = [WebMergedContextConfiguration@6276d842 testClass = AutoOrderControllerMocksTest, locations = '{}', classes = '{class com.epam.Application, class com.epam.Application}', contextInitializerClasses = '[]', activeProfiles = '{}', propertySourceLocations = '{}', propertySourceProperties = '{org.springframework.boot.test.context.SpringBootTestContextBootstrapper=true}', contextCustomizers = set[org.springframework.boot.test.autoconfigure.properties.PropertyMappingContextCustomizer@0, org.springframework.boot.test.autoconfigure.web.servlet.WebDriverContextCustomizerFactory$Customizer@4ae7e621, org.springframework.boot.test.context.SpringBootTestContextCustomizer@261a7b0c, org.springframework.boot.test.context.filter.ExcludeFilterContextCustomizer@745196a5, org.springframework.boot.test.json.DuplicateJsonObjectContextCustomizerFactory$DuplicateJsonObjectContextCustomizer@529eaa02, org.springframework.boot.test.mock.mockito.MockitoContextCustomizer@0, org.springframework.test.context.web.socket.MockServerContainerContextCustomizer@12a01099], resourceBasePath = 'src/main/webapp', contextLoader = 'org.springframework.boot.test.context.SpringBootContextLoader', parent = [null]]]
2019-05-29 11:30:37.225  INFO 7152 --- [    Test worker] o.s.t.c.transaction.TransactionContext   : Began transaction (1) for test context [DefaultTestContext@1f735e2f testClass = AutoOrderControllerMocksTest, testInstance = com.epam.ws.web.api.AutoOrderControllerMocksTest@1bd994fd, testMethod = testCreateAutoOrder@AutoOrderControllerMocksTest, testException = [null], mergedContextConfiguration = [WebMergedContextConfiguration@6276d842 testClass = AutoOrderControllerMocksTest, locations = '{}', classes = '{class com.epam.Application, class com.epam.Application}', contextInitializerClasses = '[]', activeProfiles = '{}', propertySourceLocations = '{}', propertySourceProperties = '{org.springframework.boot.test.context.SpringBootTestContextBootstrapper=true}', contextCustomizers = set[org.springframework.boot.test.autoconfigure.properties.PropertyMappingContextCustomizer@0, org.springframework.boot.test.autoconfigure.web.servlet.WebDriverContextCustomizerFactory$Customizer@4ae7e621, org.springframework.boot.test.context.SpringBootTestContextCustomizer@261a7b0c, org.springframework.boot.test.context.filter.ExcludeFilterContextCustomizer@745196a5, org.springframework.boot.test.json.DuplicateJsonObjectContextCustomizerFactory$DuplicateJsonObjectContextCustomizer@529eaa02, org.springframework.boot.test.mock.mockito.MockitoContextCustomizer@0, org.springframework.test.context.web.socket.MockServerContainerContextCustomizer@12a01099], resourceBasePath = 'src/main/webapp', contextLoader = 'org.springframework.boot.test.context.SpringBootContextLoader', parent = [null]]]; transaction manager [org.springframework.orm.jpa.JpaTransactionManager@1d51830f]; rollback [true]
2019-05-29 11:30:37.228  INFO 7152 --- [    Test worker] ilder$StaticRequestMappingHandlerMapping : Mapped "{[/api/autoOrders],methods=[POST],consumes=[application/json],produces=[application/json]}" onto public org.springframework.http.ResponseEntity<com.epam.ws.model.AutoOrder> com.epam.ws.web.api.AutoOrderController.createAutoOrder(com.epam.ws.model.AutoOrder)
2019-05-29 11:30:37.228  INFO 7152 --- [    Test worker] ilder$StaticRequestMappingHandlerMapping : Mapped "{[/api/autoOrders/{order_id}],methods=[PUT],consumes=[application/json],produces=[application/json]}" onto public org.springframework.http.ResponseEntity<com.epam.ws.model.AutoOrder> com.epam.ws.web.api.AutoOrderController.updateAutoOrder(com.epam.ws.model.AutoOrder)
2019-05-29 11:30:37.228  INFO 7152 --- [    Test worker] ilder$StaticRequestMappingHandlerMapping : Mapped "{[/api/autoOrders/{order_id}],methods=[DELETE],consumes=[application/json]}" onto public org.springframework.http.ResponseEntity<com.epam.ws.model.AutoOrder> com.epam.ws.web.api.AutoOrderController.deleteAutoOrder(java.lang.Long)
2019-05-29 11:30:37.228  INFO 7152 --- [    Test worker] ilder$StaticRequestMappingHandlerMapping : Mapped "{[/api/autoOrders],methods=[GET],produces=[application/json]}" onto public org.springframework.http.ResponseEntity<java.util.Collection<com.epam.ws.model.AutoOrder>> com.epam.ws.web.api.AutoOrderController.getAutoOrders()
2019-05-29 11:30:37.229  INFO 7152 --- [    Test worker] ilder$StaticRequestMappingHandlerMapping : Mapped "{[/api/autoOrders/{order_id}],methods=[GET],produces=[application/json]}" onto public org.springframework.http.ResponseEntity<com.epam.ws.model.AutoOrder> com.epam.ws.web.api.AutoOrderController.getAutoOrder(java.lang.Long)
2019-05-29 11:30:37.239  INFO 7152 --- [    Test worker] s.w.s.m.m.a.RequestMappingHandlerAdapter : Looking for @ControllerAdvice: org.springframework.test.web.servlet.setup.StubWebApplicationContext@3755db90
2019-05-29 11:30:37.242  INFO 7152 --- [    Test worker] o.s.mock.web.MockServletContext          : Initializing Spring FrameworkServlet ''
2019-05-29 11:30:37.242  INFO 7152 --- [    Test worker] o.s.t.web.servlet.TestDispatcherServlet  : FrameworkServlet '': initialization started
2019-05-29 11:30:37.243  INFO 7152 --- [    Test worker] o.s.t.web.servlet.TestDispatcherServlet  : FrameworkServlet '': initialization completed in 0 ms
2019-05-29 11:30:37.252  INFO 7152 --- [    Test worker] o.s.t.c.transaction.TransactionContext   : Rolled back transaction for test: [DefaultTestContext@1f735e2f testClass = AutoOrderControllerMocksTest, testInstance = com.epam.ws.web.api.AutoOrderControllerMocksTest@1bd994fd, testMethod = testCreateAutoOrder@AutoOrderControllerMocksTest, testException = [null], mergedContextConfiguration = [WebMergedContextConfiguration@6276d842 testClass = AutoOrderControllerMocksTest, locations = '{}', classes = '{class com.epam.Application, class com.epam.Application}', contextInitializerClasses = '[]', activeProfiles = '{}', propertySourceLocations = '{}', propertySourceProperties = '{org.springframework.boot.test.context.SpringBootTestContextBootstrapper=true}', contextCustomizers = set[org.springframework.boot.test.autoconfigure.properties.PropertyMappingContextCustomizer@0, org.springframework.boot.test.autoconfigure.web.servlet.WebDriverContextCustomizerFactory$Customizer@4ae7e621, org.springframework.boot.test.context.SpringBootTestContextCustomizer@261a7b0c, org.springframework.boot.test.context.filter.ExcludeFilterContextCustomizer@745196a5, org.springframework.boot.test.json.DuplicateJsonObjectContextCustomizerFactory$DuplicateJsonObjectContextCustomizer@529eaa02, org.springframework.boot.test.mock.mockito.MockitoContextCustomizer@0, org.springframework.test.context.web.socket.MockServerContainerContextCustomizer@12a01099], resourceBasePath = 'src/main/webapp', contextLoader = 'org.springframework.boot.test.context.SpringBootContextLoader', parent = [null]]]
2019-05-29 11:30:37.257  INFO 7152 --- [    Test worker] o.s.t.c.transaction.TransactionContext   : Began transaction (1) for test context [DefaultTestContext@1f735e2f testClass = AutoOrderControllerMocksTest, testInstance = com.epam.ws.web.api.AutoOrderControllerMocksTest@7cad5353, testMethod = testGetAutoOrderNotFound@AutoOrderControllerMocksTest, testException = [null], mergedContextConfiguration = [WebMergedContextConfiguration@6276d842 testClass = AutoOrderControllerMocksTest, locations = '{}', classes = '{class com.epam.Application, class com.epam.Application}', contextInitializerClasses = '[]', activeProfiles = '{}', propertySourceLocations = '{}', propertySourceProperties = '{org.springframework.boot.test.context.SpringBootTestContextBootstrapper=true}', contextCustomizers = set[org.springframework.boot.test.autoconfigure.properties.PropertyMappingContextCustomizer@0, org.springframework.boot.test.autoconfigure.web.servlet.WebDriverContextCustomizerFactory$Customizer@4ae7e621, org.springframework.boot.test.context.SpringBootTestContextCustomizer@261a7b0c, org.springframework.boot.test.context.filter.ExcludeFilterContextCustomizer@745196a5, org.springframework.boot.test.json.DuplicateJsonObjectContextCustomizerFactory$DuplicateJsonObjectContextCustomizer@529eaa02, org.springframework.boot.test.mock.mockito.MockitoContextCustomizer@0, org.springframework.test.context.web.socket.MockServerContainerContextCustomizer@12a01099], resourceBasePath = 'src/main/webapp', contextLoader = 'org.springframework.boot.test.context.SpringBootContextLoader', parent = [null]]]; transaction manager [org.springframework.orm.jpa.JpaTransactionManager@1d51830f]; rollback [true]
2019-05-29 11:30:37.259  INFO 7152 --- [    Test worker] ilder$StaticRequestMappingHandlerMapping : Mapped "{[/api/autoOrders],methods=[POST],consumes=[application/json],produces=[application/json]}" onto public org.springframework.http.ResponseEntity<com.epam.ws.model.AutoOrder> com.epam.ws.web.api.AutoOrderController.createAutoOrder(com.epam.ws.model.AutoOrder)
2019-05-29 11:30:37.259  INFO 7152 --- [    Test worker] ilder$StaticRequestMappingHandlerMapping : Mapped "{[/api/autoOrders/{order_id}],methods=[PUT],consumes=[application/json],produces=[application/json]}" onto public org.springframework.http.ResponseEntity<com.epam.ws.model.AutoOrder> com.epam.ws.web.api.AutoOrderController.updateAutoOrder(com.epam.ws.model.AutoOrder)
2019-05-29 11:30:37.260  INFO 7152 --- [    Test worker] ilder$StaticRequestMappingHandlerMapping : Mapped "{[/api/autoOrders/{order_id}],methods=[DELETE],consumes=[application/json]}" onto public org.springframework.http.ResponseEntity<com.epam.ws.model.AutoOrder> com.epam.ws.web.api.AutoOrderController.deleteAutoOrder(java.lang.Long)
2019-05-29 11:30:37.260  INFO 7152 --- [    Test worker] ilder$StaticRequestMappingHandlerMapping : Mapped "{[/api/autoOrders],methods=[GET],produces=[application/json]}" onto public org.springframework.http.ResponseEntity<java.util.Collection<com.epam.ws.model.AutoOrder>> com.epam.ws.web.api.AutoOrderController.getAutoOrders()
2019-05-29 11:30:37.260  INFO 7152 --- [    Test worker] ilder$StaticRequestMappingHandlerMapping : Mapped "{[/api/autoOrders/{order_id}],methods=[GET],produces=[application/json]}" onto public org.springframework.http.ResponseEntity<com.epam.ws.model.AutoOrder> com.epam.ws.web.api.AutoOrderController.getAutoOrder(java.lang.Long)
2019-05-29 11:30:37.271  INFO 7152 --- [    Test worker] s.w.s.m.m.a.RequestMappingHandlerAdapter : Looking for @ControllerAdvice: org.springframework.test.web.servlet.setup.StubWebApplicationContext@3c175769
2019-05-29 11:30:37.274  INFO 7152 --- [    Test worker] o.s.mock.web.MockServletContext          : Initializing Spring FrameworkServlet ''
2019-05-29 11:30:37.274  INFO 7152 --- [    Test worker] o.s.t.web.servlet.TestDispatcherServlet  : FrameworkServlet '': initialization started
2019-05-29 11:30:37.274  INFO 7152 --- [    Test worker] o.s.t.web.servlet.TestDispatcherServlet  : FrameworkServlet '': initialization completed in 0 ms
2019-05-29 11:30:37.279  INFO 7152 --- [    Test worker] o.s.t.c.transaction.TransactionContext   : Rolled back transaction for test: [DefaultTestContext@1f735e2f testClass = AutoOrderControllerMocksTest, testInstance = com.epam.ws.web.api.AutoOrderControllerMocksTest@7cad5353, testMethod = testGetAutoOrderNotFound@AutoOrderControllerMocksTest, testException = [null], mergedContextConfiguration = [WebMergedContextConfiguration@6276d842 testClass = AutoOrderControllerMocksTest, locations = '{}', classes = '{class com.epam.Application, class com.epam.Application}', contextInitializerClasses = '[]', activeProfiles = '{}', propertySourceLocations = '{}', propertySourceProperties = '{org.springframework.boot.test.context.SpringBootTestContextBootstrapper=true}', contextCustomizers = set[org.springframework.boot.test.autoconfigure.properties.PropertyMappingContextCustomizer@0, org.springframework.boot.test.autoconfigure.web.servlet.WebDriverContextCustomizerFactory$Customizer@4ae7e621, org.springframework.boot.test.context.SpringBootTestContextCustomizer@261a7b0c, org.springframework.boot.test.context.filter.ExcludeFilterContextCustomizer@745196a5, org.springframework.boot.test.json.DuplicateJsonObjectContextCustomizerFactory$DuplicateJsonObjectContextCustomizer@529eaa02, org.springframework.boot.test.mock.mockito.MockitoContextCustomizer@0, org.springframework.test.context.web.socket.MockServerContainerContextCustomizer@12a01099], resourceBasePath = 'src/main/webapp', contextLoader = 'org.springframework.boot.test.context.SpringBootContextLoader', parent = [null]]]
2019-05-29 11:30:37.283  INFO 7152 --- [    Test worker] o.s.t.c.transaction.TransactionContext   : Began transaction (1) for test context [DefaultTestContext@1f735e2f testClass = AutoOrderControllerMocksTest, testInstance = com.epam.ws.web.api.AutoOrderControllerMocksTest@6d0339c8, testMethod = testGetAutoOrders@AutoOrderControllerMocksTest, testException = [null], mergedContextConfiguration = [WebMergedContextConfiguration@6276d842 testClass = AutoOrderControllerMocksTest, locations = '{}', classes = '{class com.epam.Application, class com.epam.Application}', contextInitializerClasses = '[]', activeProfiles = '{}', propertySourceLocations = '{}', propertySourceProperties = '{org.springframework.boot.test.context.SpringBootTestContextBootstrapper=true}', contextCustomizers = set[org.springframework.boot.test.autoconfigure.properties.PropertyMappingContextCustomizer@0, org.springframework.boot.test.autoconfigure.web.servlet.WebDriverContextCustomizerFactory$Customizer@4ae7e621, org.springframework.boot.test.context.SpringBootTestContextCustomizer@261a7b0c, org.springframework.boot.test.context.filter.ExcludeFilterContextCustomizer@745196a5, org.springframework.boot.test.json.DuplicateJsonObjectContextCustomizerFactory$DuplicateJsonObjectContextCustomizer@529eaa02, org.springframework.boot.test.mock.mockito.MockitoContextCustomizer@0, org.springframework.test.context.web.socket.MockServerContainerContextCustomizer@12a01099], resourceBasePath = 'src/main/webapp', contextLoader = 'org.springframework.boot.test.context.SpringBootContextLoader', parent = [null]]]; transaction manager [org.springframework.orm.jpa.JpaTransactionManager@1d51830f]; rollback [true]
2019-05-29 11:30:37.286  INFO 7152 --- [    Test worker] ilder$StaticRequestMappingHandlerMapping : Mapped "{[/api/autoOrders],methods=[POST],consumes=[application/json],produces=[application/json]}" onto public org.springframework.http.ResponseEntity<com.epam.ws.model.AutoOrder> com.epam.ws.web.api.AutoOrderController.createAutoOrder(com.epam.ws.model.AutoOrder)
2019-05-29 11:30:37.286  INFO 7152 --- [    Test worker] ilder$StaticRequestMappingHandlerMapping : Mapped "{[/api/autoOrders/{order_id}],methods=[PUT],consumes=[application/json],produces=[application/json]}" onto public org.springframework.http.ResponseEntity<com.epam.ws.model.AutoOrder> com.epam.ws.web.api.AutoOrderController.updateAutoOrder(com.epam.ws.model.AutoOrder)
2019-05-29 11:30:37.286  INFO 7152 --- [    Test worker] ilder$StaticRequestMappingHandlerMapping : Mapped "{[/api/autoOrders/{order_id}],methods=[DELETE],consumes=[application/json]}" onto public org.springframework.http.ResponseEntity<com.epam.ws.model.AutoOrder> com.epam.ws.web.api.AutoOrderController.deleteAutoOrder(java.lang.Long)
2019-05-29 11:30:37.286  INFO 7152 --- [    Test worker] ilder$StaticRequestMappingHandlerMapping : Mapped "{[/api/autoOrders],methods=[GET],produces=[application/json]}" onto public org.springframework.http.ResponseEntity<java.util.Collection<com.epam.ws.model.AutoOrder>> com.epam.ws.web.api.AutoOrderController.getAutoOrders()
2019-05-29 11:30:37.287  INFO 7152 --- [    Test worker] ilder$StaticRequestMappingHandlerMapping : Mapped "{[/api/autoOrders/{order_id}],methods=[GET],produces=[application/json]}" onto public org.springframework.http.ResponseEntity<com.epam.ws.model.AutoOrder> com.epam.ws.web.api.AutoOrderController.getAutoOrder(java.lang.Long)
2019-05-29 11:30:37.297  INFO 7152 --- [    Test worker] s.w.s.m.m.a.RequestMappingHandlerAdapter : Looking for @ControllerAdvice: org.springframework.test.web.servlet.setup.StubWebApplicationContext@20f2d7b6
2019-05-29 11:30:37.300  INFO 7152 --- [    Test worker] o.s.mock.web.MockServletContext          : Initializing Spring FrameworkServlet ''
2019-05-29 11:30:37.300  INFO 7152 --- [    Test worker] o.s.t.web.servlet.TestDispatcherServlet  : FrameworkServlet '': initialization started
2019-05-29 11:30:37.300  INFO 7152 --- [    Test worker] o.s.t.web.servlet.TestDispatcherServlet  : FrameworkServlet '': initialization completed in 0 ms
2019-05-29 11:30:37.306  INFO 7152 --- [    Test worker] o.s.t.c.transaction.TransactionContext   : Rolled back transaction for test: [DefaultTestContext@1f735e2f testClass = AutoOrderControllerMocksTest, testInstance = com.epam.ws.web.api.AutoOrderControllerMocksTest@6d0339c8, testMethod = testGetAutoOrders@AutoOrderControllerMocksTest, testException = [null], mergedContextConfiguration = [WebMergedContextConfiguration@6276d842 testClass = AutoOrderControllerMocksTest, locations = '{}', classes = '{class com.epam.Application, class com.epam.Application}', contextInitializerClasses = '[]', activeProfiles = '{}', propertySourceLocations = '{}', propertySourceProperties = '{org.springframework.boot.test.context.SpringBootTestContextBootstrapper=true}', contextCustomizers = set[org.springframework.boot.test.autoconfigure.properties.PropertyMappingContextCustomizer@0, org.springframework.boot.test.autoconfigure.web.servlet.WebDriverContextCustomizerFactory$Customizer@4ae7e621, org.springframework.boot.test.context.SpringBootTestContextCustomizer@261a7b0c, org.springframework.boot.test.context.filter.ExcludeFilterContextCustomizer@745196a5, org.springframework.boot.test.json.DuplicateJsonObjectContextCustomizerFactory$DuplicateJsonObjectContextCustomizer@529eaa02, org.springframework.boot.test.mock.mockito.MockitoContextCustomizer@0, org.springframework.test.context.web.socket.MockServerContainerContextCustomizer@12a01099], resourceBasePath = 'src/main/webapp', contextLoader = 'org.springframework.boot.test.context.SpringBootContextLoader', parent = [null]]]
]]></system-out>
  <system-err><![CDATA[Wed May 29 11:30:35 MSK 2019 WARN: Establishing SSL connection without server's identity verification is not recommended. According to MySQL 5.5.45+, 5.6.26+ and 5.7.6+ requirements SSL connection must be established by default if explicit option isn't set. For compliance with existing applications not using SSL the verifyServerCertificate property is set to 'false'. You need either to explicitly disable SSL by setting useSSL=false, or set useSSL=true and provide truststore for server certificate verification.
Wed May 29 11:30:35 MSK 2019 WARN: Establishing SSL connection without server's identity verification is not recommended. According to MySQL 5.5.45+, 5.6.26+ and 5.7.6+ requirements SSL connection must be established by default if explicit option isn't set. For compliance with existing applications not using SSL the verifyServerCertificate property is set to 'false'. You need either to explicitly disable SSL by setting useSSL=false, or set useSSL=true and provide truststore for server certificate verification.
Wed May 29 11:30:35 MSK 2019 WARN: Establishing SSL connection without server's identity verification is not recommended. According to MySQL 5.5.45+, 5.6.26+ and 5.7.6+ requirements SSL connection must be established by default if explicit option isn't set. For compliance with existing applications not using SSL the verifyServerCertificate property is set to 'false'. You need either to explicitly disable SSL by setting useSSL=false, or set useSSL=true and provide truststore for server certificate verification.
Wed May 29 11:30:35 MSK 2019 WARN: Establishing SSL connection without server's identity verification is not recommended. According to MySQL 5.5.45+, 5.6.26+ and 5.7.6+ requirements SSL connection must be established by default if explicit option isn't set. For compliance with existing applications not using SSL the verifyServerCertificate property is set to 'false'. You need either to explicitly disable SSL by setting useSSL=false, or set useSSL=true and provide truststore for server certificate verification.
Wed May 29 11:30:35 MSK 2019 WARN: Establishing SSL connection without server's identity verification is not recommended. According to MySQL 5.5.45+, 5.6.26+ and 5.7.6+ requirements SSL connection must be established by default if explicit option isn't set. For compliance with existing applications not using SSL the verifyServerCertificate property is set to 'false'. You need either to explicitly disable SSL by setting useSSL=false, or set useSSL=true and provide truststore for server certificate verification.
Wed May 29 11:30:35 MSK 2019 WARN: Establishing SSL connection without server's identity verification is not recommended. According to MySQL 5.5.45+, 5.6.26+ and 5.7.6+ requirements SSL connection must be established by default if explicit option isn't set. For compliance with existing applications not using SSL the verifyServerCertificate property is set to 'false'. You need either to explicitly disable SSL by setting useSSL=false, or set useSSL=true and provide truststore for server certificate verification.
Wed May 29 11:30:35 MSK 2019 WARN: Establishing SSL connection without server's identity verification is not recommended. According to MySQL 5.5.45+, 5.6.26+ and 5.7.6+ requirements SSL connection must be established by default if explicit option isn't set. For compliance with existing applications not using SSL the verifyServerCertificate property is set to 'false'. You need either to explicitly disable SSL by setting useSSL=false, or set useSSL=true and provide truststore for server certificate verification.
Wed May 29 11:30:35 MSK 2019 WARN: Establishing SSL connection without server's identity verification is not recommended. According to MySQL 5.5.45+, 5.6.26+ and 5.7.6+ requirements SSL connection must be established by default if explicit option isn't set. For compliance with existing applications not using SSL the verifyServerCertificate property is set to 'false'. You need either to explicitly disable SSL by setting useSSL=false, or set useSSL=true and provide truststore for server certificate verification.
Wed May 29 11:30:35 MSK 2019 WARN: Establishing SSL connection without server's identity verification is not recommended. According to MySQL 5.5.45+, 5.6.26+ and 5.7.6+ requirements SSL connection must be established by default if explicit option isn't set. For compliance with existing applications not using SSL the verifyServerCertificate property is set to 'false'. You need either to explicitly disable SSL by setting useSSL=false, or set useSSL=true and provide truststore for server certificate verification.
Wed May 29 11:30:35 MSK 2019 WARN: Establishing SSL connection without server's identity verification is not recommended. According to MySQL 5.5.45+, 5.6.26+ and 5.7.6+ requirements SSL connection must be established by default if explicit option isn't set. For compliance with existing applications not using SSL the verifyServerCertificate property is set to 'false'. You need either to explicitly disable SSL by setting useSSL=false, or set useSSL=true and provide truststore for server certificate verification.
]]></system-err>
</testsuite>
