<?xml version="1.0" encoding="UTF-8"?>
<testsuite name="com.epam.ws.web.api.AutoOrderControllerTest" tests="6" skipped="0" failures="0" errors="0" timestamp="2019-05-29T08:30:37" hostname="EPBYMINW6849" time="0.117">
  <properties/>
  <testcase name="testDeleteAutoOrder" classname="com.epam.ws.web.api.AutoOrderControllerTest" time="0.028"/>
  <testcase name="testGetAutoOrder" classname="com.epam.ws.web.api.AutoOrderControllerTest" time="0.013"/>
  <testcase name="testUpdateAutoOrder" classname="com.epam.ws.web.api.AutoOrderControllerTest" time="0.017"/>
  <testcase name="testCreateAutoOrder" classname="com.epam.ws.web.api.AutoOrderControllerTest" time="0.021"/>
  <testcase name="testGetAutoOrderNotFound" classname="com.epam.ws.web.api.AutoOrderControllerTest" time="0.012"/>
  <testcase name="testGetAutoOrders" classname="com.epam.ws.web.api.AutoOrderControllerTest" time="0.015"/>
  <system-out><![CDATA[2019-05-29 11:30:37.318  INFO 7152 --- [    Test worker] .b.t.c.SpringBootTestContextBootstrapper : Neither @ContextConfiguration nor @ContextHierarchy found for test class [com.epam.ws.web.api.AutoOrderControllerTest], using SpringBootContextLoader
2019-05-29 11:30:37.319  INFO 7152 --- [    Test worker] o.s.t.c.support.AbstractContextLoader    : Could not detect default resource locations for test class [com.epam.ws.web.api.AutoOrderControllerTest]: no resource found for suffixes {-context.xml, Context.groovy}.
2019-05-29 11:30:37.325  INFO 7152 --- [    Test worker] .b.t.c.SpringBootTestContextBootstrapper : Loaded default TestExecutionListener class names from location [META-INF/spring.factories]: [org.springframework.boot.test.autoconfigure.restdocs.RestDocsTestExecutionListener, org.springframework.boot.test.autoconfigure.web.client.MockRestServiceServerResetTestExecutionListener, org.springframework.boot.test.autoconfigure.web.servlet.MockMvcPrintOnlyOnFailureTestExecutionListener, org.springframework.boot.test.autoconfigure.web.servlet.WebDriverTestExecutionListener, org.springframework.boot.test.mock.mockito.MockitoTestExecutionListener, org.springframework.boot.test.mock.mockito.ResetMocksTestExecutionListener, org.springframework.test.context.web.ServletTestExecutionListener, org.springframework.test.context.support.DirtiesContextBeforeModesTestExecutionListener, org.springframework.test.context.support.DependencyInjectionTestExecutionListener, org.springframework.test.context.support.DirtiesContextTestExecutionListener, org.springframework.test.context.transaction.TransactionalTestExecutionListener, org.springframework.test.context.jdbc.SqlScriptsTestExecutionListener]
2019-05-29 11:30:37.327  INFO 7152 --- [    Test worker] .b.t.c.SpringBootTestContextBootstrapper : Using TestExecutionListeners: [org.springframework.test.context.web.ServletTestExecutionListener@4b09a4ab, org.springframework.test.context.support.DirtiesContextBeforeModesTestExecutionListener@4b6a3a9d, org.springframework.boot.test.mock.mockito.MockitoTestExecutionListener@60b7cb7c, org.springframework.boot.test.autoconfigure.SpringBootDependencyInjectionTestExecutionListener@4fd8baf2, org.springframework.test.context.support.DirtiesContextTestExecutionListener@49f2735e, org.springframework.test.context.transaction.TransactionalTestExecutionListener@5356062f, org.springframework.test.context.jdbc.SqlScriptsTestExecutionListener@d64db12, org.springframework.boot.test.autoconfigure.restdocs.RestDocsTestExecutionListener@761ff66, org.springframework.boot.test.autoconfigure.web.client.MockRestServiceServerResetTestExecutionListener@5d531457, org.springframework.boot.test.autoconfigure.web.servlet.MockMvcPrintOnlyOnFailureTestExecutionListener@3e5706ac, org.springframework.boot.test.autoconfigure.web.servlet.WebDriverTestExecutionListener@15c0f63f, org.springframework.boot.test.mock.mockito.ResetMocksTestExecutionListener@1d52a12e]
2019-05-29 11:30:37.364  INFO 7152 --- [    Test worker] o.s.t.c.transaction.TransactionContext   : Began transaction (1) for test context [DefaultTestContext@4db59ecc testClass = AutoOrderControllerTest, testInstance = com.epam.ws.web.api.AutoOrderControllerTest@288ad651, testMethod = testDeleteAutoOrder@AutoOrderControllerTest, testException = [null], mergedContextConfiguration = [WebMergedContextConfiguration@5866ff7f testClass = AutoOrderControllerTest, locations = '{}', classes = '{class com.epam.Application, class com.epam.Application}', contextInitializerClasses = '[]', activeProfiles = '{}', propertySourceLocations = '{}', propertySourceProperties = '{org.springframework.boot.test.context.SpringBootTestContextBootstrapper=true}', contextCustomizers = set[org.springframework.boot.test.autoconfigure.properties.PropertyMappingContextCustomizer@0, org.springframework.boot.test.autoconfigure.web.servlet.WebDriverContextCustomizerFactory$Customizer@4ae7e621, org.springframework.boot.test.context.SpringBootTestContextCustomizer@261a7b0c, org.springframework.boot.test.context.filter.ExcludeFilterContextCustomizer@745196a5, org.springframework.boot.test.json.DuplicateJsonObjectContextCustomizerFactory$DuplicateJsonObjectContextCustomizer@529eaa02, org.springframework.boot.test.mock.mockito.MockitoContextCustomizer@0, org.springframework.test.context.web.socket.MockServerContainerContextCustomizer@12a01099], resourceBasePath = 'src/main/webapp', contextLoader = 'org.springframework.boot.test.context.SpringBootContextLoader', parent = [null]]]; transaction manager [org.springframework.orm.jpa.JpaTransactionManager@1d51830f]; rollback [true]
2019-05-29 11:30:37.367  INFO 7152 --- [    Test worker] o.s.b.t.m.w.SpringBootMockServletContext : Initializing Spring FrameworkServlet ''
2019-05-29 11:30:37.368  INFO 7152 --- [    Test worker] o.s.t.web.servlet.TestDispatcherServlet  : FrameworkServlet '': initialization started
2019-05-29 11:30:37.380  INFO 7152 --- [    Test worker] o.s.t.web.servlet.TestDispatcherServlet  : FrameworkServlet '': initialization completed in 12 ms
2019-05-29 11:30:37.389  INFO 7152 --- [    Test worker] o.s.t.c.transaction.TransactionContext   : Rolled back transaction for test: [DefaultTestContext@4db59ecc testClass = AutoOrderControllerTest, testInstance = com.epam.ws.web.api.AutoOrderControllerTest@288ad651, testMethod = testDeleteAutoOrder@AutoOrderControllerTest, testException = [null], mergedContextConfiguration = [WebMergedContextConfiguration@5866ff7f testClass = AutoOrderControllerTest, locations = '{}', classes = '{class com.epam.Application, class com.epam.Application}', contextInitializerClasses = '[]', activeProfiles = '{}', propertySourceLocations = '{}', propertySourceProperties = '{org.springframework.boot.test.context.SpringBootTestContextBootstrapper=true}', contextCustomizers = set[org.springframework.boot.test.autoconfigure.properties.PropertyMappingContextCustomizer@0, org.springframework.boot.test.autoconfigure.web.servlet.WebDriverContextCustomizerFactory$Customizer@4ae7e621, org.springframework.boot.test.context.SpringBootTestContextCustomizer@261a7b0c, org.springframework.boot.test.context.filter.ExcludeFilterContextCustomizer@745196a5, org.springframework.boot.test.json.DuplicateJsonObjectContextCustomizerFactory$DuplicateJsonObjectContextCustomizer@529eaa02, org.springframework.boot.test.mock.mockito.MockitoContextCustomizer@0, org.springframework.test.context.web.socket.MockServerContainerContextCustomizer@12a01099], resourceBasePath = 'src/main/webapp', contextLoader = 'org.springframework.boot.test.context.SpringBootContextLoader', parent = [null]]]
2019-05-29 11:30:37.395  INFO 7152 --- [    Test worker] o.s.t.c.transaction.TransactionContext   : Began transaction (1) for test context [DefaultTestContext@4db59ecc testClass = AutoOrderControllerTest, testInstance = com.epam.ws.web.api.AutoOrderControllerTest@3824b27, testMethod = testGetAutoOrder@AutoOrderControllerTest, testException = [null], mergedContextConfiguration = [WebMergedContextConfiguration@5866ff7f testClass = AutoOrderControllerTest, locations = '{}', classes = '{class com.epam.Application, class com.epam.Application}', contextInitializerClasses = '[]', activeProfiles = '{}', propertySourceLocations = '{}', propertySourceProperties = '{org.springframework.boot.test.context.SpringBootTestContextBootstrapper=true}', contextCustomizers = set[org.springframework.boot.test.autoconfigure.properties.PropertyMappingContextCustomizer@0, org.springframework.boot.test.autoconfigure.web.servlet.WebDriverContextCustomizerFactory$Customizer@4ae7e621, org.springframework.boot.test.context.SpringBootTestContextCustomizer@261a7b0c, org.springframework.boot.test.context.filter.ExcludeFilterContextCustomizer@745196a5, org.springframework.boot.test.json.DuplicateJsonObjectContextCustomizerFactory$DuplicateJsonObjectContextCustomizer@529eaa02, org.springframework.boot.test.mock.mockito.MockitoContextCustomizer@0, org.springframework.test.context.web.socket.MockServerContainerContextCustomizer@12a01099], resourceBasePath = 'src/main/webapp', contextLoader = 'org.springframework.boot.test.context.SpringBootContextLoader', parent = [null]]]; transaction manager [org.springframework.orm.jpa.JpaTransactionManager@1d51830f]; rollback [true]
2019-05-29 11:30:37.396  INFO 7152 --- [    Test worker] o.s.b.t.m.w.SpringBootMockServletContext : Initializing Spring FrameworkServlet ''
2019-05-29 11:30:37.396  INFO 7152 --- [    Test worker] o.s.t.web.servlet.TestDispatcherServlet  : FrameworkServlet '': initialization started
2019-05-29 11:30:37.398  INFO 7152 --- [    Test worker] o.s.t.web.servlet.TestDispatcherServlet  : FrameworkServlet '': initialization completed in 2 ms
2019-05-29 11:30:37.405  INFO 7152 --- [    Test worker] o.s.t.c.transaction.TransactionContext   : Rolled back transaction for test: [DefaultTestContext@4db59ecc testClass = AutoOrderControllerTest, testInstance = com.epam.ws.web.api.AutoOrderControllerTest@3824b27, testMethod = testGetAutoOrder@AutoOrderControllerTest, testException = [null], mergedContextConfiguration = [WebMergedContextConfiguration@5866ff7f testClass = AutoOrderControllerTest, locations = '{}', classes = '{class com.epam.Application, class com.epam.Application}', contextInitializerClasses = '[]', activeProfiles = '{}', propertySourceLocations = '{}', propertySourceProperties = '{org.springframework.boot.test.context.SpringBootTestContextBootstrapper=true}', contextCustomizers = set[org.springframework.boot.test.autoconfigure.properties.PropertyMappingContextCustomizer@0, org.springframework.boot.test.autoconfigure.web.servlet.WebDriverContextCustomizerFactory$Customizer@4ae7e621, org.springframework.boot.test.context.SpringBootTestContextCustomizer@261a7b0c, org.springframework.boot.test.context.filter.ExcludeFilterContextCustomizer@745196a5, org.springframework.boot.test.json.DuplicateJsonObjectContextCustomizerFactory$DuplicateJsonObjectContextCustomizer@529eaa02, org.springframework.boot.test.mock.mockito.MockitoContextCustomizer@0, org.springframework.test.context.web.socket.MockServerContainerContextCustomizer@12a01099], resourceBasePath = 'src/main/webapp', contextLoader = 'org.springframework.boot.test.context.SpringBootContextLoader', parent = [null]]]
2019-05-29 11:30:37.410  INFO 7152 --- [    Test worker] o.s.t.c.transaction.TransactionContext   : Began transaction (1) for test context [DefaultTestContext@4db59ecc testClass = AutoOrderControllerTest, testInstance = com.epam.ws.web.api.AutoOrderControllerTest@5dc52ae6, testMethod = testUpdateAutoOrder@AutoOrderControllerTest, testException = [null], mergedContextConfiguration = [WebMergedContextConfiguration@5866ff7f testClass = AutoOrderControllerTest, locations = '{}', classes = '{class com.epam.Application, class com.epam.Application}', contextInitializerClasses = '[]', activeProfiles = '{}', propertySourceLocations = '{}', propertySourceProperties = '{org.springframework.boot.test.context.SpringBootTestContextBootstrapper=true}', contextCustomizers = set[org.springframework.boot.test.autoconfigure.properties.PropertyMappingContextCustomizer@0, org.springframework.boot.test.autoconfigure.web.servlet.WebDriverContextCustomizerFactory$Customizer@4ae7e621, org.springframework.boot.test.context.SpringBootTestContextCustomizer@261a7b0c, org.springframework.boot.test.context.filter.ExcludeFilterContextCustomizer@745196a5, org.springframework.boot.test.json.DuplicateJsonObjectContextCustomizerFactory$DuplicateJsonObjectContextCustomizer@529eaa02, org.springframework.boot.test.mock.mockito.MockitoContextCustomizer@0, org.springframework.test.context.web.socket.MockServerContainerContextCustomizer@12a01099], resourceBasePath = 'src/main/webapp', contextLoader = 'org.springframework.boot.test.context.SpringBootContextLoader', parent = [null]]]; transaction manager [org.springframework.orm.jpa.JpaTransactionManager@1d51830f]; rollback [true]
2019-05-29 11:30:37.411  INFO 7152 --- [    Test worker] o.s.b.t.m.w.SpringBootMockServletContext : Initializing Spring FrameworkServlet ''
2019-05-29 11:30:37.411  INFO 7152 --- [    Test worker] o.s.t.web.servlet.TestDispatcherServlet  : FrameworkServlet '': initialization started
2019-05-29 11:30:37.413  INFO 7152 --- [    Test worker] o.s.t.web.servlet.TestDispatcherServlet  : FrameworkServlet '': initialization completed in 2 ms
2019-05-29 11:30:37.422  INFO 7152 --- [    Test worker] o.s.t.c.transaction.TransactionContext   : Rolled back transaction for test: [DefaultTestContext@4db59ecc testClass = AutoOrderControllerTest, testInstance = com.epam.ws.web.api.AutoOrderControllerTest@5dc52ae6, testMethod = testUpdateAutoOrder@AutoOrderControllerTest, testException = [null], mergedContextConfiguration = [WebMergedContextConfiguration@5866ff7f testClass = AutoOrderControllerTest, locations = '{}', classes = '{class com.epam.Application, class com.epam.Application}', contextInitializerClasses = '[]', activeProfiles = '{}', propertySourceLocations = '{}', propertySourceProperties = '{org.springframework.boot.test.context.SpringBootTestContextBootstrapper=true}', contextCustomizers = set[org.springframework.boot.test.autoconfigure.properties.PropertyMappingContextCustomizer@0, org.springframework.boot.test.autoconfigure.web.servlet.WebDriverContextCustomizerFactory$Customizer@4ae7e621, org.springframework.boot.test.context.SpringBootTestContextCustomizer@261a7b0c, org.springframework.boot.test.context.filter.ExcludeFilterContextCustomizer@745196a5, org.springframework.boot.test.json.DuplicateJsonObjectContextCustomizerFactory$DuplicateJsonObjectContextCustomizer@529eaa02, org.springframework.boot.test.mock.mockito.MockitoContextCustomizer@0, org.springframework.test.context.web.socket.MockServerContainerContextCustomizer@12a01099], resourceBasePath = 'src/main/webapp', contextLoader = 'org.springframework.boot.test.context.SpringBootContextLoader', parent = [null]]]
2019-05-29 11:30:37.428  INFO 7152 --- [    Test worker] o.s.t.c.transaction.TransactionContext   : Began transaction (1) for test context [DefaultTestContext@4db59ecc testClass = AutoOrderControllerTest, testInstance = com.epam.ws.web.api.AutoOrderControllerTest@15f84239, testMethod = testCreateAutoOrder@AutoOrderControllerTest, testException = [null], mergedContextConfiguration = [WebMergedContextConfiguration@5866ff7f testClass = AutoOrderControllerTest, locations = '{}', classes = '{class com.epam.Application, class com.epam.Application}', contextInitializerClasses = '[]', activeProfiles = '{}', propertySourceLocations = '{}', propertySourceProperties = '{org.springframework.boot.test.context.SpringBootTestContextBootstrapper=true}', contextCustomizers = set[org.springframework.boot.test.autoconfigure.properties.PropertyMappingContextCustomizer@0, org.springframework.boot.test.autoconfigure.web.servlet.WebDriverContextCustomizerFactory$Customizer@4ae7e621, org.springframework.boot.test.context.SpringBootTestContextCustomizer@261a7b0c, org.springframework.boot.test.context.filter.ExcludeFilterContextCustomizer@745196a5, org.springframework.boot.test.json.DuplicateJsonObjectContextCustomizerFactory$DuplicateJsonObjectContextCustomizer@529eaa02, org.springframework.boot.test.mock.mockito.MockitoContextCustomizer@0, org.springframework.test.context.web.socket.MockServerContainerContextCustomizer@12a01099], resourceBasePath = 'src/main/webapp', contextLoader = 'org.springframework.boot.test.context.SpringBootContextLoader', parent = [null]]]; transaction manager [org.springframework.orm.jpa.JpaTransactionManager@1d51830f]; rollback [true]
2019-05-29 11:30:37.429  INFO 7152 --- [    Test worker] o.s.b.t.m.w.SpringBootMockServletContext : Initializing Spring FrameworkServlet ''
2019-05-29 11:30:37.429  INFO 7152 --- [    Test worker] o.s.t.web.servlet.TestDispatcherServlet  : FrameworkServlet '': initialization started
2019-05-29 11:30:37.431  INFO 7152 --- [    Test worker] o.s.t.web.servlet.TestDispatcherServlet  : FrameworkServlet '': initialization completed in 2 ms
2019-05-29 11:30:37.443  INFO 7152 --- [    Test worker] o.s.t.c.transaction.TransactionContext   : Rolled back transaction for test: [DefaultTestContext@4db59ecc testClass = AutoOrderControllerTest, testInstance = com.epam.ws.web.api.AutoOrderControllerTest@15f84239, testMethod = testCreateAutoOrder@AutoOrderControllerTest, testException = [null], mergedContextConfiguration = [WebMergedContextConfiguration@5866ff7f testClass = AutoOrderControllerTest, locations = '{}', classes = '{class com.epam.Application, class com.epam.Application}', contextInitializerClasses = '[]', activeProfiles = '{}', propertySourceLocations = '{}', propertySourceProperties = '{org.springframework.boot.test.context.SpringBootTestContextBootstrapper=true}', contextCustomizers = set[org.springframework.boot.test.autoconfigure.properties.PropertyMappingContextCustomizer@0, org.springframework.boot.test.autoconfigure.web.servlet.WebDriverContextCustomizerFactory$Customizer@4ae7e621, org.springframework.boot.test.context.SpringBootTestContextCustomizer@261a7b0c, org.springframework.boot.test.context.filter.ExcludeFilterContextCustomizer@745196a5, org.springframework.boot.test.json.DuplicateJsonObjectContextCustomizerFactory$DuplicateJsonObjectContextCustomizer@529eaa02, org.springframework.boot.test.mock.mockito.MockitoContextCustomizer@0, org.springframework.test.context.web.socket.MockServerContainerContextCustomizer@12a01099], resourceBasePath = 'src/main/webapp', contextLoader = 'org.springframework.boot.test.context.SpringBootContextLoader', parent = [null]]]
2019-05-29 11:30:37.451  INFO 7152 --- [    Test worker] o.s.t.c.transaction.TransactionContext   : Began transaction (1) for test context [DefaultTestContext@4db59ecc testClass = AutoOrderControllerTest, testInstance = com.epam.ws.web.api.AutoOrderControllerTest@1f93328b, testMethod = testGetAutoOrderNotFound@AutoOrderControllerTest, testException = [null], mergedContextConfiguration = [WebMergedContextConfiguration@5866ff7f testClass = AutoOrderControllerTest, locations = '{}', classes = '{class com.epam.Application, class com.epam.Application}', contextInitializerClasses = '[]', activeProfiles = '{}', propertySourceLocations = '{}', propertySourceProperties = '{org.springframework.boot.test.context.SpringBootTestContextBootstrapper=true}', contextCustomizers = set[org.springframework.boot.test.autoconfigure.properties.PropertyMappingContextCustomizer@0, org.springframework.boot.test.autoconfigure.web.servlet.WebDriverContextCustomizerFactory$Customizer@4ae7e621, org.springframework.boot.test.context.SpringBootTestContextCustomizer@261a7b0c, org.springframework.boot.test.context.filter.ExcludeFilterContextCustomizer@745196a5, org.springframework.boot.test.json.DuplicateJsonObjectContextCustomizerFactory$DuplicateJsonObjectContextCustomizer@529eaa02, org.springframework.boot.test.mock.mockito.MockitoContextCustomizer@0, org.springframework.test.context.web.socket.MockServerContainerContextCustomizer@12a01099], resourceBasePath = 'src/main/webapp', contextLoader = 'org.springframework.boot.test.context.SpringBootContextLoader', parent = [null]]]; transaction manager [org.springframework.orm.jpa.JpaTransactionManager@1d51830f]; rollback [true]
2019-05-29 11:30:37.452  INFO 7152 --- [    Test worker] o.s.b.t.m.w.SpringBootMockServletContext : Initializing Spring FrameworkServlet ''
2019-05-29 11:30:37.453  INFO 7152 --- [    Test worker] o.s.t.web.servlet.TestDispatcherServlet  : FrameworkServlet '': initialization started
2019-05-29 11:30:37.454  INFO 7152 --- [    Test worker] o.s.t.web.servlet.TestDispatcherServlet  : FrameworkServlet '': initialization completed in 1 ms
2019-05-29 11:30:37.460  INFO 7152 --- [    Test worker] o.s.t.c.transaction.TransactionContext   : Rolled back transaction for test: [DefaultTestContext@4db59ecc testClass = AutoOrderControllerTest, testInstance = com.epam.ws.web.api.AutoOrderControllerTest@1f93328b, testMethod = testGetAutoOrderNotFound@AutoOrderControllerTest, testException = [null], mergedContextConfiguration = [WebMergedContextConfiguration@5866ff7f testClass = AutoOrderControllerTest, locations = '{}', classes = '{class com.epam.Application, class com.epam.Application}', contextInitializerClasses = '[]', activeProfiles = '{}', propertySourceLocations = '{}', propertySourceProperties = '{org.springframework.boot.test.context.SpringBootTestContextBootstrapper=true}', contextCustomizers = set[org.springframework.boot.test.autoconfigure.properties.PropertyMappingContextCustomizer@0, org.springframework.boot.test.autoconfigure.web.servlet.WebDriverContextCustomizerFactory$Customizer@4ae7e621, org.springframework.boot.test.context.SpringBootTestContextCustomizer@261a7b0c, org.springframework.boot.test.context.filter.ExcludeFilterContextCustomizer@745196a5, org.springframework.boot.test.json.DuplicateJsonObjectContextCustomizerFactory$DuplicateJsonObjectContextCustomizer@529eaa02, org.springframework.boot.test.mock.mockito.MockitoContextCustomizer@0, org.springframework.test.context.web.socket.MockServerContainerContextCustomizer@12a01099], resourceBasePath = 'src/main/webapp', contextLoader = 'org.springframework.boot.test.context.SpringBootContextLoader', parent = [null]]]
2019-05-29 11:30:37.466  INFO 7152 --- [    Test worker] o.s.t.c.transaction.TransactionContext   : Began transaction (1) for test context [DefaultTestContext@4db59ecc testClass = AutoOrderControllerTest, testInstance = com.epam.ws.web.api.AutoOrderControllerTest@6cb7ec92, testMethod = testGetAutoOrders@AutoOrderControllerTest, testException = [null], mergedContextConfiguration = [WebMergedContextConfiguration@5866ff7f testClass = AutoOrderControllerTest, locations = '{}', classes = '{class com.epam.Application, class com.epam.Application}', contextInitializerClasses = '[]', activeProfiles = '{}', propertySourceLocations = '{}', propertySourceProperties = '{org.springframework.boot.test.context.SpringBootTestContextBootstrapper=true}', contextCustomizers = set[org.springframework.boot.test.autoconfigure.properties.PropertyMappingContextCustomizer@0, org.springframework.boot.test.autoconfigure.web.servlet.WebDriverContextCustomizerFactory$Customizer@4ae7e621, org.springframework.boot.test.context.SpringBootTestContextCustomizer@261a7b0c, org.springframework.boot.test.context.filter.ExcludeFilterContextCustomizer@745196a5, org.springframework.boot.test.json.DuplicateJsonObjectContextCustomizerFactory$DuplicateJsonObjectContextCustomizer@529eaa02, org.springframework.boot.test.mock.mockito.MockitoContextCustomizer@0, org.springframework.test.context.web.socket.MockServerContainerContextCustomizer@12a01099], resourceBasePath = 'src/main/webapp', contextLoader = 'org.springframework.boot.test.context.SpringBootContextLoader', parent = [null]]]; transaction manager [org.springframework.orm.jpa.JpaTransactionManager@1d51830f]; rollback [true]
2019-05-29 11:30:37.467  INFO 7152 --- [    Test worker] o.s.b.t.m.w.SpringBootMockServletContext : Initializing Spring FrameworkServlet ''
2019-05-29 11:30:37.467  INFO 7152 --- [    Test worker] o.s.t.web.servlet.TestDispatcherServlet  : FrameworkServlet '': initialization started
2019-05-29 11:30:37.469  INFO 7152 --- [    Test worker] o.s.t.web.servlet.TestDispatcherServlet  : FrameworkServlet '': initialization completed in 2 ms
2019-05-29 11:30:37.471  INFO 7152 --- [    Test worker] o.h.h.i.QueryTranslatorFactoryInitiator  : HHH000397: Using ASTQueryTranslatorFactory
2019-05-29 11:30:37.477  INFO 7152 --- [    Test worker] o.s.t.c.transaction.TransactionContext   : Rolled back transaction for test: [DefaultTestContext@4db59ecc testClass = AutoOrderControllerTest, testInstance = com.epam.ws.web.api.AutoOrderControllerTest@6cb7ec92, testMethod = testGetAutoOrders@AutoOrderControllerTest, testException = [null], mergedContextConfiguration = [WebMergedContextConfiguration@5866ff7f testClass = AutoOrderControllerTest, locations = '{}', classes = '{class com.epam.Application, class com.epam.Application}', contextInitializerClasses = '[]', activeProfiles = '{}', propertySourceLocations = '{}', propertySourceProperties = '{org.springframework.boot.test.context.SpringBootTestContextBootstrapper=true}', contextCustomizers = set[org.springframework.boot.test.autoconfigure.properties.PropertyMappingContextCustomizer@0, org.springframework.boot.test.autoconfigure.web.servlet.WebDriverContextCustomizerFactory$Customizer@4ae7e621, org.springframework.boot.test.context.SpringBootTestContextCustomizer@261a7b0c, org.springframework.boot.test.context.filter.ExcludeFilterContextCustomizer@745196a5, org.springframework.boot.test.json.DuplicateJsonObjectContextCustomizerFactory$DuplicateJsonObjectContextCustomizer@529eaa02, org.springframework.boot.test.mock.mockito.MockitoContextCustomizer@0, org.springframework.test.context.web.socket.MockServerContainerContextCustomizer@12a01099], resourceBasePath = 'src/main/webapp', contextLoader = 'org.springframework.boot.test.context.SpringBootContextLoader', parent = [null]]]
]]></system-out>
  <system-err><![CDATA[]]></system-err>
</testsuite>
