<?xml version="1.0" encoding="UTF-8"?>
<testsuite name="com.epam.ws.service.AutoOrderServiceTest" tests="6" skipped="0" failures="0" errors="0" timestamp="2019-07-04T08:49:04" hostname="EPBYMINW0614" time="1.15">
  <properties/>
  <testcase name="testFindOneNotFound" classname="com.epam.ws.service.AutoOrderServiceTest" time="0.634"/>
  <testcase name="testFindAll" classname="com.epam.ws.service.AutoOrderServiceTest" time="0.403"/>
  <testcase name="testFindOne" classname="com.epam.ws.service.AutoOrderServiceTest" time="0.013"/>
  <testcase name="testCreate" classname="com.epam.ws.service.AutoOrderServiceTest" time="0.049"/>
  <testcase name="testDelete" classname="com.epam.ws.service.AutoOrderServiceTest" time="0.018"/>
  <testcase name="testUpdate" classname="com.epam.ws.service.AutoOrderServiceTest" time="0.019"/>
  <system-out><![CDATA[11:48:55.327 [Test worker] DEBUG org.springframework.test.context.junit4.SpringJUnit4ClassRunner - SpringJUnit4ClassRunner constructor called with [class com.epam.ws.service.AutoOrderServiceTest]
11:48:55.338 [Test worker] DEBUG org.springframework.test.context.BootstrapUtils - Instantiating CacheAwareContextLoaderDelegate from class [org.springframework.test.context.cache.DefaultCacheAwareContextLoaderDelegate]
11:48:55.359 [Test worker] DEBUG org.springframework.test.context.BootstrapUtils - Instantiating BootstrapContext using constructor [public org.springframework.test.context.support.DefaultBootstrapContext(java.lang.Class,org.springframework.test.context.CacheAwareContextLoaderDelegate)]
11:48:55.400 [Test worker] DEBUG org.springframework.test.context.BootstrapUtils - Instantiating TestContextBootstrapper for test class [com.epam.ws.service.AutoOrderServiceTest] from class [org.springframework.boot.test.context.SpringBootTestContextBootstrapper]
11:48:55.433 [Test worker] INFO org.springframework.boot.test.context.SpringBootTestContextBootstrapper - Neither @ContextConfiguration nor @ContextHierarchy found for test class [com.epam.ws.service.AutoOrderServiceTest], using SpringBootContextLoader
11:48:55.440 [Test worker] DEBUG org.springframework.test.context.support.AbstractContextLoader - Did not detect default resource location for test class [com.epam.ws.service.AutoOrderServiceTest]: class path resource [com/epam/ws/service/AutoOrderServiceTest-context.xml] does not exist
11:48:55.440 [Test worker] DEBUG org.springframework.test.context.support.AbstractContextLoader - Did not detect default resource location for test class [com.epam.ws.service.AutoOrderServiceTest]: class path resource [com/epam/ws/service/AutoOrderServiceTestContext.groovy] does not exist
11:48:55.441 [Test worker] INFO org.springframework.test.context.support.AbstractContextLoader - Could not detect default resource locations for test class [com.epam.ws.service.AutoOrderServiceTest]: no resource found for suffixes {-context.xml, Context.groovy}.
11:48:55.512 [Test worker] DEBUG org.springframework.test.context.support.ActiveProfilesUtils - Could not find an 'annotation declaring class' for annotation type [org.springframework.test.context.ActiveProfiles] and class [com.epam.ws.service.AutoOrderServiceTest]
11:48:55.571 [Test worker] DEBUG org.springframework.boot.test.context.SpringBootTestContextBootstrapper - @TestExecutionListeners is not present for class [com.epam.ws.service.AutoOrderServiceTest]: using defaults.
11:48:55.574 [Test worker] INFO org.springframework.boot.test.context.SpringBootTestContextBootstrapper - Loaded default TestExecutionListener class names from location [META-INF/spring.factories]: [org.springframework.boot.test.autoconfigure.restdocs.RestDocsTestExecutionListener, org.springframework.boot.test.autoconfigure.web.client.MockRestServiceServerResetTestExecutionListener, org.springframework.boot.test.autoconfigure.web.servlet.MockMvcPrintOnlyOnFailureTestExecutionListener, org.springframework.boot.test.autoconfigure.web.servlet.WebDriverTestExecutionListener, org.springframework.boot.test.mock.mockito.MockitoTestExecutionListener, org.springframework.boot.test.mock.mockito.ResetMocksTestExecutionListener, org.springframework.test.context.web.ServletTestExecutionListener, org.springframework.test.context.support.DirtiesContextBeforeModesTestExecutionListener, org.springframework.test.context.support.DependencyInjectionTestExecutionListener, org.springframework.test.context.support.DirtiesContextTestExecutionListener, org.springframework.test.context.transaction.TransactionalTestExecutionListener, org.springframework.test.context.jdbc.SqlScriptsTestExecutionListener]
11:48:55.613 [Test worker] INFO org.springframework.boot.test.context.SpringBootTestContextBootstrapper - Using TestExecutionListeners: [org.springframework.test.context.web.ServletTestExecutionListener@41833c73, org.springframework.test.context.support.DirtiesContextBeforeModesTestExecutionListener@2913f97c, org.springframework.boot.test.mock.mockito.MockitoTestExecutionListener@9f59579, org.springframework.boot.test.autoconfigure.SpringBootDependencyInjectionTestExecutionListener@4deea905, org.springframework.test.context.support.DirtiesContextTestExecutionListener@15d6746f, org.springframework.test.context.transaction.TransactionalTestExecutionListener@23b8a7b0, org.springframework.test.context.jdbc.SqlScriptsTestExecutionListener@643a0e3, org.springframework.boot.test.autoconfigure.restdocs.RestDocsTestExecutionListener@3e5d97af, org.springframework.boot.test.autoconfigure.web.client.MockRestServiceServerResetTestExecutionListener@180ee907, org.springframework.boot.test.autoconfigure.web.servlet.MockMvcPrintOnlyOnFailureTestExecutionListener@7e6d4891, org.springframework.boot.test.autoconfigure.web.servlet.WebDriverTestExecutionListener@65b2ab07, org.springframework.boot.test.mock.mockito.ResetMocksTestExecutionListener@3780a8f1]
11:48:56.303 [Test worker] DEBUG org.springframework.test.annotation.ProfileValueUtils - Retrieved @ProfileValueSourceConfiguration [null] for test class [com.epam.ws.service.AutoOrderServiceTest]
11:48:56.304 [Test worker] DEBUG org.springframework.test.annotation.ProfileValueUtils - Retrieved ProfileValueSource type [class org.springframework.test.annotation.SystemProfileValueSource] for class [com.epam.ws.service.AutoOrderServiceTest]
11:48:56.305 [Test worker] DEBUG org.springframework.test.annotation.ProfileValueUtils - Retrieved @ProfileValueSourceConfiguration [null] for test class [com.epam.ws.service.AutoOrderServiceTest]
11:48:56.305 [Test worker] DEBUG org.springframework.test.annotation.ProfileValueUtils - Retrieved ProfileValueSource type [class org.springframework.test.annotation.SystemProfileValueSource] for class [com.epam.ws.service.AutoOrderServiceTest]
11:48:56.312 [Test worker] DEBUG org.springframework.test.context.support.AbstractDirtiesContextTestExecutionListener - Before test class: context [DefaultTestContext@7ac62534 testClass = AutoOrderServiceTest, testInstance = [null], testMethod = [null], testException = [null], mergedContextConfiguration = [WebMergedContextConfiguration@7ea7c14d testClass = AutoOrderServiceTest, locations = '{}', classes = '{class com.epam.Application, class com.epam.Application}', contextInitializerClasses = '[]', activeProfiles = '{}', propertySourceLocations = '{}', propertySourceProperties = '{org.springframework.boot.test.context.SpringBootTestContextBootstrapper=true}', contextCustomizers = set[org.springframework.boot.test.autoconfigure.properties.PropertyMappingContextCustomizer@0, org.springframework.boot.test.autoconfigure.web.servlet.WebDriverContextCustomizerFactory$Customizer@554a7fb7, org.springframework.boot.test.context.SpringBootTestContextCustomizer@b6fd269, org.springframework.boot.test.context.filter.ExcludeFilterContextCustomizer@39deca11, org.springframework.boot.test.json.DuplicateJsonObjectContextCustomizerFactory$DuplicateJsonObjectContextCustomizer@30b0e23b, org.springframework.boot.test.mock.mockito.MockitoContextCustomizer@0], resourceBasePath = 'src/main/webapp', contextLoader = 'org.springframework.boot.test.context.SpringBootContextLoader', parent = [null]]], class annotated with @DirtiesContext [false] with mode [null].
11:48:56.312 [Test worker] DEBUG org.springframework.test.annotation.ProfileValueUtils - Retrieved @ProfileValueSourceConfiguration [null] for test class [com.epam.ws.service.AutoOrderServiceTest]
11:48:56.313 [Test worker] DEBUG org.springframework.test.annotation.ProfileValueUtils - Retrieved ProfileValueSource type [class org.springframework.test.annotation.SystemProfileValueSource] for class [com.epam.ws.service.AutoOrderServiceTest]
11:48:56.464 [Test worker] DEBUG org.springframework.core.env.StandardEnvironment - Adding PropertySource 'systemProperties' with lowest search precedence
11:48:56.466 [Test worker] DEBUG org.springframework.core.env.StandardEnvironment - Adding PropertySource 'systemEnvironment' with lowest search precedence
11:48:56.466 [Test worker] DEBUG org.springframework.core.env.StandardEnvironment - Initialized StandardEnvironment with PropertySources [MapPropertySource@1983155604 {name='systemProperties', properties={java.runtime.name=Java(TM) SE Runtime Environment, sun.boot.library.path=C:\Program Files\Java\jdk1.8.0_211\jre\bin, java.vm.version=25.211-b12, java.vm.vendor=Oracle Corporation, java.vendor.url=http://java.oracle.com/, path.separator=;, java.vm.name=Java HotSpot(TM) 64-Bit Server VM, file.encoding.pkg=sun.io, user.script=, sun.java.launcher=SUN_STANDARD, user.country=US, sun.os.patch.level=, java.vm.specification.name=Java Virtual Machine Specification, user.dir=D:\projects\autoservice-for-tests\autoservice-ws-autoorder, java.runtime.version=1.8.0_211-b12, java.awt.graphicsenv=sun.awt.Win32GraphicsEnvironment, java.endorsed.dirs=C:\Program Files\Java\jdk1.8.0_211\jre\lib\endorsed, os.arch=amd64, java.io.tmpdir=C:\Users\DZMITR~1\AppData\Local\Temp\, line.separator=
, java.vm.specification.vendor=Oracle Corporation, user.variant=, os.name=Windows 10, allure.results.directory=D:\projects\autoservice-for-tests\autoservice-ws-autoorder\build\allure-results, sun.jnu.encoding=Cp1251, java.library.path=C:\Program Files\Java\jdk1.8.0_211\bin;C:\WINDOWS\Sun\Java\bin;C:\WINDOWS\system32;C:\WINDOWS;C:\ProgramData\DockerDesktop\version-bin;C:\Program Files\Docker\Docker\Resources\bin;C:\WINDOWS\system32;C:\WINDOWS;C:\WINDOWS\System32\Wbem;C:\WINDOWS\System32\WindowsPowerShell\v1.0\;C:\WINDOWS\System32\OpenSSH\;C:\Program Files\TortoiseSVN\bin;C:\Program Files\Git\cmd;C:\Program Files\Java\jdk1.8.0_211;c:\Program Files\MongoDB\Server\4.0\bin;C:\Program Files (x86)\Yarn\bin\;C:\Program Files\nodejs\;C:\Program Files\Java\jdk-12.0.1\bin;c:\Tomcat\apache-tomcat-8.5.42\bin;C:\Program Files\PuTTY\;C:\Program Files (x86)\Windows Kits\10\Windows Performance Toolkit\;C:\Users\Dzmitry_Parkheichuk\scoop\apps\yarn\current\Yarn\bin;C:\Users\Dzmitry_Parkheichuk\scoop\apps\yarn\current\global\node_modules\.bin;C:\Users\Dzmitry_Parkheichuk\scoop\shims;C:\Users\Dzmitry_Parkheichuk\AppData\Local\Programs\Python\Python37\Scripts\;C:\Users\Dzmitry_Parkheichuk\AppData\Local\Programs\Python\Python37\;C:\Users\Dzmitry_Parkheichuk\AppData\Local\Microsoft\WindowsApps;C:\Users\Dzmitry_Parkheichuk\AppData\Local\Programs\Fiddler;C:\Users\Dzmitry_Parkheichuk\AppData\Local\Yarn\bin;C:\Users\Dzmitry_Parkheichuk\AppData\Roaming\npm;C:\Users\Dzmitry_Parkheichuk\AppData\Local\GitHubDesktop\bin;C:\Program Files\Java\jdk1.8.0_211\bin;c:\Users\Dzmitry_Parkheichuk\AppData\Local\Android\Sdk\;c:\Users\Dzmitry_Parkheichuk\AppData\Local\Android\Sdk\\platform-tools\;c:\Users\Dzmitry_Parkheichuk\AppData\Local\Android\Sdk\\tools\bin;c:\Users\Dzmitry_Parkheichuk\AppData\Local\Android\Sdk\\tools;c:\Users\Dzmitry_Parkheichuk\scoop\apps\allure\current\\bin;c:\Users\Dzmitry_Parkheichuk\scoop\apps\allure\current\\lib;C:\Program Files\Apache\Derby\bin;C:\Program Files\Apache\Derby\lib;c:\Program Files\PostgreSQL\9.3\\bin;c:\Gradle\\bin;C:\Program Files\Apache\Maven\bin;C:\Selenium\drivers;c:\Program Files\MongoDB\Server\4.0\\bin;c:\Users\Dzmitry_Parkheichuk\Apktool\;c:\Program Files\Appium\;;., java.specification.name=Java Platform API Specification, java.class.version=52.0, org.gradle.native=false, sun.management.compiler=HotSpot 64-Bit Tiered Compilers, os.version=10.0, user.home=C:\Users\Dzmitry_Parkheichuk, user.timezone=Europe/Minsk, java.awt.printerjob=sun.awt.windows.WPrinterJob, file.encoding=windows-1251, java.specification.version=1.8, java.class.path=D:\projects\autoservice-for-tests\autoservice-ws-autoorder\build\classes\java\test;D:\projects\autoservice-for-tests\autoservice-ws-autoorder\build\resources\test;D:\projects\autoservice-for-tests\autoservice-ws-autoorder\build\classes\java\main;D:\projects\autoservice-for-tests\autoservice-ws-autoorder\build\resources\main;C:\Users\Dzmitry_Parkheichuk\.gradle\caches\modules-2\files-2.1\com.google.code.gson\gson\2.8.5\f645ed69d595b24d4cf8b3fbb64cc505bede8829\gson-2.8.5.jar;C:\Users\Dzmitry_Parkheichuk\.gradle\caches\modules-2\files-2.1\log4j\log4j\1.2.17\5af35056b4d257e4b64b9e8069c0746e8b08629f\log4j-1.2.17.jar;C:\Users\Dzmitry_Parkheichuk\.gradle\caches\modules-2\files-2.1\com.epam.reportportal\logger-java-log4j\4.0.1\c597b0c316c343219945b8cf64b4db3d74abc578\logger-java-log4j-4.0.1.jar;C:\Users\Dzmitry_Parkheichuk\.gradle\caches\modules-2\files-2.1\com.epam.reportportal\agent-java-junit\4.1.0\d39ccf6e83896b6d4fb861c8460ba4ca15a7fb19\agent-java-junit-4.1.0.jar;C:\Users\Dzmitry_Parkheichuk\.gradle\caches\modules-2\files-2.1\org.springframework.boot\spring-boot-starter-web\1.5.18.RELEASE\ac69c498381c10bb5add3c19b517f25c51341886\spring-boot-starter-web-1.5.18.RELEASE.jar;C:\Users\Dzmitry_Parkheichuk\.gradle\caches\modules-2\files-2.1\org.springframework.boot\spring-boot-starter-data-jpa\1.5.18.RELEASE\e36bc851981a58fb60d24a9c7bd890b1172e40ca\spring-boot-starter-data-jpa-1.5.18.RELEASE.jar;C:\Users\Dzmitry_Parkheichuk\.gradle\caches\modules-2\files-2.1\com.google.inject\guice\4.1.0\eeb69005da379a10071aa4948c48d89250febb07\guice-4.1.0.jar;C:\Users\Dzmitry_Parkheichuk\.gradle\caches\modules-2\files-2.1\io.qameta.allure\allure-junit4-aspect\2.0-BETA21\2698e220b7a75077db55bb8186f01565b863f30d\allure-junit4-aspect-2.0-BETA21.jar;C:\Users\Dzmitry_Parkheichuk\.gradle\caches\modules-2\files-2.1\io.qameta.allure\allure-junit4\2.0-BETA21\d15dd6dc3bcdbd5648f523679169159d85df0655\allure-junit4-2.0-BETA21.jar;C:\Users\Dzmitry_Parkheichuk\.gradle\caches\modules-2\files-2.1\io.qameta.allure\allure-java-commons\2.0-BETA21\be4cdeb2fd93071b01df1ec47fc3fafd692799e4\allure-java-commons-2.0-BETA21.jar;C:\Users\Dzmitry_Parkheichuk\.gradle\caches\modules-2\files-2.1\com.google.guava\guava\23.0\c947004bb13d18182be60077ade044099e4f26f1\guava-23.0.jar;C:\Users\Dzmitry_Parkheichuk\.gradle\caches\modules-2\files-2.1\mysql\mysql-connector-java\5.1.47\9de4159aaf2d08817a276610b8114a825fca6cfd\mysql-connector-java-5.1.47.jar;C:\Users\Dzmitry_Parkheichuk\.gradle\caches\modules-2\files-2.1\ru.yandex.qatools.allure\allure-junit-adaptor\1.5.4\b36808abca3af26f8da5e5d264617590eb0ce696\allure-junit-adaptor-1.5.4.jar;C:\Users\Dzmitry_Parkheichuk\.gradle\caches\modules-2\files-2.1\org.springframework.boot\spring-boot-starter-test\1.5.18.RELEASE\eed16f4264c534a87f571f55d3e2e889ab3a74a4\spring-boot-starter-test-1.5.18.RELEASE.jar;C:\Users\Dzmitry_Parkheichuk\.gradle\caches\modules-2\files-2.1\com.nordstrom.tools\junit-foundation\9.0.3\18d3efa3f18b491e0ae18ac71072b083c57e4f08\junit-foundation-9.0.3.jar;C:\Users\Dzmitry_Parkheichuk\.gradle\caches\modules-2\files-2.1\junit\junit\4.12\2973d150c0dc1fefe998f834810d68f278ea58ec\junit-4.12.jar;C:\Users\Dzmitry_Parkheichuk\.gradle\caches\modules-2\files-2.1\org.assertj\assertj-core\3.12.2\3c9724faa6090ab78a61d4e54011df72de2361c4\assertj-core-3.12.2.jar;C:\Users\Dzmitry_Parkheichuk\.gradle\caches\modules-2\files-2.1\org.mockito\mockito-all\1.10.19\539df70269cc254a58cccc5d8e43286b4a73bf30\mockito-all-1.10.19.jar;C:\Users\Dzmitry_Parkheichuk\.gradle\caches\modules-2\files-2.1\com.tngtech.java\junit-dataprovider\1.13.1\ee6202532215b19fafa0120c9d9152117474c55e\junit-dataprovider-1.13.1.jar;C:\Users\Dzmitry_Parkheichuk\.gradle\caches\modules-2\files-2.1\com.epam.reportportal\client-java\4.0.9\7291c8d6456444798a8cec18083bd8d4cb84ad0a\client-java-4.0.9.jar;C:\Users\Dzmitry_Parkheichuk\.gradle\caches\modules-2\files-2.1\com.epam.reportportal\commons-model\4.2.0\c6ba0376c933b2a9c8793298786fd38cba6ec0d0\commons-model-4.2.0.jar;C:\Users\Dzmitry_Parkheichuk\.gradle\caches\modules-2\files-2.1\org.springframework.boot\spring-boot-starter-aop\1.5.18.RELEASE\40777b0ebeccaf8afaa7d63b1fab2b6b15622e94\spring-boot-starter-aop-1.5.18.RELEASE.jar;C:\Users\Dzmitry_Parkheichuk\.gradle\caches\modules-2\files-2.1\org.springframework.boot\spring-boot-starter-jdbc\1.5.18.RELEASE\1c5b51be934704efa1260b4cf27dd6ad5df7205\spring-boot-starter-jdbc-1.5.18.RELEASE.jar;C:\Users\Dzmitry_Parkheichuk\.gradle\caches\modules-2\files-2.1\org.springframework.boot\spring-boot-starter\1.5.18.RELEASE\f7676e6488e22fcf6c0119120d7364e14fa11dca\spring-boot-starter-1.5.18.RELEASE.jar;C:\Users\Dzmitry_Parkheichuk\.gradle\caches\modules-2\files-2.1\org.springframework.boot\spring-boot-starter-tomcat\1.5.18.RELEASE\a9698317aa43178ae5f09ae015a828f9919a878c\spring-boot-starter-tomcat-1.5.18.RELEASE.jar;C:\Users\Dzmitry_Parkheichuk\.gradle\caches\modules-2\files-2.1\org.hibernate\hibernate-validator\5.3.6.Final\4c730be8bf55a8e9a61e79a2f2c079abf48b718\hibernate-validator-5.3.6.Final.jar;C:\Users\Dzmitry_Parkheichuk\.gradle\caches\modules-2\files-2.1\io.qameta.allure\allure2-model-api\1.0-BETA6\6f5af1613004e32f8582669f299fabe9cae2ed53\allure2-model-api-1.0-BETA6.jar;C:\Users\Dzmitry_Parkheichuk\.gradle\caches\modules-2\files-2.1\io.qameta.allure\allure2-model-jackson\1.0-BETA6\c313a7059f078c95bb350b75e75fc108fbacc8ee\allure2-model-jackson-1.0-BETA6.jar;C:\Users\Dzmitry_Parkheichuk\.gradle\caches\modules-2\files-2.1\com.fasterxml.jackson.module\jackson-module-jaxb-annotations\2.8.11\7b52a95f0fed65cb8526d6aa2be090502226c449\jackson-module-jaxb-annotations-2.8.11.jar;C:\Users\Dzmitry_Parkheichuk\.gradle\caches\modules-2\files-2.1\com.fasterxml.jackson.core\jackson-databind\2.8.11.3\844df5aba5a1a56e00905b165b12bb34116ee858\jackson-databind-2.8.11.3.jar;C:\Users\Dzmitry_Parkheichuk\.gradle\caches\modules-2\files-2.1\org.springframework\spring-webmvc\4.3.21.RELEASE\697b5d133fc9293a25caec960fd19c7bd518f56a\spring-webmvc-4.3.21.RELEASE.jar;C:\Users\Dzmitry_Parkheichuk\.gradle\caches\modules-2\files-2.1\org.springframework\spring-web\4.3.21.RELEASE\64e4d7c10ce844ea093bee12f0bc9afc563ffa33\spring-web-4.3.21.RELEASE.jar;C:\Users\Dzmitry_Parkheichuk\.gradle\caches\modules-2\files-2.1\org.hibernate\hibernate-entitymanager\5.0.12.Final\302a526f5058290e9cbd719a5caf9f248d344719\hibernate-entitymanager-5.0.12.Final.jar;C:\Users\Dzmitry_Parkheichuk\.gradle\caches\modules-2\files-2.1\org.hibernate\hibernate-core\5.0.12.Final\e58bf1c660e6706d8e2cbb53bae110f574366102\hibernate-core-5.0.12.Final.jar;C:\Users\Dzmitry_Parkheichuk\.gradle\caches\modules-2\files-2.1\javax.transaction\javax.transaction-api\1.2\d81aff979d603edd90dcd8db2abc1f4ce6479e3e\javax.transaction-api-1.2.jar;C:\Users\Dzmitry_Parkheichuk\.gradle\caches\modules-2\files-2.1\org.springframework.data\spring-data-jpa\1.11.17.RELEASE\2b14bc15a9cd4586b1140f40fb75ccb7ee35b082\spring-data-jpa-1.11.17.RELEASE.jar;C:\Users\Dzmitry_Parkheichuk\.gradle\caches\modules-2\files-2.1\org.springframework\spring-aspects\4.3.21.RELEASE\66207caba507580ee1fef4f8855001074389e62f\spring-aspects-4.3.21.RELEASE.jar;C:\Users\Dzmitry_Parkheichuk\.gradle\caches\modules-2\files-2.1\com.google.code.findbugs\jsr305\1.3.9\40719ea6961c0cb6afaeb6a921eaa1f6afd4cfdf\jsr305-1.3.9.jar;C:\Users\Dzmitry_Parkheichuk\.gradle\caches\modules-2\files-2.1\com.google.errorprone\error_prone_annotations\2.0.18\5f65affce1684999e2f4024983835efc3504012e\error_prone_annotations-2.0.18.jar;C:\Users\Dzmitry_Parkheichuk\.gradle\caches\modules-2\files-2.1\com.google.j2objc\j2objc-annotations\1.1\ed28ded51a8b1c6b112568def5f4b455e6809019\j2objc-annotations-1.1.jar;C:\Users\Dzmitry_Parkheichuk\.gradle\caches\modules-2\files-2.1\org.codehaus.mojo\animal-sniffer-annotations\1.14\775b7e22fb10026eed3f86e8dc556dfafe35f2d5\animal-sniffer-annotations-1.14.jar;C:\Users\Dzmitry_Parkheichuk\.gradle\caches\modules-2\files-2.1\org.mockito\mockito-core\1.10.19\e8546f5bef4e061d8dd73895b4e8f40e3fe6effe\mockito-core-1.10.19.jar;C:\Users\Dzmitry_Parkheichuk\.gradle\caches\modules-2\files-2.1\org.hamcrest\hamcrest-library\1.3\4785a3c21320980282f9f33d0d1264a69040538f\hamcrest-library-1.3.jar;C:\Users\Dzmitry_Parkheichuk\.gradle\caches\modules-2\files-2.1\org.hamcrest\hamcrest-core\1.3\42a25dc3219429f0e5d060061f71acb49bf010a0\hamcrest-core-1.3.jar;C:\Users\Dzmitry_Parkheichuk\.gradle\caches\modules-2\files-2.1\ru.yandex.qatools.allure\allure-java-aspects\1.5.4\5dae3549af46d4e4919d04b9a22baf3e0bbb71e6\allure-java-aspects-1.5.4.jar;C:\Users\Dzmitry_Parkheichuk\.gradle\caches\modules-2\files-2.1\org.springframework.boot\spring-boot-test-autoconfigure\1.5.18.RELEASE\78b83e0f7eb016251c8a7e4b5547b4cbed151fbd\spring-boot-test-autoconfigure-1.5.18.RELEASE.jar;C:\Users\Dzmitry_Parkheichuk\.gradle\caches\modules-2\files-2.1\org.springframework.boot\spring-boot-test\1.5.18.RELEASE\8ba0c21e70ee0f481eed17a28380fa0caf74f1d0\spring-boot-test-1.5.18.RELEASE.jar;C:\Users\Dzmitry_Parkheichuk\.gradle\caches\modules-2\files-2.1\com.jayway.jsonpath\json-path\2.2.0\22290d17944bd239fabf5ac69005a60a7ecbbbcb\json-path-2.2.0.jar;C:\Users\Dzmitry_Parkheichuk\.gradle\caches\modules-2\files-2.1\org.skyscreamer\jsonassert\1.4.0\9cdbb373a06f6513e51e8c545ee6a5e981463edb\jsonassert-1.4.0.jar;C:\Users\Dzmitry_Parkheichuk\.gradle\caches\modules-2\files-2.1\org.springframework\spring-test\4.3.21.RELEASE\98d58cf9828c4f977823153ad5ac5cc5612136f7\spring-test-4.3.21.RELEASE.jar;C:\Users\Dzmitry_Parkheichuk\.gradle\caches\modules-2\files-2.1\org.springframework.boot\spring-boot-autoconfigure\1.5.18.RELEASE\7951dd1fe36dea4a64db6c2f7e14f0b1e0adb3ea\spring-boot-autoconfigure-1.5.18.RELEASE.jar;C:\Users\Dzmitry_Parkheichuk\.gradle\caches\modules-2\files-2.1\org.springframework.boot\spring-boot\1.5.18.RELEASE\7914ca08dafc83e7013ef1f14f03357114f0e813\spring-boot-1.5.18.RELEASE.jar;C:\Users\Dzmitry_Parkheichuk\.gradle\caches\modules-2\files-2.1\org.springframework\spring-context\4.3.21.RELEASE\5264ce9d8039d48684ce3fc25eb5d214fa46ab5b\spring-context-4.3.21.RELEASE.jar;C:\Users\Dzmitry_Parkheichuk\.gradle\caches\modules-2\files-2.1\org.springframework\spring-expression\4.3.21.RELEASE\e69cc3105026235d4b91cb1c51c25ce125f0b7\spring-expression-4.3.21.RELEASE.jar;C:\Users\Dzmitry_Parkheichuk\.gradle\caches\modules-2\files-2.1\org.springframework\spring-orm\4.3.21.RELEASE\b2a0c304b91c64a6bc1890061aa61a56acde8d70\spring-orm-4.3.21.RELEASE.jar;C:\Users\Dzmitry_Parkheichuk\.gradle\caches\modules-2\files-2.1\org.springframework\spring-jdbc\4.3.21.RELEASE\3691a7af0372d73723222c4e0c63db2e58637e8e\spring-jdbc-4.3.21.RELEASE.jar;C:\Users\Dzmitry_Parkheichuk\.gradle\caches\modules-2\files-2.1\org.springframework.data\spring-data-commons\1.13.17.RELEASE\58cf6873526629151d06963a5f9b1c2c6c3ae321\spring-data-commons-1.13.17.RELEASE.jar;C:\Users\Dzmitry_Parkheichuk\.gradle\caches\modules-2\files-2.1\org.springframework\spring-tx\4.3.21.RELEASE\9920a4b7629ee949f6ead56a214b532863c02919\spring-tx-4.3.21.RELEASE.jar;C:\Users\Dzmitry_Parkheichuk\.gradle\caches\modules-2\files-2.1\org.springframework\spring-aop\4.3.21.RELEASE\e29ad56774c2e8d685b2628a1cd7df217e8e76b9\spring-aop-4.3.21.RELEASE.jar;C:\Users\Dzmitry_Parkheichuk\.gradle\caches\modules-2\files-2.1\org.springframework\spring-beans\4.3.21.RELEASE\b189b059b054acd7ea3d07dc028800d471bb72b6\spring-beans-4.3.21.RELEASE.jar;C:\Users\Dzmitry_Parkheichuk\.gradle\caches\modules-2\files-2.1\org.springframework\spring-core\4.3.21.RELEASE\baca8fcf544214f08fe594ba092d6fa88900a74e\spring-core-4.3.21.RELEASE.jar;C:\Users\Dzmitry_Parkheichuk\.gradle\caches\modules-2\files-2.1\com.fasterxml.jackson.core\jackson-annotations\2.8.0\45b426f7796b741035581a176744d91090e2e6fb\jackson-annotations-2.8.0.jar;C:\Users\Dzmitry_Parkheichuk\.gradle\caches\modules-2\files-2.1\io.reactivex.rxjava2\rxjava\2.1.16\14f0f8c3becc94ac89a8a84fc547dc228e9bd5a1\rxjava-2.1.16.jar;C:\Users\Dzmitry_Parkheichuk\.gradle\caches\modules-2\files-2.1\ru.yandex.qatools.allure\allure-java-adaptor-api\1.5.4\ef58bc595edfb7118e2da35c2e58fbf49965ee83\allure-java-adaptor-api-1.5.4.jar;C:\Users\Dzmitry_Parkheichuk\.gradle\caches\modules-2\files-2.1\io.qameta.allure\allure2-model-pojo\1.0-BETA6\89183715ae6c2c923bedfa67bb2f1e5ecca2d1bd\allure2-model-pojo-1.0-BETA6.jar;C:\Users\Dzmitry_Parkheichuk\.gradle\caches\modules-2\files-2.1\org.apache.tika\tika-core\1.14\afff8f1774994aa973ef90bc8d38ddf089b9d6d9\tika-core-1.14.jar;C:\Users\Dzmitry_Parkheichuk\.gradle\caches\modules-2\files-2.1\com.nordstrom.tools\settings\2.2.2\8ae9f55eaaa13cc5f389a566f5b20cdfe3676cc5\settings-2.2.2.jar;C:\Users\Dzmitry_Parkheichuk\.gradle\caches\modules-2\files-2.1\org.springframework.boot\spring-boot-starter-logging\1.5.18.RELEASE\f60df51b2b14ee57db5340cf230ccd8514407017\spring-boot-starter-logging-1.5.18.RELEASE.jar;C:\Users\Dzmitry_Parkheichuk\.gradle\caches\modules-2\files-2.1\ch.qos.logback\logback-classic\1.1.11\ccedfbacef4a6515d2983e3f89ed753d5d4fb665\logback-classic-1.1.11.jar;C:\Users\Dzmitry_Parkheichuk\.gradle\caches\modules-2\files-2.1\org.slf4j\jcl-over-slf4j\1.7.25\f8c32b13ff142a513eeb5b6330b1588dcb2c0461\jcl-over-slf4j-1.7.25.jar;C:\Users\Dzmitry_Parkheichuk\.gradle\caches\modules-2\files-2.1\org.slf4j\jul-to-slf4j\1.7.25\af5364cd6679bfffb114f0dec8a157aaa283b76\jul-to-slf4j-1.7.25.jar;C:\Users\Dzmitry_Parkheichuk\.gradle\caches\modules-2\files-2.1\org.slf4j\log4j-over-slf4j\1.7.25\a87bb47468f47ee7aabbd54f93e133d4215769c3\log4j-over-slf4j-1.7.25.jar;C:\Users\Dzmitry_Parkheichuk\.gradle\caches\modules-2\files-2.1\ru.yandex.qatools.allure\allure-java-annotations\1.5.4\4a1d855a8162754a5226344c4a7006956a0123a6\allure-java-annotations-1.5.4.jar;C:\Users\Dzmitry_Parkheichuk\.gradle\caches\modules-2\files-2.1\ru.yandex.qatools.allure\allure-model\1.5.4\b0e4debd2251a0df8fb047dd31204f2927ce117\allure-model-1.5.4.jar;C:\Users\Dzmitry_Parkheichuk\.gradle\caches\modules-2\files-2.1\org.slf4j\slf4j-api\1.7.25\da76ca59f6a57ee3102f8f9bd9cee742973efa8a\slf4j-api-1.7.25.jar;C:\Users\Dzmitry_Parkheichuk\.gradle\caches\modules-2\files-2.1\io.swagger\swagger-annotations\1.5.13\72433c890a61a876d22063e269be421c810a1a8d\swagger-annotations-1.5.13.jar;C:\Users\Dzmitry_Parkheichuk\.gradle\caches\modules-2\files-2.1\javax.validation\validation-api\1.1.0.Final\8613ae82954779d518631e05daa73a6a954817d5\validation-api-1.1.0.Final.jar;C:\Users\Dzmitry_Parkheichuk\.gradle\caches\modules-2\files-2.1\com.nordstrom.tools\java-utils\1.7.3\39120fc86f8fc9c247329456cdfa0ab314f28475\java-utils-1.7.3.jar;C:\Users\Dzmitry_Parkheichuk\.gradle\caches\modules-2\files-2.1\net.bytebuddy\byte-buddy\1.9.5\38ceb06ae54ba0524d14a85fe84ed03aecef5078\byte-buddy-1.9.5.jar;C:\Users\Dzmitry_Parkheichuk\.gradle\caches\modules-2\files-2.1\javax.inject\javax.inject\1\6975da39a7040257bd51d21a231b76c915872d38\javax.inject-1.jar;C:\Users\Dzmitry_Parkheichuk\.gradle\caches\modules-2\files-2.1\aopalliance\aopalliance\1.0\235ba8b489512805ac13a8f9ea77a1ca5ebe3e8\aopalliance-1.0.jar;C:\Users\Dzmitry_Parkheichuk\.gradle\caches\modules-2\files-2.1\org.yaml\snakeyaml\1.17\7a27ea250c5130b2922b86dea63cbb1cc10a660c\snakeyaml-1.17.jar;C:\Users\Dzmitry_Parkheichuk\.gradle\caches\modules-2\files-2.1\org.apache.tomcat.embed\tomcat-embed-websocket\8.5.35\e87da30db31e2d9e70598a12b40e9c2a23215a40\tomcat-embed-websocket-8.5.35.jar;C:\Users\Dzmitry_Parkheichuk\.gradle\caches\modules-2\files-2.1\org.apache.tomcat.embed\tomcat-embed-core\8.5.35\9c459829e1aa72669203dbbf6648dc3b6314644c\tomcat-embed-core-8.5.35.jar;C:\Users\Dzmitry_Parkheichuk\.gradle\caches\modules-2\files-2.1\org.apache.tomcat.embed\tomcat-embed-el\8.5.35\da63e21798ee42a4b4019c7345b159d3b63bc3de\tomcat-embed-el-8.5.35.jar;C:\Users\Dzmitry_Parkheichuk\.gradle\caches\modules-2\files-2.1\org.hibernate.common\hibernate-commons-annotations\5.0.1.Final\71e1cff3fcb20d3b3af4f3363c3ddb24d33c6879\hibernate-commons-annotations-5.0.1.Final.jar;C:\Users\Dzmitry_Parkheichuk\.gradle\caches\modules-2\files-2.1\org.jboss.logging\jboss-logging\3.3.2.Final\3789d00e859632e6c6206adc0c71625559e6e3b0\jboss-logging-3.3.2.Final.jar;C:\Users\Dzmitry_Parkheichuk\.gradle\caches\modules-2\files-2.1\com.fasterxml\classmate\1.3.4\3d5f48f10bbe4eb7bd862f10c0583be2e0053c6\classmate-1.3.4.jar;C:\Users\Dzmitry_Parkheichuk\.gradle\caches\modules-2\files-2.1\com.fasterxml.jackson.core\jackson-core\2.8.11\876ead1db19f0c9e79c9789273a3ef8c6fd6c29b\jackson-core-2.8.11.jar;C:\Users\Dzmitry_Parkheichuk\.gradle\caches\modules-2\files-2.1\org.aspectj\aspectjweaver\1.8.13\ad94df2a28d658a40dc27bbaff6a1ce5fbf04e9b\aspectjweaver-1.8.13.jar;C:\Users\Dzmitry_Parkheichuk\.gradle\caches\modules-2\files-2.1\org.apache.tomcat\tomcat-jdbc\8.5.35\b4b27053b96b70b6e2f3b8de9f5338b0d386386b\tomcat-jdbc-8.5.35.jar;C:\Users\Dzmitry_Parkheichuk\.gradle\caches\modules-2\files-2.1\org.hibernate.javax.persistence\hibernate-jpa-2.1-api\1.0.0.Final\5e731d961297e5a07290bfaf3db1fbc8bbbf405a\hibernate-jpa-2.1-api-1.0.0.Final.jar;C:\Users\Dzmitry_Parkheichuk\.gradle\caches\modules-2\files-2.1\org.javassist\javassist\3.21.0-GA\598244f595db5c5fb713731eddbb1c91a58d959b\javassist-3.21.0-GA.jar;C:\Users\Dzmitry_Parkheichuk\.gradle\caches\modules-2\files-2.1\antlr\antlr\2.7.7\83cd2cd674a217ade95a4bb83a8a14f351f48bd0\antlr-2.7.7.jar;C:\Users\Dzmitry_Parkheichuk\.gradle\caches\modules-2\files-2.1\org.jboss\jandex\2.0.0.Final\3e899258936f94649c777193e1be846387ed54b3\jandex-2.0.0.Final.jar;C:\Users\Dzmitry_Parkheichuk\.gradle\caches\modules-2\files-2.1\dom4j\dom4j\1.6.1\5d3ccc056b6f056dbf0dddfdf43894b9065a8f94\dom4j-1.6.1.jar;C:\Users\Dzmitry_Parkheichuk\.gradle\caches\modules-2\files-2.1\org.aspectj\aspectjrt\1.8.13\bfc5a877fd80648e5467239d370735654aaf7a92\aspectjrt-1.8.13.jar;C:\Users\Dzmitry_Parkheichuk\.gradle\caches\modules-2\files-2.1\net.minidev\json-smart\2.2.1\5b9e5df7a62d1279b70dc882b041d249c4f0b002\json-smart-2.2.1.jar;C:\Users\Dzmitry_Parkheichuk\.gradle\caches\modules-2\files-2.1\org.objenesis\objenesis\2.1\87c0ea803b69252868d09308b4618f766f135a96\objenesis-2.1.jar;C:\Users\Dzmitry_Parkheichuk\.gradle\caches\modules-2\files-2.1\com.vaadin.external.google\android-json\0.0.20131108.vaadin1\fa26d351fe62a6a17f5cda1287c1c6110dec413f\android-json-0.0.20131108.vaadin1.jar;C:\Users\Dzmitry_Parkheichuk\.gradle\caches\modules-2\files-2.1\org.apache.commons\commons-configuration2\2.2\5ee9a0c14ac47e8c78d7f573bea1867f0d3b2894\commons-configuration2-2.2.jar;C:\Users\Dzmitry_Parkheichuk\.gradle\caches\modules-2\files-2.1\commons-beanutils\commons-beanutils\1.9.3\c845703de334ddc6b4b3cd26835458cb1cba1f3d\commons-beanutils-1.9.3.jar;C:\Users\Dzmitry_Parkheichuk\.gradle\caches\modules-2\files-2.1\commons-logging\commons-logging\1.2\4bfc12adfe4842bf07b657f0369c4cb522955686\commons-logging-1.2.jar;C:\Users\Dzmitry_Parkheichuk\.gradle\caches\modules-2\files-2.1\org.apache.commons\commons-lang3\3.6\9d28a6b23650e8a7e9063c04588ace6cf7012c17\commons-lang3-3.6.jar;C:\Users\Dzmitry_Parkheichuk\.gradle\caches\modules-2\files-2.1\org.jooq\joor\0.9.6\c8f9c6a344e932d9641cc75d5324dbbdbd85cd84\joor-0.9.6.jar;C:\Users\Dzmitry_Parkheichuk\.gradle\caches\modules-2\files-2.1\org.reactivestreams\reactive-streams\1.0.2\323964c36556eb0e6209f65c1cef72b53b461ab8\reactive-streams-1.0.2.jar;C:\Users\Dzmitry_Parkheichuk\.gradle\caches\modules-2\files-2.1\ch.qos.logback\logback-core\1.1.11\88b8df40340eed549fb07e2613879bf6b006704d\logback-core-1.1.11.jar;C:\Users\Dzmitry_Parkheichuk\.gradle\caches\modules-2\files-2.1\org.apache.tomcat\tomcat-annotations-api\8.5.35\5e03d5b26a8cdf7368831d35baa323aaae3213b4\tomcat-annotations-api-8.5.35.jar;C:\Users\Dzmitry_Parkheichuk\.gradle\caches\modules-2\files-2.1\org.apache.tomcat\tomcat-juli\8.5.35\69d0606072b31b57ba706d1ffc102064ad8f694b\tomcat-juli-8.5.35.jar;C:\Users\Dzmitry_Parkheichuk\.gradle\caches\modules-2\files-2.1\net.minidev\accessors-smart\1.1\a527213f2fea112a04c9bdf0ec0264e34104cd08\accessors-smart-1.1.jar;C:\Users\Dzmitry_Parkheichuk\.gradle\caches\modules-2\files-2.1\commons-collections\commons-collections\3.2.2\8ad72fe39fa8c91eaaf12aadb21e0c3661fe26d5\commons-collections-3.2.2.jar;C:\Users\Dzmitry_Parkheichuk\.gradle\caches\modules-2\files-2.1\org.ow2.asm\asm\5.0.3\dcc2193db20e19e1feca8b1240dbbc4e190824fa\asm-5.0.3.jar;C:\Users\Dzmitry_Parkheichuk\.gradle\caches\modules-2\files-2.1\org.jvnet.jaxb2_commons\jaxb2-basics-runtime\0.9.3\e8f242550bb0e85333cd22fe09e4e60f184c7332\jaxb2-basics-runtime-0.9.3.jar;C:\Users\Dzmitry_Parkheichuk\.gradle\caches\modules-2\files-2.1\ru.qatools.commons\properties\2.0.RC5\9c90f0e4211aedcc39c18cd77b2268ddb6563bad\properties-2.0.RC5.jar, user.name=Dzmitry_Parkheichuk, java.vm.specification.version=1.8, sun.java.command=worker.org.gradle.process.internal.worker.GradleWorkerMain 'Gradle Test Executor 2', java.home=C:\Program Files\Java\jdk1.8.0_211\jre, sun.arch.data.model=64, user.language=en, java.specification.vendor=Oracle Corporation, awt.toolkit=sun.awt.windows.WToolkit, java.vm.info=mixed mode, java.version=1.8.0_211, java.ext.dirs=C:\Program Files\Java\jdk1.8.0_211\jre\lib\ext;C:\WINDOWS\Sun\Java\lib\ext, sun.boot.class.path=C:\Program Files\Java\jdk1.8.0_211\jre\lib\resources.jar;C:\Program Files\Java\jdk1.8.0_211\jre\lib\rt.jar;C:\Program Files\Java\jdk1.8.0_211\jre\lib\sunrsasign.jar;C:\Program Files\Java\jdk1.8.0_211\jre\lib\jsse.jar;C:\Program Files\Java\jdk1.8.0_211\jre\lib\jce.jar;C:\Program Files\Java\jdk1.8.0_211\jre\lib\charsets.jar;C:\Program Files\Java\jdk1.8.0_211\jre\lib\jfr.jar;C:\Program Files\Java\jdk1.8.0_211\jre\classes, java.vendor=Oracle Corporation, org.gradle.test.worker=2, file.separator=\, java.vendor.url.bug=http://bugreport.sun.com/bugreport/, sun.io.unicode.encoding=UnicodeLittle, sun.cpu.endian=little, sun.desktop=windows, sun.cpu.isalist=amd64}}, SystemEnvironmentPropertySource@1482606073 {name='systemEnvironment', properties={USERDOMAIN_ROAMINGPROFILE=MINSK, PROCESSOR_LEVEL=6, SONARQUBE_HOME=C:\SonarCube\sonarqube-7.9, MODULEPATH=C:\Program Files\Apache\Derby\lib\derbyshared.jar;C:\Program Files\Apache\Derby\lib\derby.jar;C:\Program Files\Apache\Derby\lib\derbytools.jar;C:\Program Files\Apache\Derby\lib\derbyoptionaltools.jar, SESSIONNAME=Console, ALLUSERSPROFILE=C:\ProgramData, PROCESSOR_ARCHITECTURE=AMD64, ANDROID_HOME=c:\Users\Dzmitry_Parkheichuk\AppData\Local\Android\Sdk\, PSModulePath=C:\Program Files\WindowsPowerShell\Modules;C:\WINDOWS\system32\WindowsPowerShell\v1.0\Modules, __INTELLIJ_COMMAND_HISTFILE__=C:\Users\Dzmitry_Parkheichuk\.IdeaIC2019.1\config\terminal\history\history-191, SystemDrive=C:, MAVEN_HOME=C:\Program Files\Apache\Maven, =A:=A:\, DIRNAME=D:\projects\autoservice-for-tests\, USERNAME=Dzmitry_Parkheichuk, USERDNSDOMAIN=MINSK.EPAM.COM, CMD_LINE_ARGS=:autoservice-ws-autoorder:build, DERBY_HOME=C:\Program Files\Apache\Derby, ProgramFiles(x86)=C:\Program Files (x86), FPS_BROWSER_USER_PROFILE_STRING=Default, APP_HOME=D:\projects\autoservice-for-tests\, PATHEXT=.COM;.EXE;.BAT;.CMD;.VBS;.VBE;.JS;.JSE;.WSF;.WSH;.MSC, COMPOSE_CONVERT_WINDOWS_PATHS=1, DriverData=C:\Windows\System32\Drivers\DriverData, JENKINS_HOME=c:\Program Files (x86)\Jenkins\, ProgramData=C:\ProgramData, ProgramW6432=C:\Program Files, HOMEPATH=\Users\Dzmitry_Parkheichuk, POSTGRES=c:\Program Files\PostgreSQL\9.3\, PROCESSOR_IDENTIFIER=Intel64 Family 6 Model 158 Stepping 10, GenuineIntel, ProgramFiles=C:\Program Files, PUBLIC=C:\Users\Public, ALLURE_HOME=c:\Users\Dzmitry_Parkheichuk\scoop\apps\allure\current\, windir=C:\WINDOWS, =::=::\, _SKIP=2, OneDriveCommercial=C:\Users\Dzmitry_Parkheichuk\OneDrive - EPAM, OPENSSL_CONF=C:\Program Files\PostgreSQL\psqlODBC\etc\openssl.cnf, LOCALAPPDATA=C:\Users\Dzmitry_Parkheichuk\AppData\Local, USERDOMAIN=MINSK, FPS_BROWSER_APP_PROFILE_STRING=Internet Explorer, LOGONSERVER=\\EVBYMINSA0044, JAVA_HOME=C:\Program Files\Java\jdk1.8.0_211, PROMPT=$P$G, CHROMEDRIVER_VERSION=2.44, GRADLE_HOME=c:\Gradle\, CATALINA_BASE=c:\Tomcat\apache-tomcat-8.5.42, MONGODB_HOME=c:\Program Files\MongoDB\Server\4.0\, OneDrive=C:\Users\Dzmitry_Parkheichuk\OneDrive - EPAM, APPDATA=C:\Users\Dzmitry_Parkheichuk\AppData\Roaming, JAVA_EXE=C:\Program Files\Java\jdk1.8.0_211/bin/java.exe, RP_HOME=C:\Users\Dzmitry_Parkheichuk\doodle\cheers2019\reportportal, CommonProgramFiles=C:\Program Files\Common Files, Path=C:\ProgramData\DockerDesktop\version-bin;C:\Program Files\Docker\Docker\Resources\bin;C:\WINDOWS\system32;C:\WINDOWS;C:\WINDOWS\System32\Wbem;C:\WINDOWS\System32\WindowsPowerShell\v1.0\;C:\WINDOWS\System32\OpenSSH\;C:\Program Files\TortoiseSVN\bin;C:\Program Files\Git\cmd;C:\Program Files\Java\jdk1.8.0_211;c:\Program Files\MongoDB\Server\4.0\bin;C:\Program Files (x86)\Yarn\bin\;C:\Program Files\nodejs\;C:\Program Files\Java\jdk-12.0.1\bin;c:\Tomcat\apache-tomcat-8.5.42\bin;C:\Program Files\PuTTY\;C:\Program Files (x86)\Windows Kits\10\Windows Performance Toolkit\;C:\Users\Dzmitry_Parkheichuk\scoop\apps\yarn\current\Yarn\bin;C:\Users\Dzmitry_Parkheichuk\scoop\apps\yarn\current\global\node_modules\.bin;C:\Users\Dzmitry_Parkheichuk\scoop\shims;C:\Users\Dzmitry_Parkheichuk\AppData\Local\Programs\Python\Python37\Scripts\;C:\Users\Dzmitry_Parkheichuk\AppData\Local\Programs\Python\Python37\;C:\Users\Dzmitry_Parkheichuk\AppData\Local\Microsoft\WindowsApps;C:\Users\Dzmitry_Parkheichuk\AppData\Local\Programs\Fiddler;C:\Users\Dzmitry_Parkheichuk\AppData\Local\Yarn\bin;C:\Users\Dzmitry_Parkheichuk\AppData\Roaming\npm;C:\Users\Dzmitry_Parkheichuk\AppData\Local\GitHubDesktop\bin;C:\Program Files\Java\jdk1.8.0_211\bin;c:\Users\Dzmitry_Parkheichuk\AppData\Local\Android\Sdk\;c:\Users\Dzmitry_Parkheichuk\AppData\Local\Android\Sdk\\platform-tools\;c:\Users\Dzmitry_Parkheichuk\AppData\Local\Android\Sdk\\tools\bin;c:\Users\Dzmitry_Parkheichuk\AppData\Local\Android\Sdk\\tools;c:\Users\Dzmitry_Parkheichuk\scoop\apps\allure\current\\bin;c:\Users\Dzmitry_Parkheichuk\scoop\apps\allure\current\\lib;C:\Program Files\Apache\Derby\bin;C:\Program Files\Apache\Derby\lib;c:\Program Files\PostgreSQL\9.3\\bin;c:\Gradle\\bin;C:\Program Files\Apache\Maven\bin;C:\Selenium\drivers;c:\Program Files\MongoDB\Server\4.0\\bin;c:\Users\Dzmitry_Parkheichuk\Apktool\;c:\Program Files\Appium\;, OS=Windows_NT, COMPUTERNAME=EPBYMINW0614, CATALINA_HOME=c:\Tomcat\apache-tomcat-8.5.42, PROCESSOR_REVISION=9e0a, CLASSPATH=D:\projects\autoservice-for-tests\\gradle\wrapper\gradle-wrapper.jar, CommonProgramW6432=C:\Program Files\Common Files, ComSpec=C:\WINDOWS\system32\cmd.exe, UATDATA=C:\Windows\CCM\UATData\D9F8C395-CAB8-491d-B8AC-179A1FE1BE77, APP_BASE_NAME=gradlew, TERMINAL_EMULATOR=JetBrains-JediTerm, SELENIUM_HOME=C:\Selenium, =D:=D:\projects\autoservice-for-tests, SystemRoot=C:\WINDOWS, TEMP=C:\Users\DZMITR~1\AppData\Local\Temp, HOMEDRIVE=C:, USERPROFILE=C:\Users\Dzmitry_Parkheichuk, TMP=C:\Users\DZMITR~1\AppData\Local\Temp, CommonProgramFiles(x86)=C:\Program Files (x86)\Common Files, NUMBER_OF_PROCESSORS=12}}]
11:48:56.471 [Test worker] DEBUG org.springframework.core.env.MutablePropertySources - Adding PropertySource 'inline' with highest search precedence
11:48:56.481 [Test worker] DEBUG org.springframework.test.context.support.TestPropertySourceUtils - Adding inlined properties to environment: {spring.jmx.enabled=false, org.springframework.boot.test.context.SpringBootTestContextBootstrapper=true, server.port=-1}
11:48:56.482 [Test worker] DEBUG org.springframework.core.env.StandardEnvironment - Adding PropertySource 'Inlined Test Properties' with highest search precedence

  .   ____          _            __ _ _
 /\\ / ___'_ __ _ _(_)_ __  __ _ \ \ \ \
( ( )\___ | '_ | '_| | '_ \/ _` | \ \ \ \
 \\/  ___)| |_)| | | | | || (_| |  ) ) ) )
  '  |____| .__|_| |_|_| |_\__, | / / / /
 =========|_|==============|___/=/_/_/_/
 :: Spring Boot ::       (v1.5.18.RELEASE)

2019-07-04 11:48:57.034  INFO 27104 --- [    Test worker] c.epam.ws.service.AutoOrderServiceTest   : Starting AutoOrderServiceTest on EPBYMINW0614 with PID 27104 (started by Dzmitry_Parkheichuk in D:\projects\autoservice-for-tests\autoservice-ws-autoorder)
2019-07-04 11:48:57.036  INFO 27104 --- [    Test worker] c.epam.ws.service.AutoOrderServiceTest   : No active profile set, falling back to default profiles: default
2019-07-04 11:48:57.139  INFO 27104 --- [    Test worker] o.s.w.c.s.GenericWebApplicationContext   : Refreshing org.springframework.web.context.support.GenericWebApplicationContext@6dad5ca0: startup date [Thu Jul 04 11:48:57 MSK 2019]; root of context hierarchy
2019-07-04 11:48:59.403  INFO 27104 --- [    Test worker] f.a.AutowiredAnnotationBeanPostProcessor : JSR-330 'javax.inject.Inject' annotation found and supported for autowiring
2019-07-04 11:48:59.526  INFO 27104 --- [    Test worker] trationDelegate$BeanPostProcessorChecker : Bean 'org.springframework.transaction.annotation.ProxyTransactionManagementConfiguration' of type [org.springframework.transaction.annotation.ProxyTransactionManagementConfiguration$$EnhancerBySpringCGLIB$$bc00f284] is not eligible for getting processed by all BeanPostProcessors (for example: not eligible for auto-proxying)
2019-07-04 11:49:00.582  INFO 27104 --- [    Test worker] j.LocalContainerEntityManagerFactoryBean : Building JPA container EntityManagerFactory for persistence unit 'default'
2019-07-04 11:49:00.634  INFO 27104 --- [    Test worker] o.hibernate.jpa.internal.util.LogHelper  : HHH000204: Processing PersistenceUnitInfo [
	name: default
	...]
2019-07-04 11:49:00.820  INFO 27104 --- [    Test worker] org.hibernate.Version                    : HHH000412: Hibernate Core {5.0.12.Final}
2019-07-04 11:49:00.822  INFO 27104 --- [    Test worker] org.hibernate.cfg.Environment            : HHH000206: hibernate.properties not found
2019-07-04 11:49:00.824  INFO 27104 --- [    Test worker] org.hibernate.cfg.Environment            : HHH000021: Bytecode provider name : javassist
2019-07-04 11:49:00.913  INFO 27104 --- [    Test worker] o.hibernate.annotations.common.Version   : HCANN000001: Hibernate Commons Annotations {5.0.1.Final}
2019-07-04 11:49:01.196  INFO 27104 --- [    Test worker] org.hibernate.dialect.Dialect            : HHH000400: Using dialect: org.hibernate.dialect.MySQL5Dialect
2019-07-04 11:49:01.981  INFO 27104 --- [    Test worker] org.hibernate.tool.hbm2ddl.SchemaUpdate  : HHH000228: Running hbm2ddl schema update
2019-07-04 11:49:02.133  INFO 27104 --- [    Test worker] j.LocalContainerEntityManagerFactoryBean : Initialized JPA EntityManagerFactory for persistence unit 'default'
2019-07-04 11:49:03.431  INFO 27104 --- [    Test worker] s.w.s.m.m.a.RequestMappingHandlerAdapter : Looking for @ControllerAdvice: org.springframework.web.context.support.GenericWebApplicationContext@6dad5ca0: startup date [Thu Jul 04 11:48:57 MSK 2019]; root of context hierarchy
2019-07-04 11:49:03.577  INFO 27104 --- [    Test worker] s.w.s.m.m.a.RequestMappingHandlerMapping : Mapped "{[/api/autoOrders],methods=[GET],produces=[application/json]}" onto public org.springframework.http.ResponseEntity<java.util.Collection<com.epam.ws.model.AutoOrder>> com.epam.ws.web.api.AutoOrderController.getAutoOrders()
2019-07-04 11:49:03.579  INFO 27104 --- [    Test worker] s.w.s.m.m.a.RequestMappingHandlerMapping : Mapped "{[/api/autoOrders/{order_id}],methods=[GET],produces=[application/json]}" onto public org.springframework.http.ResponseEntity<com.epam.ws.model.AutoOrder> com.epam.ws.web.api.AutoOrderController.getAutoOrder(java.lang.Long)
2019-07-04 11:49:03.579  INFO 27104 --- [    Test worker] s.w.s.m.m.a.RequestMappingHandlerMapping : Mapped "{[/api/autoOrders/{order_id}],methods=[DELETE],consumes=[application/json]}" onto public org.springframework.http.ResponseEntity<com.epam.ws.model.AutoOrder> com.epam.ws.web.api.AutoOrderController.deleteAutoOrder(java.lang.Long)
2019-07-04 11:49:03.580  INFO 27104 --- [    Test worker] s.w.s.m.m.a.RequestMappingHandlerMapping : Mapped "{[/api/autoOrders],methods=[POST],consumes=[application/json],produces=[application/json]}" onto public org.springframework.http.ResponseEntity<com.epam.ws.model.AutoOrder> com.epam.ws.web.api.AutoOrderController.createAutoOrder(com.epam.ws.model.AutoOrder)
2019-07-04 11:49:03.580  INFO 27104 --- [    Test worker] s.w.s.m.m.a.RequestMappingHandlerMapping : Mapped "{[/api/autoOrders/{order_id}],methods=[PUT],consumes=[application/json],produces=[application/json]}" onto public org.springframework.http.ResponseEntity<com.epam.ws.model.AutoOrder> com.epam.ws.web.api.AutoOrderController.updateAutoOrder(com.epam.ws.model.AutoOrder)
2019-07-04 11:49:03.582  INFO 27104 --- [    Test worker] s.w.s.m.m.a.RequestMappingHandlerMapping : Mapped "{[/error]}" onto public org.springframework.http.ResponseEntity<java.util.Map<java.lang.String, java.lang.Object>> org.springframework.boot.autoconfigure.web.BasicErrorController.error(javax.servlet.http.HttpServletRequest)
2019-07-04 11:49:03.583  INFO 27104 --- [    Test worker] s.w.s.m.m.a.RequestMappingHandlerMapping : Mapped "{[/error],produces=[text/html]}" onto public org.springframework.web.servlet.ModelAndView org.springframework.boot.autoconfigure.web.BasicErrorController.errorHtml(javax.servlet.http.HttpServletRequest,javax.servlet.http.HttpServletResponse)
2019-07-04 11:49:03.618  INFO 27104 --- [    Test worker] o.s.w.s.handler.SimpleUrlHandlerMapping  : Mapped URL path [/webjars/**] onto handler of type [class org.springframework.web.servlet.resource.ResourceHttpRequestHandler]
2019-07-04 11:49:03.618  INFO 27104 --- [    Test worker] o.s.w.s.handler.SimpleUrlHandlerMapping  : Mapped URL path [/**] onto handler of type [class org.springframework.web.servlet.resource.ResourceHttpRequestHandler]
2019-07-04 11:49:03.675  INFO 27104 --- [    Test worker] o.s.w.s.handler.SimpleUrlHandlerMapping  : Mapped URL path [/**/favicon.ico] onto handler of type [class org.springframework.web.servlet.resource.ResourceHttpRequestHandler]
2019-07-04 11:49:04.065  INFO 27104 --- [    Test worker] c.epam.ws.service.AutoOrderServiceTest   : Started AutoOrderServiceTest in 7.55 seconds (JVM running for 10.763)
2019-07-04 11:49:04.214  INFO 27104 --- [    Test worker] o.s.t.c.transaction.TransactionContext   : Began transaction (1) for test context [DefaultTestContext@7ac62534 testClass = AutoOrderServiceTest, testInstance = com.epam.ws.service.AutoOrderServiceTest@6e8e372b, testMethod = testFindOneNotFound@AutoOrderServiceTest, testException = [null], mergedContextConfiguration = [WebMergedContextConfiguration@7ea7c14d testClass = AutoOrderServiceTest, locations = '{}', classes = '{class com.epam.Application, class com.epam.Application}', contextInitializerClasses = '[]', activeProfiles = '{}', propertySourceLocations = '{}', propertySourceProperties = '{org.springframework.boot.test.context.SpringBootTestContextBootstrapper=true}', contextCustomizers = set[org.springframework.boot.test.autoconfigure.properties.PropertyMappingContextCustomizer@0, org.springframework.boot.test.autoconfigure.web.servlet.WebDriverContextCustomizerFactory$Customizer@554a7fb7, org.springframework.boot.test.context.SpringBootTestContextCustomizer@b6fd269, org.springframework.boot.test.context.filter.ExcludeFilterContextCustomizer@39deca11, org.springframework.boot.test.json.DuplicateJsonObjectContextCustomizerFactory$DuplicateJsonObjectContextCustomizer@30b0e23b, org.springframework.boot.test.mock.mockito.MockitoContextCustomizer@0], resourceBasePath = 'src/main/webapp', contextLoader = 'org.springframework.boot.test.context.SpringBootContextLoader', parent = [null]]]; transaction manager [org.springframework.orm.jpa.JpaTransactionManager@4459569f]; rollback [true]
2019-07-04 11:49:04.716  INFO 27104 --- [    Test worker] o.s.t.c.transaction.TransactionContext   : Rolled back transaction for test: [DefaultTestContext@7ac62534 testClass = AutoOrderServiceTest, testInstance = com.epam.ws.service.AutoOrderServiceTest@6e8e372b, testMethod = testFindOneNotFound@AutoOrderServiceTest, testException = [null], mergedContextConfiguration = [WebMergedContextConfiguration@7ea7c14d testClass = AutoOrderServiceTest, locations = '{}', classes = '{class com.epam.Application, class com.epam.Application}', contextInitializerClasses = '[]', activeProfiles = '{}', propertySourceLocations = '{}', propertySourceProperties = '{org.springframework.boot.test.context.SpringBootTestContextBootstrapper=true}', contextCustomizers = set[org.springframework.boot.test.autoconfigure.properties.PropertyMappingContextCustomizer@0, org.springframework.boot.test.autoconfigure.web.servlet.WebDriverContextCustomizerFactory$Customizer@554a7fb7, org.springframework.boot.test.context.SpringBootTestContextCustomizer@b6fd269, org.springframework.boot.test.context.filter.ExcludeFilterContextCustomizer@39deca11, org.springframework.boot.test.json.DuplicateJsonObjectContextCustomizerFactory$DuplicateJsonObjectContextCustomizer@30b0e23b, org.springframework.boot.test.mock.mockito.MockitoContextCustomizer@0], resourceBasePath = 'src/main/webapp', contextLoader = 'org.springframework.boot.test.context.SpringBootContextLoader', parent = [null]]]
2019-07-04 11:49:04.837  INFO 27104 --- [    Test worker] o.s.t.c.transaction.TransactionContext   : Began transaction (1) for test context [DefaultTestContext@7ac62534 testClass = AutoOrderServiceTest, testInstance = com.epam.ws.service.AutoOrderServiceTest@72620b17, testMethod = testFindAll@AutoOrderServiceTest, testException = [null], mergedContextConfiguration = [WebMergedContextConfiguration@7ea7c14d testClass = AutoOrderServiceTest, locations = '{}', classes = '{class com.epam.Application, class com.epam.Application}', contextInitializerClasses = '[]', activeProfiles = '{}', propertySourceLocations = '{}', propertySourceProperties = '{org.springframework.boot.test.context.SpringBootTestContextBootstrapper=true}', contextCustomizers = set[org.springframework.boot.test.autoconfigure.properties.PropertyMappingContextCustomizer@0, org.springframework.boot.test.autoconfigure.web.servlet.WebDriverContextCustomizerFactory$Customizer@554a7fb7, org.springframework.boot.test.context.SpringBootTestContextCustomizer@b6fd269, org.springframework.boot.test.context.filter.ExcludeFilterContextCustomizer@39deca11, org.springframework.boot.test.json.DuplicateJsonObjectContextCustomizerFactory$DuplicateJsonObjectContextCustomizer@30b0e23b, org.springframework.boot.test.mock.mockito.MockitoContextCustomizer@0], resourceBasePath = 'src/main/webapp', contextLoader = 'org.springframework.boot.test.context.SpringBootContextLoader', parent = [null]]]; transaction manager [org.springframework.orm.jpa.JpaTransactionManager@4459569f]; rollback [true]
2019-07-04 11:49:04.914  INFO 27104 --- [    Test worker] o.h.h.i.QueryTranslatorFactoryInitiator  : HHH000397: Using ASTQueryTranslatorFactory
2019-07-04 11:49:05.232  INFO 27104 --- [    Test worker] o.s.t.c.transaction.TransactionContext   : Rolled back transaction for test: [DefaultTestContext@7ac62534 testClass = AutoOrderServiceTest, testInstance = com.epam.ws.service.AutoOrderServiceTest@72620b17, testMethod = testFindAll@AutoOrderServiceTest, testException = [null], mergedContextConfiguration = [WebMergedContextConfiguration@7ea7c14d testClass = AutoOrderServiceTest, locations = '{}', classes = '{class com.epam.Application, class com.epam.Application}', contextInitializerClasses = '[]', activeProfiles = '{}', propertySourceLocations = '{}', propertySourceProperties = '{org.springframework.boot.test.context.SpringBootTestContextBootstrapper=true}', contextCustomizers = set[org.springframework.boot.test.autoconfigure.properties.PropertyMappingContextCustomizer@0, org.springframework.boot.test.autoconfigure.web.servlet.WebDriverContextCustomizerFactory$Customizer@554a7fb7, org.springframework.boot.test.context.SpringBootTestContextCustomizer@b6fd269, org.springframework.boot.test.context.filter.ExcludeFilterContextCustomizer@39deca11, org.springframework.boot.test.json.DuplicateJsonObjectContextCustomizerFactory$DuplicateJsonObjectContextCustomizer@30b0e23b, org.springframework.boot.test.mock.mockito.MockitoContextCustomizer@0], resourceBasePath = 'src/main/webapp', contextLoader = 'org.springframework.boot.test.context.SpringBootContextLoader', parent = [null]]]
2019-07-04 11:49:05.241  INFO 27104 --- [    Test worker] o.s.t.c.transaction.TransactionContext   : Began transaction (1) for test context [DefaultTestContext@7ac62534 testClass = AutoOrderServiceTest, testInstance = com.epam.ws.service.AutoOrderServiceTest@36023251, testMethod = testFindOne@AutoOrderServiceTest, testException = [null], mergedContextConfiguration = [WebMergedContextConfiguration@7ea7c14d testClass = AutoOrderServiceTest, locations = '{}', classes = '{class com.epam.Application, class com.epam.Application}', contextInitializerClasses = '[]', activeProfiles = '{}', propertySourceLocations = '{}', propertySourceProperties = '{org.springframework.boot.test.context.SpringBootTestContextBootstrapper=true}', contextCustomizers = set[org.springframework.boot.test.autoconfigure.properties.PropertyMappingContextCustomizer@0, org.springframework.boot.test.autoconfigure.web.servlet.WebDriverContextCustomizerFactory$Customizer@554a7fb7, org.springframework.boot.test.context.SpringBootTestContextCustomizer@b6fd269, org.springframework.boot.test.context.filter.ExcludeFilterContextCustomizer@39deca11, org.springframework.boot.test.json.DuplicateJsonObjectContextCustomizerFactory$DuplicateJsonObjectContextCustomizer@30b0e23b, org.springframework.boot.test.mock.mockito.MockitoContextCustomizer@0], resourceBasePath = 'src/main/webapp', contextLoader = 'org.springframework.boot.test.context.SpringBootContextLoader', parent = [null]]]; transaction manager [org.springframework.orm.jpa.JpaTransactionManager@4459569f]; rollback [true]
2019-07-04 11:49:05.251  INFO 27104 --- [    Test worker] o.s.t.c.transaction.TransactionContext   : Rolled back transaction for test: [DefaultTestContext@7ac62534 testClass = AutoOrderServiceTest, testInstance = com.epam.ws.service.AutoOrderServiceTest@36023251, testMethod = testFindOne@AutoOrderServiceTest, testException = [null], mergedContextConfiguration = [WebMergedContextConfiguration@7ea7c14d testClass = AutoOrderServiceTest, locations = '{}', classes = '{class com.epam.Application, class com.epam.Application}', contextInitializerClasses = '[]', activeProfiles = '{}', propertySourceLocations = '{}', propertySourceProperties = '{org.springframework.boot.test.context.SpringBootTestContextBootstrapper=true}', contextCustomizers = set[org.springframework.boot.test.autoconfigure.properties.PropertyMappingContextCustomizer@0, org.springframework.boot.test.autoconfigure.web.servlet.WebDriverContextCustomizerFactory$Customizer@554a7fb7, org.springframework.boot.test.context.SpringBootTestContextCustomizer@b6fd269, org.springframework.boot.test.context.filter.ExcludeFilterContextCustomizer@39deca11, org.springframework.boot.test.json.DuplicateJsonObjectContextCustomizerFactory$DuplicateJsonObjectContextCustomizer@30b0e23b, org.springframework.boot.test.mock.mockito.MockitoContextCustomizer@0], resourceBasePath = 'src/main/webapp', contextLoader = 'org.springframework.boot.test.context.SpringBootContextLoader', parent = [null]]]
2019-07-04 11:49:05.258  INFO 27104 --- [    Test worker] o.s.t.c.transaction.TransactionContext   : Began transaction (1) for test context [DefaultTestContext@7ac62534 testClass = AutoOrderServiceTest, testInstance = com.epam.ws.service.AutoOrderServiceTest@3085ae46, testMethod = testCreate@AutoOrderServiceTest, testException = [null], mergedContextConfiguration = [WebMergedContextConfiguration@7ea7c14d testClass = AutoOrderServiceTest, locations = '{}', classes = '{class com.epam.Application, class com.epam.Application}', contextInitializerClasses = '[]', activeProfiles = '{}', propertySourceLocations = '{}', propertySourceProperties = '{org.springframework.boot.test.context.SpringBootTestContextBootstrapper=true}', contextCustomizers = set[org.springframework.boot.test.autoconfigure.properties.PropertyMappingContextCustomizer@0, org.springframework.boot.test.autoconfigure.web.servlet.WebDriverContextCustomizerFactory$Customizer@554a7fb7, org.springframework.boot.test.context.SpringBootTestContextCustomizer@b6fd269, org.springframework.boot.test.context.filter.ExcludeFilterContextCustomizer@39deca11, org.springframework.boot.test.json.DuplicateJsonObjectContextCustomizerFactory$DuplicateJsonObjectContextCustomizer@30b0e23b, org.springframework.boot.test.mock.mockito.MockitoContextCustomizer@0], resourceBasePath = 'src/main/webapp', contextLoader = 'org.springframework.boot.test.context.SpringBootContextLoader', parent = [null]]]; transaction manager [org.springframework.orm.jpa.JpaTransactionManager@4459569f]; rollback [true]
2019-07-04 11:49:05.303  INFO 27104 --- [    Test worker] o.s.t.c.transaction.TransactionContext   : Rolled back transaction for test: [DefaultTestContext@7ac62534 testClass = AutoOrderServiceTest, testInstance = com.epam.ws.service.AutoOrderServiceTest@3085ae46, testMethod = testCreate@AutoOrderServiceTest, testException = [null], mergedContextConfiguration = [WebMergedContextConfiguration@7ea7c14d testClass = AutoOrderServiceTest, locations = '{}', classes = '{class com.epam.Application, class com.epam.Application}', contextInitializerClasses = '[]', activeProfiles = '{}', propertySourceLocations = '{}', propertySourceProperties = '{org.springframework.boot.test.context.SpringBootTestContextBootstrapper=true}', contextCustomizers = set[org.springframework.boot.test.autoconfigure.properties.PropertyMappingContextCustomizer@0, org.springframework.boot.test.autoconfigure.web.servlet.WebDriverContextCustomizerFactory$Customizer@554a7fb7, org.springframework.boot.test.context.SpringBootTestContextCustomizer@b6fd269, org.springframework.boot.test.context.filter.ExcludeFilterContextCustomizer@39deca11, org.springframework.boot.test.json.DuplicateJsonObjectContextCustomizerFactory$DuplicateJsonObjectContextCustomizer@30b0e23b, org.springframework.boot.test.mock.mockito.MockitoContextCustomizer@0], resourceBasePath = 'src/main/webapp', contextLoader = 'org.springframework.boot.test.context.SpringBootContextLoader', parent = [null]]]
2019-07-04 11:49:05.309  INFO 27104 --- [    Test worker] o.s.t.c.transaction.TransactionContext   : Began transaction (1) for test context [DefaultTestContext@7ac62534 testClass = AutoOrderServiceTest, testInstance = com.epam.ws.service.AutoOrderServiceTest@49d11780, testMethod = testDelete@AutoOrderServiceTest, testException = [null], mergedContextConfiguration = [WebMergedContextConfiguration@7ea7c14d testClass = AutoOrderServiceTest, locations = '{}', classes = '{class com.epam.Application, class com.epam.Application}', contextInitializerClasses = '[]', activeProfiles = '{}', propertySourceLocations = '{}', propertySourceProperties = '{org.springframework.boot.test.context.SpringBootTestContextBootstrapper=true}', contextCustomizers = set[org.springframework.boot.test.autoconfigure.properties.PropertyMappingContextCustomizer@0, org.springframework.boot.test.autoconfigure.web.servlet.WebDriverContextCustomizerFactory$Customizer@554a7fb7, org.springframework.boot.test.context.SpringBootTestContextCustomizer@b6fd269, org.springframework.boot.test.context.filter.ExcludeFilterContextCustomizer@39deca11, org.springframework.boot.test.json.DuplicateJsonObjectContextCustomizerFactory$DuplicateJsonObjectContextCustomizer@30b0e23b, org.springframework.boot.test.mock.mockito.MockitoContextCustomizer@0], resourceBasePath = 'src/main/webapp', contextLoader = 'org.springframework.boot.test.context.SpringBootContextLoader', parent = [null]]]; transaction manager [org.springframework.orm.jpa.JpaTransactionManager@4459569f]; rollback [true]
2019-07-04 11:49:05.324  INFO 27104 --- [    Test worker] o.s.t.c.transaction.TransactionContext   : Rolled back transaction for test: [DefaultTestContext@7ac62534 testClass = AutoOrderServiceTest, testInstance = com.epam.ws.service.AutoOrderServiceTest@49d11780, testMethod = testDelete@AutoOrderServiceTest, testException = [null], mergedContextConfiguration = [WebMergedContextConfiguration@7ea7c14d testClass = AutoOrderServiceTest, locations = '{}', classes = '{class com.epam.Application, class com.epam.Application}', contextInitializerClasses = '[]', activeProfiles = '{}', propertySourceLocations = '{}', propertySourceProperties = '{org.springframework.boot.test.context.SpringBootTestContextBootstrapper=true}', contextCustomizers = set[org.springframework.boot.test.autoconfigure.properties.PropertyMappingContextCustomizer@0, org.springframework.boot.test.autoconfigure.web.servlet.WebDriverContextCustomizerFactory$Customizer@554a7fb7, org.springframework.boot.test.context.SpringBootTestContextCustomizer@b6fd269, org.springframework.boot.test.context.filter.ExcludeFilterContextCustomizer@39deca11, org.springframework.boot.test.json.DuplicateJsonObjectContextCustomizerFactory$DuplicateJsonObjectContextCustomizer@30b0e23b, org.springframework.boot.test.mock.mockito.MockitoContextCustomizer@0], resourceBasePath = 'src/main/webapp', contextLoader = 'org.springframework.boot.test.context.SpringBootContextLoader', parent = [null]]]
2019-07-04 11:49:05.330  INFO 27104 --- [    Test worker] o.s.t.c.transaction.TransactionContext   : Began transaction (1) for test context [DefaultTestContext@7ac62534 testClass = AutoOrderServiceTest, testInstance = com.epam.ws.service.AutoOrderServiceTest@4155e66, testMethod = testUpdate@AutoOrderServiceTest, testException = [null], mergedContextConfiguration = [WebMergedContextConfiguration@7ea7c14d testClass = AutoOrderServiceTest, locations = '{}', classes = '{class com.epam.Application, class com.epam.Application}', contextInitializerClasses = '[]', activeProfiles = '{}', propertySourceLocations = '{}', propertySourceProperties = '{org.springframework.boot.test.context.SpringBootTestContextBootstrapper=true}', contextCustomizers = set[org.springframework.boot.test.autoconfigure.properties.PropertyMappingContextCustomizer@0, org.springframework.boot.test.autoconfigure.web.servlet.WebDriverContextCustomizerFactory$Customizer@554a7fb7, org.springframework.boot.test.context.SpringBootTestContextCustomizer@b6fd269, org.springframework.boot.test.context.filter.ExcludeFilterContextCustomizer@39deca11, org.springframework.boot.test.json.DuplicateJsonObjectContextCustomizerFactory$DuplicateJsonObjectContextCustomizer@30b0e23b, org.springframework.boot.test.mock.mockito.MockitoContextCustomizer@0], resourceBasePath = 'src/main/webapp', contextLoader = 'org.springframework.boot.test.context.SpringBootContextLoader', parent = [null]]]; transaction manager [org.springframework.orm.jpa.JpaTransactionManager@4459569f]; rollback [true]
2019-07-04 11:49:05.346  INFO 27104 --- [    Test worker] o.s.t.c.transaction.TransactionContext   : Rolled back transaction for test: [DefaultTestContext@7ac62534 testClass = AutoOrderServiceTest, testInstance = com.epam.ws.service.AutoOrderServiceTest@4155e66, testMethod = testUpdate@AutoOrderServiceTest, testException = [null], mergedContextConfiguration = [WebMergedContextConfiguration@7ea7c14d testClass = AutoOrderServiceTest, locations = '{}', classes = '{class com.epam.Application, class com.epam.Application}', contextInitializerClasses = '[]', activeProfiles = '{}', propertySourceLocations = '{}', propertySourceProperties = '{org.springframework.boot.test.context.SpringBootTestContextBootstrapper=true}', contextCustomizers = set[org.springframework.boot.test.autoconfigure.properties.PropertyMappingContextCustomizer@0, org.springframework.boot.test.autoconfigure.web.servlet.WebDriverContextCustomizerFactory$Customizer@554a7fb7, org.springframework.boot.test.context.SpringBootTestContextCustomizer@b6fd269, org.springframework.boot.test.context.filter.ExcludeFilterContextCustomizer@39deca11, org.springframework.boot.test.json.DuplicateJsonObjectContextCustomizerFactory$DuplicateJsonObjectContextCustomizer@30b0e23b, org.springframework.boot.test.mock.mockito.MockitoContextCustomizer@0], resourceBasePath = 'src/main/webapp', contextLoader = 'org.springframework.boot.test.context.SpringBootContextLoader', parent = [null]]]
]]></system-out>
  <system-err><![CDATA[]]></system-err>
</testsuite>
