<?xml version="1.0" encoding="UTF-8"?>
<testsuite name="com.epam.ws.web.api.AutoOrderControllerMocksTest" tests="5" skipped="0" failures="0" errors="0" timestamp="2019-07-02T06:46:24" hostname="EPBYMINW0614" time="0.344">
  <properties/>
  <testcase name="testGetAutoOrder" classname="com.epam.ws.web.api.AutoOrderControllerMocksTest" time="0.174"/>
  <testcase name="testUpdateAutoOrder" classname="com.epam.ws.web.api.AutoOrderControllerMocksTest" time="0.093"/>
  <testcase name="testCreateAutoOrder" classname="com.epam.ws.web.api.AutoOrderControllerMocksTest" time="0.023"/>
  <testcase name="testGetAutoOrderNotFound" classname="com.epam.ws.web.api.AutoOrderControllerMocksTest" time="0.02"/>
  <testcase name="testGetAutoOrders" classname="com.epam.ws.web.api.AutoOrderControllerMocksTest" time="0.022"/>
  <system-out><![CDATA[2019-07-02 09:46:23.568  INFO 2760 --- [    Test worker] .b.t.c.SpringBootTestContextBootstrapper : Neither @ContextConfiguration nor @ContextHierarchy found for test class [com.epam.ws.web.api.AutoOrderControllerMocksTest], using SpringBootContextLoader
2019-07-02 09:46:23.569  INFO 2760 --- [    Test worker] o.s.t.c.support.AbstractContextLoader    : Could not detect default resource locations for test class [com.epam.ws.web.api.AutoOrderControllerMocksTest]: no resource found for suffixes {-context.xml, Context.groovy}.
2019-07-02 09:46:23.578  INFO 2760 --- [    Test worker] .b.t.c.SpringBootTestContextBootstrapper : Loaded default TestExecutionListener class names from location [META-INF/spring.factories]: [org.springframework.boot.test.autoconfigure.restdocs.RestDocsTestExecutionListener, org.springframework.boot.test.autoconfigure.web.client.MockRestServiceServerResetTestExecutionListener, org.springframework.boot.test.autoconfigure.web.servlet.MockMvcPrintOnlyOnFailureTestExecutionListener, org.springframework.boot.test.autoconfigure.web.servlet.WebDriverTestExecutionListener, org.springframework.boot.test.mock.mockito.MockitoTestExecutionListener, org.springframework.boot.test.mock.mockito.ResetMocksTestExecutionListener, org.springframework.test.context.web.ServletTestExecutionListener, org.springframework.test.context.support.DirtiesContextBeforeModesTestExecutionListener, org.springframework.test.context.support.DependencyInjectionTestExecutionListener, org.springframework.test.context.support.DirtiesContextTestExecutionListener, org.springframework.test.context.transaction.TransactionalTestExecutionListener, org.springframework.test.context.jdbc.SqlScriptsTestExecutionListener]
2019-07-02 09:46:23.581  INFO 2760 --- [    Test worker] .b.t.c.SpringBootTestContextBootstrapper : Using TestExecutionListeners: [org.springframework.test.context.web.ServletTestExecutionListener@4617bbfc, org.springframework.test.context.support.DirtiesContextBeforeModesTestExecutionListener@229a37d9, org.springframework.boot.test.mock.mockito.MockitoTestExecutionListener@64d23921, org.springframework.boot.test.autoconfigure.SpringBootDependencyInjectionTestExecutionListener@6edaad9e, org.springframework.test.context.support.DirtiesContextTestExecutionListener@156933e2, org.springframework.test.context.transaction.TransactionalTestExecutionListener@663eea69, org.springframework.test.context.jdbc.SqlScriptsTestExecutionListener@1350ccbe, org.springframework.boot.test.autoconfigure.restdocs.RestDocsTestExecutionListener@285d2517, org.springframework.boot.test.autoconfigure.web.client.MockRestServiceServerResetTestExecutionListener@74f7e5dd, org.springframework.boot.test.autoconfigure.web.servlet.MockMvcPrintOnlyOnFailureTestExecutionListener@650b3488, org.springframework.boot.test.autoconfigure.web.servlet.WebDriverTestExecutionListener@70ab31ab, org.springframework.boot.test.mock.mockito.ResetMocksTestExecutionListener@319fc734]

  .   ____          _            __ _ _
 /\\ / ___'_ __ _ _(_)_ __  __ _ \ \ \ \
( ( )\___ | '_ | '_| | '_ \/ _` | \ \ \ \
 \\/  ___)| |_)| | | | | || (_| |  ) ) ) )
  '  |____| .__|_| |_|_| |_\__, | / / / /
 =========|_|==============|___/=/_/_/_/
 :: Spring Boot ::       (v1.5.18.RELEASE)

2019-07-02 09:46:23.636  INFO 2760 --- [    Test worker] c.e.w.w.a.AutoOrderControllerMocksTest   : Starting AutoOrderControllerMocksTest on EPBYMINW0614 with PID 2760 (started by Dzmitry_Parkheichuk in D:\projects\autoservice-for-tests\autoservice-ws-autoorder)
2019-07-02 09:46:23.636  INFO 2760 --- [    Test worker] c.e.w.w.a.AutoOrderControllerMocksTest   : No active profile set, falling back to default profiles: default
2019-07-02 09:46:23.637  INFO 2760 --- [    Test worker] o.s.w.c.s.GenericWebApplicationContext   : Refreshing org.springframework.web.context.support.GenericWebApplicationContext@51bc054f: startup date [Tue Jul 02 09:46:23 MSK 2019]; root of context hierarchy
2019-07-02 09:46:23.835  INFO 2760 --- [    Test worker] f.a.AutowiredAnnotationBeanPostProcessor : JSR-330 'javax.inject.Inject' annotation found and supported for autowiring
2019-07-02 09:46:23.881  INFO 2760 --- [    Test worker] trationDelegate$BeanPostProcessorChecker : Bean 'org.springframework.transaction.annotation.ProxyTransactionManagementConfiguration' of type [org.springframework.transaction.annotation.ProxyTransactionManagementConfiguration$$EnhancerBySpringCGLIB$$5facadbf] is not eligible for getting processed by all BeanPostProcessors (for example: not eligible for auto-proxying)
2019-07-02 09:46:24.059  INFO 2760 --- [    Test worker] j.LocalContainerEntityManagerFactoryBean : Building JPA container EntityManagerFactory for persistence unit 'default'
2019-07-02 09:46:24.060  INFO 2760 --- [    Test worker] o.hibernate.jpa.internal.util.LogHelper  : HHH000204: Processing PersistenceUnitInfo [
	name: default
	...]
2019-07-02 09:46:24.065  INFO 2760 --- [    Test worker] org.hibernate.dialect.Dialect            : HHH000400: Using dialect: org.hibernate.dialect.MySQL5Dialect
2019-07-02 09:46:24.079  INFO 2760 --- [    Test worker] org.hibernate.tool.hbm2ddl.SchemaUpdate  : HHH000228: Running hbm2ddl schema update
2019-07-02 09:46:24.106  WARN 2760 --- [    Test worker] o.h.j.i.EntityManagerFactoryRegistry     : HHH000436: Entity manager factory name (default) is already registered.  If entity manager will be clustered or passivated, specify a unique value for property 'hibernate.ejb.entitymanager_factory_name'
2019-07-02 09:46:24.106  INFO 2760 --- [    Test worker] j.LocalContainerEntityManagerFactoryBean : Initialized JPA EntityManagerFactory for persistence unit 'default'
2019-07-02 09:46:24.323  INFO 2760 --- [    Test worker] s.w.s.m.m.a.RequestMappingHandlerAdapter : Looking for @ControllerAdvice: org.springframework.web.context.support.GenericWebApplicationContext@51bc054f: startup date [Tue Jul 02 09:46:23 MSK 2019]; root of context hierarchy
2019-07-02 09:46:24.337  INFO 2760 --- [    Test worker] s.w.s.m.m.a.RequestMappingHandlerMapping : Mapped "{[/api/autoOrders/{order_id}],methods=[PUT],consumes=[application/json],produces=[application/json]}" onto public org.springframework.http.ResponseEntity<com.epam.ws.model.AutoOrder> com.epam.ws.web.api.AutoOrderController.updateAutoOrder(com.epam.ws.model.AutoOrder)
2019-07-02 09:46:24.337  INFO 2760 --- [    Test worker] s.w.s.m.m.a.RequestMappingHandlerMapping : Mapped "{[/api/autoOrders/{order_id}],methods=[DELETE],consumes=[application/json]}" onto public org.springframework.http.ResponseEntity<com.epam.ws.model.AutoOrder> com.epam.ws.web.api.AutoOrderController.deleteAutoOrder(java.lang.Long)
2019-07-02 09:46:24.337  INFO 2760 --- [    Test worker] s.w.s.m.m.a.RequestMappingHandlerMapping : Mapped "{[/api/autoOrders],methods=[POST],consumes=[application/json],produces=[application/json]}" onto public org.springframework.http.ResponseEntity<com.epam.ws.model.AutoOrder> com.epam.ws.web.api.AutoOrderController.createAutoOrder(com.epam.ws.model.AutoOrder)
2019-07-02 09:46:24.337  INFO 2760 --- [    Test worker] s.w.s.m.m.a.RequestMappingHandlerMapping : Mapped "{[/api/autoOrders/{order_id}],methods=[GET],produces=[application/json]}" onto public org.springframework.http.ResponseEntity<com.epam.ws.model.AutoOrder> com.epam.ws.web.api.AutoOrderController.getAutoOrder(java.lang.Long)
2019-07-02 09:46:24.338  INFO 2760 --- [    Test worker] s.w.s.m.m.a.RequestMappingHandlerMapping : Mapped "{[/api/autoOrders],methods=[GET],produces=[application/json]}" onto public org.springframework.http.ResponseEntity<java.util.Collection<com.epam.ws.model.AutoOrder>> com.epam.ws.web.api.AutoOrderController.getAutoOrders()
2019-07-02 09:46:24.339  INFO 2760 --- [    Test worker] s.w.s.m.m.a.RequestMappingHandlerMapping : Mapped "{[/error]}" onto public org.springframework.http.ResponseEntity<java.util.Map<java.lang.String, java.lang.Object>> org.springframework.boot.autoconfigure.web.BasicErrorController.error(javax.servlet.http.HttpServletRequest)
2019-07-02 09:46:24.339  INFO 2760 --- [    Test worker] s.w.s.m.m.a.RequestMappingHandlerMapping : Mapped "{[/error],produces=[text/html]}" onto public org.springframework.web.servlet.ModelAndView org.springframework.boot.autoconfigure.web.BasicErrorController.errorHtml(javax.servlet.http.HttpServletRequest,javax.servlet.http.HttpServletResponse)
2019-07-02 09:46:24.356  INFO 2760 --- [    Test worker] o.s.w.s.handler.SimpleUrlHandlerMapping  : Mapped URL path [/webjars/**] onto handler of type [class org.springframework.web.servlet.resource.ResourceHttpRequestHandler]
2019-07-02 09:46:24.356  INFO 2760 --- [    Test worker] o.s.w.s.handler.SimpleUrlHandlerMapping  : Mapped URL path [/**] onto handler of type [class org.springframework.web.servlet.resource.ResourceHttpRequestHandler]
2019-07-02 09:46:24.382  INFO 2760 --- [    Test worker] o.s.w.s.handler.SimpleUrlHandlerMapping  : Mapped URL path [/**/favicon.ico] onto handler of type [class org.springframework.web.servlet.resource.ResourceHttpRequestHandler]
2019-07-02 09:46:24.513  INFO 2760 --- [    Test worker] c.e.w.w.a.AutoOrderControllerMocksTest   : Started AutoOrderControllerMocksTest in 0.926 seconds (JVM running for 12.183)
2019-07-02 09:46:24.707  INFO 2760 --- [    Test worker] o.s.t.c.transaction.TransactionContext   : Began transaction (1) for test context [DefaultTestContext@67308b70 testClass = AutoOrderControllerMocksTest, testInstance = com.epam.ws.web.api.AutoOrderControllerMocksTest@c20f983, testMethod = testGetAutoOrder@AutoOrderControllerMocksTest, testException = [null], mergedContextConfiguration = [WebMergedContextConfiguration@c95d3f1 testClass = AutoOrderControllerMocksTest, locations = '{}', classes = '{class com.epam.Application, class com.epam.Application}', contextInitializerClasses = '[]', activeProfiles = '{}', propertySourceLocations = '{}', propertySourceProperties = '{org.springframework.boot.test.context.SpringBootTestContextBootstrapper=true}', contextCustomizers = set[org.springframework.boot.test.autoconfigure.properties.PropertyMappingContextCustomizer@0, org.springframework.boot.test.autoconfigure.web.servlet.WebDriverContextCustomizerFactory$Customizer@47c654e7, org.springframework.boot.test.context.SpringBootTestContextCustomizer@2e815399, org.springframework.boot.test.context.filter.ExcludeFilterContextCustomizer@453ce32f, org.springframework.boot.test.json.DuplicateJsonObjectContextCustomizerFactory$DuplicateJsonObjectContextCustomizer@18cc565e, org.springframework.boot.test.mock.mockito.MockitoContextCustomizer@0, org.springframework.test.context.web.socket.MockServerContainerContextCustomizer@746fe84c], resourceBasePath = 'src/main/webapp', contextLoader = 'org.springframework.boot.test.context.SpringBootContextLoader', parent = [null]]]; transaction manager [org.springframework.orm.jpa.JpaTransactionManager@17a74576]; rollback [true]
2019-07-02 09:46:24.732  INFO 2760 --- [    Test worker] ilder$StaticRequestMappingHandlerMapping : Mapped "{[/api/autoOrders/{order_id}],methods=[PUT],consumes=[application/json],produces=[application/json]}" onto public org.springframework.http.ResponseEntity<com.epam.ws.model.AutoOrder> com.epam.ws.web.api.AutoOrderController.updateAutoOrder(com.epam.ws.model.AutoOrder)
2019-07-02 09:46:24.732  INFO 2760 --- [    Test worker] ilder$StaticRequestMappingHandlerMapping : Mapped "{[/api/autoOrders/{order_id}],methods=[DELETE],consumes=[application/json]}" onto public org.springframework.http.ResponseEntity<com.epam.ws.model.AutoOrder> com.epam.ws.web.api.AutoOrderController.deleteAutoOrder(java.lang.Long)
2019-07-02 09:46:24.732  INFO 2760 --- [    Test worker] ilder$StaticRequestMappingHandlerMapping : Mapped "{[/api/autoOrders],methods=[POST],consumes=[application/json],produces=[application/json]}" onto public org.springframework.http.ResponseEntity<com.epam.ws.model.AutoOrder> com.epam.ws.web.api.AutoOrderController.createAutoOrder(com.epam.ws.model.AutoOrder)
2019-07-02 09:46:24.733  INFO 2760 --- [    Test worker] ilder$StaticRequestMappingHandlerMapping : Mapped "{[/api/autoOrders/{order_id}],methods=[GET],produces=[application/json]}" onto public org.springframework.http.ResponseEntity<com.epam.ws.model.AutoOrder> com.epam.ws.web.api.AutoOrderController.getAutoOrder(java.lang.Long)
2019-07-02 09:46:24.733  INFO 2760 --- [    Test worker] ilder$StaticRequestMappingHandlerMapping : Mapped "{[/api/autoOrders],methods=[GET],produces=[application/json]}" onto public org.springframework.http.ResponseEntity<java.util.Collection<com.epam.ws.model.AutoOrder>> com.epam.ws.web.api.AutoOrderController.getAutoOrders()
2019-07-02 09:46:24.750  INFO 2760 --- [    Test worker] s.w.s.m.m.a.RequestMappingHandlerAdapter : Looking for @ControllerAdvice: org.springframework.test.web.servlet.setup.StubWebApplicationContext@495f9039
2019-07-02 09:46:24.763  INFO 2760 --- [    Test worker] o.s.mock.web.MockServletContext          : Initializing Spring FrameworkServlet ''
2019-07-02 09:46:24.763  INFO 2760 --- [    Test worker] o.s.t.web.servlet.TestDispatcherServlet  : FrameworkServlet '': initialization started
2019-07-02 09:46:24.764  INFO 2760 --- [    Test worker] o.s.t.web.servlet.TestDispatcherServlet  : FrameworkServlet '': initialization completed in 1 ms
2019-07-02 09:46:24.878  INFO 2760 --- [    Test worker] o.s.t.c.transaction.TransactionContext   : Rolled back transaction for test: [DefaultTestContext@67308b70 testClass = AutoOrderControllerMocksTest, testInstance = com.epam.ws.web.api.AutoOrderControllerMocksTest@c20f983, testMethod = testGetAutoOrder@AutoOrderControllerMocksTest, testException = [null], mergedContextConfiguration = [WebMergedContextConfiguration@c95d3f1 testClass = AutoOrderControllerMocksTest, locations = '{}', classes = '{class com.epam.Application, class com.epam.Application}', contextInitializerClasses = '[]', activeProfiles = '{}', propertySourceLocations = '{}', propertySourceProperties = '{org.springframework.boot.test.context.SpringBootTestContextBootstrapper=true}', contextCustomizers = set[org.springframework.boot.test.autoconfigure.properties.PropertyMappingContextCustomizer@0, org.springframework.boot.test.autoconfigure.web.servlet.WebDriverContextCustomizerFactory$Customizer@47c654e7, org.springframework.boot.test.context.SpringBootTestContextCustomizer@2e815399, org.springframework.boot.test.context.filter.ExcludeFilterContextCustomizer@453ce32f, org.springframework.boot.test.json.DuplicateJsonObjectContextCustomizerFactory$DuplicateJsonObjectContextCustomizer@18cc565e, org.springframework.boot.test.mock.mockito.MockitoContextCustomizer@0, org.springframework.test.context.web.socket.MockServerContainerContextCustomizer@746fe84c], resourceBasePath = 'src/main/webapp', contextLoader = 'org.springframework.boot.test.context.SpringBootContextLoader', parent = [null]]]
2019-07-02 09:46:24.883  INFO 2760 --- [    Test worker] o.s.t.c.transaction.TransactionContext   : Began transaction (1) for test context [DefaultTestContext@67308b70 testClass = AutoOrderControllerMocksTest, testInstance = com.epam.ws.web.api.AutoOrderControllerMocksTest@553e8dfe, testMethod = testUpdateAutoOrder@AutoOrderControllerMocksTest, testException = [null], mergedContextConfiguration = [WebMergedContextConfiguration@c95d3f1 testClass = AutoOrderControllerMocksTest, locations = '{}', classes = '{class com.epam.Application, class com.epam.Application}', contextInitializerClasses = '[]', activeProfiles = '{}', propertySourceLocations = '{}', propertySourceProperties = '{org.springframework.boot.test.context.SpringBootTestContextBootstrapper=true}', contextCustomizers = set[org.springframework.boot.test.autoconfigure.properties.PropertyMappingContextCustomizer@0, org.springframework.boot.test.autoconfigure.web.servlet.WebDriverContextCustomizerFactory$Customizer@47c654e7, org.springframework.boot.test.context.SpringBootTestContextCustomizer@2e815399, org.springframework.boot.test.context.filter.ExcludeFilterContextCustomizer@453ce32f, org.springframework.boot.test.json.DuplicateJsonObjectContextCustomizerFactory$DuplicateJsonObjectContextCustomizer@18cc565e, org.springframework.boot.test.mock.mockito.MockitoContextCustomizer@0, org.springframework.test.context.web.socket.MockServerContainerContextCustomizer@746fe84c], resourceBasePath = 'src/main/webapp', contextLoader = 'org.springframework.boot.test.context.SpringBootContextLoader', parent = [null]]]; transaction manager [org.springframework.orm.jpa.JpaTransactionManager@17a74576]; rollback [true]
2019-07-02 09:46:24.886  INFO 2760 --- [    Test worker] ilder$StaticRequestMappingHandlerMapping : Mapped "{[/api/autoOrders/{order_id}],methods=[PUT],consumes=[application/json],produces=[application/json]}" onto public org.springframework.http.ResponseEntity<com.epam.ws.model.AutoOrder> com.epam.ws.web.api.AutoOrderController.updateAutoOrder(com.epam.ws.model.AutoOrder)
2019-07-02 09:46:24.886  INFO 2760 --- [    Test worker] ilder$StaticRequestMappingHandlerMapping : Mapped "{[/api/autoOrders/{order_id}],methods=[DELETE],consumes=[application/json]}" onto public org.springframework.http.ResponseEntity<com.epam.ws.model.AutoOrder> com.epam.ws.web.api.AutoOrderController.deleteAutoOrder(java.lang.Long)
2019-07-02 09:46:24.887  INFO 2760 --- [    Test worker] ilder$StaticRequestMappingHandlerMapping : Mapped "{[/api/autoOrders],methods=[POST],consumes=[application/json],produces=[application/json]}" onto public org.springframework.http.ResponseEntity<com.epam.ws.model.AutoOrder> com.epam.ws.web.api.AutoOrderController.createAutoOrder(com.epam.ws.model.AutoOrder)
2019-07-02 09:46:24.887  INFO 2760 --- [    Test worker] ilder$StaticRequestMappingHandlerMapping : Mapped "{[/api/autoOrders/{order_id}],methods=[GET],produces=[application/json]}" onto public org.springframework.http.ResponseEntity<com.epam.ws.model.AutoOrder> com.epam.ws.web.api.AutoOrderController.getAutoOrder(java.lang.Long)
2019-07-02 09:46:24.887  INFO 2760 --- [    Test worker] ilder$StaticRequestMappingHandlerMapping : Mapped "{[/api/autoOrders],methods=[GET],produces=[application/json]}" onto public org.springframework.http.ResponseEntity<java.util.Collection<com.epam.ws.model.AutoOrder>> com.epam.ws.web.api.AutoOrderController.getAutoOrders()
2019-07-02 09:46:24.894  INFO 2760 --- [    Test worker] s.w.s.m.m.a.RequestMappingHandlerAdapter : Looking for @ControllerAdvice: org.springframework.test.web.servlet.setup.StubWebApplicationContext@2682f33
2019-07-02 09:46:24.896  INFO 2760 --- [    Test worker] o.s.mock.web.MockServletContext          : Initializing Spring FrameworkServlet ''
2019-07-02 09:46:24.896  INFO 2760 --- [    Test worker] o.s.t.web.servlet.TestDispatcherServlet  : FrameworkServlet '': initialization started
2019-07-02 09:46:24.896  INFO 2760 --- [    Test worker] o.s.t.web.servlet.TestDispatcherServlet  : FrameworkServlet '': initialization completed in 0 ms
2019-07-02 09:46:24.974  INFO 2760 --- [    Test worker] o.s.t.c.transaction.TransactionContext   : Rolled back transaction for test: [DefaultTestContext@67308b70 testClass = AutoOrderControllerMocksTest, testInstance = com.epam.ws.web.api.AutoOrderControllerMocksTest@553e8dfe, testMethod = testUpdateAutoOrder@AutoOrderControllerMocksTest, testException = [null], mergedContextConfiguration = [WebMergedContextConfiguration@c95d3f1 testClass = AutoOrderControllerMocksTest, locations = '{}', classes = '{class com.epam.Application, class com.epam.Application}', contextInitializerClasses = '[]', activeProfiles = '{}', propertySourceLocations = '{}', propertySourceProperties = '{org.springframework.boot.test.context.SpringBootTestContextBootstrapper=true}', contextCustomizers = set[org.springframework.boot.test.autoconfigure.properties.PropertyMappingContextCustomizer@0, org.springframework.boot.test.autoconfigure.web.servlet.WebDriverContextCustomizerFactory$Customizer@47c654e7, org.springframework.boot.test.context.SpringBootTestContextCustomizer@2e815399, org.springframework.boot.test.context.filter.ExcludeFilterContextCustomizer@453ce32f, org.springframework.boot.test.json.DuplicateJsonObjectContextCustomizerFactory$DuplicateJsonObjectContextCustomizer@18cc565e, org.springframework.boot.test.mock.mockito.MockitoContextCustomizer@0, org.springframework.test.context.web.socket.MockServerContainerContextCustomizer@746fe84c], resourceBasePath = 'src/main/webapp', contextLoader = 'org.springframework.boot.test.context.SpringBootContextLoader', parent = [null]]]
2019-07-02 09:46:24.980  INFO 2760 --- [    Test worker] o.s.t.c.transaction.TransactionContext   : Began transaction (1) for test context [DefaultTestContext@67308b70 testClass = AutoOrderControllerMocksTest, testInstance = com.epam.ws.web.api.AutoOrderControllerMocksTest@5475b88e, testMethod = testCreateAutoOrder@AutoOrderControllerMocksTest, testException = [null], mergedContextConfiguration = [WebMergedContextConfiguration@c95d3f1 testClass = AutoOrderControllerMocksTest, locations = '{}', classes = '{class com.epam.Application, class com.epam.Application}', contextInitializerClasses = '[]', activeProfiles = '{}', propertySourceLocations = '{}', propertySourceProperties = '{org.springframework.boot.test.context.SpringBootTestContextBootstrapper=true}', contextCustomizers = set[org.springframework.boot.test.autoconfigure.properties.PropertyMappingContextCustomizer@0, org.springframework.boot.test.autoconfigure.web.servlet.WebDriverContextCustomizerFactory$Customizer@47c654e7, org.springframework.boot.test.context.SpringBootTestContextCustomizer@2e815399, org.springframework.boot.test.context.filter.ExcludeFilterContextCustomizer@453ce32f, org.springframework.boot.test.json.DuplicateJsonObjectContextCustomizerFactory$DuplicateJsonObjectContextCustomizer@18cc565e, org.springframework.boot.test.mock.mockito.MockitoContextCustomizer@0, org.springframework.test.context.web.socket.MockServerContainerContextCustomizer@746fe84c], resourceBasePath = 'src/main/webapp', contextLoader = 'org.springframework.boot.test.context.SpringBootContextLoader', parent = [null]]]; transaction manager [org.springframework.orm.jpa.JpaTransactionManager@17a74576]; rollback [true]
2019-07-02 09:46:24.982  INFO 2760 --- [    Test worker] ilder$StaticRequestMappingHandlerMapping : Mapped "{[/api/autoOrders/{order_id}],methods=[PUT],consumes=[application/json],produces=[application/json]}" onto public org.springframework.http.ResponseEntity<com.epam.ws.model.AutoOrder> com.epam.ws.web.api.AutoOrderController.updateAutoOrder(com.epam.ws.model.AutoOrder)
2019-07-02 09:46:24.982  INFO 2760 --- [    Test worker] ilder$StaticRequestMappingHandlerMapping : Mapped "{[/api/autoOrders/{order_id}],methods=[DELETE],consumes=[application/json]}" onto public org.springframework.http.ResponseEntity<com.epam.ws.model.AutoOrder> com.epam.ws.web.api.AutoOrderController.deleteAutoOrder(java.lang.Long)
2019-07-02 09:46:24.983  INFO 2760 --- [    Test worker] ilder$StaticRequestMappingHandlerMapping : Mapped "{[/api/autoOrders],methods=[POST],consumes=[application/json],produces=[application/json]}" onto public org.springframework.http.ResponseEntity<com.epam.ws.model.AutoOrder> com.epam.ws.web.api.AutoOrderController.createAutoOrder(com.epam.ws.model.AutoOrder)
2019-07-02 09:46:24.983  INFO 2760 --- [    Test worker] ilder$StaticRequestMappingHandlerMapping : Mapped "{[/api/autoOrders/{order_id}],methods=[GET],produces=[application/json]}" onto public org.springframework.http.ResponseEntity<com.epam.ws.model.AutoOrder> com.epam.ws.web.api.AutoOrderController.getAutoOrder(java.lang.Long)
2019-07-02 09:46:24.983  INFO 2760 --- [    Test worker] ilder$StaticRequestMappingHandlerMapping : Mapped "{[/api/autoOrders],methods=[GET],produces=[application/json]}" onto public org.springframework.http.ResponseEntity<java.util.Collection<com.epam.ws.model.AutoOrder>> com.epam.ws.web.api.AutoOrderController.getAutoOrders()
2019-07-02 09:46:24.990  INFO 2760 --- [    Test worker] s.w.s.m.m.a.RequestMappingHandlerAdapter : Looking for @ControllerAdvice: org.springframework.test.web.servlet.setup.StubWebApplicationContext@2ec4a5fe
2019-07-02 09:46:24.993  INFO 2760 --- [    Test worker] o.s.mock.web.MockServletContext          : Initializing Spring FrameworkServlet ''
2019-07-02 09:46:24.993  INFO 2760 --- [    Test worker] o.s.t.web.servlet.TestDispatcherServlet  : FrameworkServlet '': initialization started
2019-07-02 09:46:24.993  INFO 2760 --- [    Test worker] o.s.t.web.servlet.TestDispatcherServlet  : FrameworkServlet '': initialization completed in 0 ms
2019-07-02 09:46:25.000  INFO 2760 --- [    Test worker] o.s.t.c.transaction.TransactionContext   : Rolled back transaction for test: [DefaultTestContext@67308b70 testClass = AutoOrderControllerMocksTest, testInstance = com.epam.ws.web.api.AutoOrderControllerMocksTest@5475b88e, testMethod = testCreateAutoOrder@AutoOrderControllerMocksTest, testException = [null], mergedContextConfiguration = [WebMergedContextConfiguration@c95d3f1 testClass = AutoOrderControllerMocksTest, locations = '{}', classes = '{class com.epam.Application, class com.epam.Application}', contextInitializerClasses = '[]', activeProfiles = '{}', propertySourceLocations = '{}', propertySourceProperties = '{org.springframework.boot.test.context.SpringBootTestContextBootstrapper=true}', contextCustomizers = set[org.springframework.boot.test.autoconfigure.properties.PropertyMappingContextCustomizer@0, org.springframework.boot.test.autoconfigure.web.servlet.WebDriverContextCustomizerFactory$Customizer@47c654e7, org.springframework.boot.test.context.SpringBootTestContextCustomizer@2e815399, org.springframework.boot.test.context.filter.ExcludeFilterContextCustomizer@453ce32f, org.springframework.boot.test.json.DuplicateJsonObjectContextCustomizerFactory$DuplicateJsonObjectContextCustomizer@18cc565e, org.springframework.boot.test.mock.mockito.MockitoContextCustomizer@0, org.springframework.test.context.web.socket.MockServerContainerContextCustomizer@746fe84c], resourceBasePath = 'src/main/webapp', contextLoader = 'org.springframework.boot.test.context.SpringBootContextLoader', parent = [null]]]
2019-07-02 09:46:25.005  INFO 2760 --- [    Test worker] o.s.t.c.transaction.TransactionContext   : Began transaction (1) for test context [DefaultTestContext@67308b70 testClass = AutoOrderControllerMocksTest, testInstance = com.epam.ws.web.api.AutoOrderControllerMocksTest@34510fe1, testMethod = testGetAutoOrderNotFound@AutoOrderControllerMocksTest, testException = [null], mergedContextConfiguration = [WebMergedContextConfiguration@c95d3f1 testClass = AutoOrderControllerMocksTest, locations = '{}', classes = '{class com.epam.Application, class com.epam.Application}', contextInitializerClasses = '[]', activeProfiles = '{}', propertySourceLocations = '{}', propertySourceProperties = '{org.springframework.boot.test.context.SpringBootTestContextBootstrapper=true}', contextCustomizers = set[org.springframework.boot.test.autoconfigure.properties.PropertyMappingContextCustomizer@0, org.springframework.boot.test.autoconfigure.web.servlet.WebDriverContextCustomizerFactory$Customizer@47c654e7, org.springframework.boot.test.context.SpringBootTestContextCustomizer@2e815399, org.springframework.boot.test.context.filter.ExcludeFilterContextCustomizer@453ce32f, org.springframework.boot.test.json.DuplicateJsonObjectContextCustomizerFactory$DuplicateJsonObjectContextCustomizer@18cc565e, org.springframework.boot.test.mock.mockito.MockitoContextCustomizer@0, org.springframework.test.context.web.socket.MockServerContainerContextCustomizer@746fe84c], resourceBasePath = 'src/main/webapp', contextLoader = 'org.springframework.boot.test.context.SpringBootContextLoader', parent = [null]]]; transaction manager [org.springframework.orm.jpa.JpaTransactionManager@17a74576]; rollback [true]
2019-07-02 09:46:25.009  INFO 2760 --- [    Test worker] ilder$StaticRequestMappingHandlerMapping : Mapped "{[/api/autoOrders/{order_id}],methods=[PUT],consumes=[application/json],produces=[application/json]}" onto public org.springframework.http.ResponseEntity<com.epam.ws.model.AutoOrder> com.epam.ws.web.api.AutoOrderController.updateAutoOrder(com.epam.ws.model.AutoOrder)
2019-07-02 09:46:25.009  INFO 2760 --- [    Test worker] ilder$StaticRequestMappingHandlerMapping : Mapped "{[/api/autoOrders/{order_id}],methods=[DELETE],consumes=[application/json]}" onto public org.springframework.http.ResponseEntity<com.epam.ws.model.AutoOrder> com.epam.ws.web.api.AutoOrderController.deleteAutoOrder(java.lang.Long)
2019-07-02 09:46:25.009  INFO 2760 --- [    Test worker] ilder$StaticRequestMappingHandlerMapping : Mapped "{[/api/autoOrders],methods=[POST],consumes=[application/json],produces=[application/json]}" onto public org.springframework.http.ResponseEntity<com.epam.ws.model.AutoOrder> com.epam.ws.web.api.AutoOrderController.createAutoOrder(com.epam.ws.model.AutoOrder)
2019-07-02 09:46:25.009  INFO 2760 --- [    Test worker] ilder$StaticRequestMappingHandlerMapping : Mapped "{[/api/autoOrders/{order_id}],methods=[GET],produces=[application/json]}" onto public org.springframework.http.ResponseEntity<com.epam.ws.model.AutoOrder> com.epam.ws.web.api.AutoOrderController.getAutoOrder(java.lang.Long)
2019-07-02 09:46:25.010  INFO 2760 --- [    Test worker] ilder$StaticRequestMappingHandlerMapping : Mapped "{[/api/autoOrders],methods=[GET],produces=[application/json]}" onto public org.springframework.http.ResponseEntity<java.util.Collection<com.epam.ws.model.AutoOrder>> com.epam.ws.web.api.AutoOrderController.getAutoOrders()
2019-07-02 09:46:25.016  INFO 2760 --- [    Test worker] s.w.s.m.m.a.RequestMappingHandlerAdapter : Looking for @ControllerAdvice: org.springframework.test.web.servlet.setup.StubWebApplicationContext@6320a5b6
2019-07-02 09:46:25.019  INFO 2760 --- [    Test worker] o.s.mock.web.MockServletContext          : Initializing Spring FrameworkServlet ''
2019-07-02 09:46:25.019  INFO 2760 --- [    Test worker] o.s.t.web.servlet.TestDispatcherServlet  : FrameworkServlet '': initialization started
2019-07-02 09:46:25.019  INFO 2760 --- [    Test worker] o.s.t.web.servlet.TestDispatcherServlet  : FrameworkServlet '': initialization completed in 0 ms
2019-07-02 09:46:25.023  INFO 2760 --- [    Test worker] o.s.t.c.transaction.TransactionContext   : Rolled back transaction for test: [DefaultTestContext@67308b70 testClass = AutoOrderControllerMocksTest, testInstance = com.epam.ws.web.api.AutoOrderControllerMocksTest@34510fe1, testMethod = testGetAutoOrderNotFound@AutoOrderControllerMocksTest, testException = [null], mergedContextConfiguration = [WebMergedContextConfiguration@c95d3f1 testClass = AutoOrderControllerMocksTest, locations = '{}', classes = '{class com.epam.Application, class com.epam.Application}', contextInitializerClasses = '[]', activeProfiles = '{}', propertySourceLocations = '{}', propertySourceProperties = '{org.springframework.boot.test.context.SpringBootTestContextBootstrapper=true}', contextCustomizers = set[org.springframework.boot.test.autoconfigure.properties.PropertyMappingContextCustomizer@0, org.springframework.boot.test.autoconfigure.web.servlet.WebDriverContextCustomizerFactory$Customizer@47c654e7, org.springframework.boot.test.context.SpringBootTestContextCustomizer@2e815399, org.springframework.boot.test.context.filter.ExcludeFilterContextCustomizer@453ce32f, org.springframework.boot.test.json.DuplicateJsonObjectContextCustomizerFactory$DuplicateJsonObjectContextCustomizer@18cc565e, org.springframework.boot.test.mock.mockito.MockitoContextCustomizer@0, org.springframework.test.context.web.socket.MockServerContainerContextCustomizer@746fe84c], resourceBasePath = 'src/main/webapp', contextLoader = 'org.springframework.boot.test.context.SpringBootContextLoader', parent = [null]]]
2019-07-02 09:46:25.028  INFO 2760 --- [    Test worker] o.s.t.c.transaction.TransactionContext   : Began transaction (1) for test context [DefaultTestContext@67308b70 testClass = AutoOrderControllerMocksTest, testInstance = com.epam.ws.web.api.AutoOrderControllerMocksTest@c3006e9, testMethod = testGetAutoOrders@AutoOrderControllerMocksTest, testException = [null], mergedContextConfiguration = [WebMergedContextConfiguration@c95d3f1 testClass = AutoOrderControllerMocksTest, locations = '{}', classes = '{class com.epam.Application, class com.epam.Application}', contextInitializerClasses = '[]', activeProfiles = '{}', propertySourceLocations = '{}', propertySourceProperties = '{org.springframework.boot.test.context.SpringBootTestContextBootstrapper=true}', contextCustomizers = set[org.springframework.boot.test.autoconfigure.properties.PropertyMappingContextCustomizer@0, org.springframework.boot.test.autoconfigure.web.servlet.WebDriverContextCustomizerFactory$Customizer@47c654e7, org.springframework.boot.test.context.SpringBootTestContextCustomizer@2e815399, org.springframework.boot.test.context.filter.ExcludeFilterContextCustomizer@453ce32f, org.springframework.boot.test.json.DuplicateJsonObjectContextCustomizerFactory$DuplicateJsonObjectContextCustomizer@18cc565e, org.springframework.boot.test.mock.mockito.MockitoContextCustomizer@0, org.springframework.test.context.web.socket.MockServerContainerContextCustomizer@746fe84c], resourceBasePath = 'src/main/webapp', contextLoader = 'org.springframework.boot.test.context.SpringBootContextLoader', parent = [null]]]; transaction manager [org.springframework.orm.jpa.JpaTransactionManager@17a74576]; rollback [true]
2019-07-02 09:46:25.030  INFO 2760 --- [    Test worker] ilder$StaticRequestMappingHandlerMapping : Mapped "{[/api/autoOrders/{order_id}],methods=[PUT],consumes=[application/json],produces=[application/json]}" onto public org.springframework.http.ResponseEntity<com.epam.ws.model.AutoOrder> com.epam.ws.web.api.AutoOrderController.updateAutoOrder(com.epam.ws.model.AutoOrder)
2019-07-02 09:46:25.031  INFO 2760 --- [    Test worker] ilder$StaticRequestMappingHandlerMapping : Mapped "{[/api/autoOrders/{order_id}],methods=[DELETE],consumes=[application/json]}" onto public org.springframework.http.ResponseEntity<com.epam.ws.model.AutoOrder> com.epam.ws.web.api.AutoOrderController.deleteAutoOrder(java.lang.Long)
2019-07-02 09:46:25.031  INFO 2760 --- [    Test worker] ilder$StaticRequestMappingHandlerMapping : Mapped "{[/api/autoOrders],methods=[POST],consumes=[application/json],produces=[application/json]}" onto public org.springframework.http.ResponseEntity<com.epam.ws.model.AutoOrder> com.epam.ws.web.api.AutoOrderController.createAutoOrder(com.epam.ws.model.AutoOrder)
2019-07-02 09:46:25.031  INFO 2760 --- [    Test worker] ilder$StaticRequestMappingHandlerMapping : Mapped "{[/api/autoOrders/{order_id}],methods=[GET],produces=[application/json]}" onto public org.springframework.http.ResponseEntity<com.epam.ws.model.AutoOrder> com.epam.ws.web.api.AutoOrderController.getAutoOrder(java.lang.Long)
2019-07-02 09:46:25.031  INFO 2760 --- [    Test worker] ilder$StaticRequestMappingHandlerMapping : Mapped "{[/api/autoOrders],methods=[GET],produces=[application/json]}" onto public org.springframework.http.ResponseEntity<java.util.Collection<com.epam.ws.model.AutoOrder>> com.epam.ws.web.api.AutoOrderController.getAutoOrders()
2019-07-02 09:46:25.038  INFO 2760 --- [    Test worker] s.w.s.m.m.a.RequestMappingHandlerAdapter : Looking for @ControllerAdvice: org.springframework.test.web.servlet.setup.StubWebApplicationContext@3839052f
2019-07-02 09:46:25.041  INFO 2760 --- [    Test worker] o.s.mock.web.MockServletContext          : Initializing Spring FrameworkServlet ''
2019-07-02 09:46:25.041  INFO 2760 --- [    Test worker] o.s.t.web.servlet.TestDispatcherServlet  : FrameworkServlet '': initialization started
2019-07-02 09:46:25.041  INFO 2760 --- [    Test worker] o.s.t.web.servlet.TestDispatcherServlet  : FrameworkServlet '': initialization completed in 0 ms
2019-07-02 09:46:25.048  INFO 2760 --- [    Test worker] o.s.t.c.transaction.TransactionContext   : Rolled back transaction for test: [DefaultTestContext@67308b70 testClass = AutoOrderControllerMocksTest, testInstance = com.epam.ws.web.api.AutoOrderControllerMocksTest@c3006e9, testMethod = testGetAutoOrders@AutoOrderControllerMocksTest, testException = [null], mergedContextConfiguration = [WebMergedContextConfiguration@c95d3f1 testClass = AutoOrderControllerMocksTest, locations = '{}', classes = '{class com.epam.Application, class com.epam.Application}', contextInitializerClasses = '[]', activeProfiles = '{}', propertySourceLocations = '{}', propertySourceProperties = '{org.springframework.boot.test.context.SpringBootTestContextBootstrapper=true}', contextCustomizers = set[org.springframework.boot.test.autoconfigure.properties.PropertyMappingContextCustomizer@0, org.springframework.boot.test.autoconfigure.web.servlet.WebDriverContextCustomizerFactory$Customizer@47c654e7, org.springframework.boot.test.context.SpringBootTestContextCustomizer@2e815399, org.springframework.boot.test.context.filter.ExcludeFilterContextCustomizer@453ce32f, org.springframework.boot.test.json.DuplicateJsonObjectContextCustomizerFactory$DuplicateJsonObjectContextCustomizer@18cc565e, org.springframework.boot.test.mock.mockito.MockitoContextCustomizer@0, org.springframework.test.context.web.socket.MockServerContainerContextCustomizer@746fe84c], resourceBasePath = 'src/main/webapp', contextLoader = 'org.springframework.boot.test.context.SpringBootContextLoader', parent = [null]]]
]]></system-out>
  <system-err><![CDATA[]]></system-err>
</testsuite>
