<?xml version="1.0" encoding="UTF-8"?>
<testsuite name="com.epam.ws.web.api.AutoOrderControllerTest" tests="6" skipped="0" failures="0" errors="0" timestamp="2019-07-04T08:49:07" hostname="EPBYMINW0614" time="0.107">
  <properties/>
  <testcase name="testDeleteAutoOrder" classname="com.epam.ws.web.api.AutoOrderControllerTest" time="0.021"/>
  <testcase name="testGetAutoOrder" classname="com.epam.ws.web.api.AutoOrderControllerTest" time="0.011"/>
  <testcase name="testUpdateAutoOrder" classname="com.epam.ws.web.api.AutoOrderControllerTest" time="0.018"/>
  <testcase name="testCreateAutoOrder" classname="com.epam.ws.web.api.AutoOrderControllerTest" time="0.018"/>
  <testcase name="testGetAutoOrderNotFound" classname="com.epam.ws.web.api.AutoOrderControllerTest" time="0.011"/>
  <testcase name="testGetAutoOrders" classname="com.epam.ws.web.api.AutoOrderControllerTest" time="0.015"/>
  <system-out><![CDATA[2019-07-04 11:49:07.666  INFO 27104 --- [    Test worker] .b.t.c.SpringBootTestContextBootstrapper : Neither @ContextConfiguration nor @ContextHierarchy found for test class [com.epam.ws.web.api.AutoOrderControllerTest], using SpringBootContextLoader
2019-07-04 11:49:07.667  INFO 27104 --- [    Test worker] o.s.t.c.support.AbstractContextLoader    : Could not detect default resource locations for test class [com.epam.ws.web.api.AutoOrderControllerTest]: no resource found for suffixes {-context.xml, Context.groovy}.
2019-07-04 11:49:07.673  INFO 27104 --- [    Test worker] .b.t.c.SpringBootTestContextBootstrapper : Loaded default TestExecutionListener class names from location [META-INF/spring.factories]: [org.springframework.boot.test.autoconfigure.restdocs.RestDocsTestExecutionListener, org.springframework.boot.test.autoconfigure.web.client.MockRestServiceServerResetTestExecutionListener, org.springframework.boot.test.autoconfigure.web.servlet.MockMvcPrintOnlyOnFailureTestExecutionListener, org.springframework.boot.test.autoconfigure.web.servlet.WebDriverTestExecutionListener, org.springframework.boot.test.mock.mockito.MockitoTestExecutionListener, org.springframework.boot.test.mock.mockito.ResetMocksTestExecutionListener, org.springframework.test.context.web.ServletTestExecutionListener, org.springframework.test.context.support.DirtiesContextBeforeModesTestExecutionListener, org.springframework.test.context.support.DependencyInjectionTestExecutionListener, org.springframework.test.context.support.DirtiesContextTestExecutionListener, org.springframework.test.context.transaction.TransactionalTestExecutionListener, org.springframework.test.context.jdbc.SqlScriptsTestExecutionListener]
2019-07-04 11:49:07.675  INFO 27104 --- [    Test worker] .b.t.c.SpringBootTestContextBootstrapper : Using TestExecutionListeners: [org.springframework.test.context.web.ServletTestExecutionListener@5596dbdf, org.springframework.test.context.support.DirtiesContextBeforeModesTestExecutionListener@61f3d6c2, org.springframework.boot.test.mock.mockito.MockitoTestExecutionListener@2687cbbd, org.springframework.boot.test.autoconfigure.SpringBootDependencyInjectionTestExecutionListener@20004280, org.springframework.test.context.support.DirtiesContextTestExecutionListener@432b3d7c, org.springframework.test.context.transaction.TransactionalTestExecutionListener@3c91a61d, org.springframework.test.context.jdbc.SqlScriptsTestExecutionListener@24d35811, org.springframework.boot.test.autoconfigure.restdocs.RestDocsTestExecutionListener@6651a49, org.springframework.boot.test.autoconfigure.web.client.MockRestServiceServerResetTestExecutionListener@1c3f0724, org.springframework.boot.test.autoconfigure.web.servlet.MockMvcPrintOnlyOnFailureTestExecutionListener@2d2ffbf0, org.springframework.boot.test.autoconfigure.web.servlet.WebDriverTestExecutionListener@13023d94, org.springframework.boot.test.mock.mockito.ResetMocksTestExecutionListener@3d9bdaef]
2019-07-04 11:49:07.725  INFO 27104 --- [    Test worker] o.s.t.c.transaction.TransactionContext   : Began transaction (1) for test context [DefaultTestContext@71f01e63 testClass = AutoOrderControllerTest, testInstance = com.epam.ws.web.api.AutoOrderControllerTest@3f0f93fe, testMethod = testDeleteAutoOrder@AutoOrderControllerTest, testException = [null], mergedContextConfiguration = [WebMergedContextConfiguration@59f9fc5f testClass = AutoOrderControllerTest, locations = '{}', classes = '{class com.epam.Application, class com.epam.Application}', contextInitializerClasses = '[]', activeProfiles = '{}', propertySourceLocations = '{}', propertySourceProperties = '{org.springframework.boot.test.context.SpringBootTestContextBootstrapper=true}', contextCustomizers = set[org.springframework.boot.test.autoconfigure.properties.PropertyMappingContextCustomizer@0, org.springframework.boot.test.autoconfigure.web.servlet.WebDriverContextCustomizerFactory$Customizer@554a7fb7, org.springframework.boot.test.context.SpringBootTestContextCustomizer@b6fd269, org.springframework.boot.test.context.filter.ExcludeFilterContextCustomizer@39deca11, org.springframework.boot.test.json.DuplicateJsonObjectContextCustomizerFactory$DuplicateJsonObjectContextCustomizer@30b0e23b, org.springframework.boot.test.mock.mockito.MockitoContextCustomizer@0, org.springframework.test.context.web.socket.MockServerContainerContextCustomizer@202db94e], resourceBasePath = 'src/main/webapp', contextLoader = 'org.springframework.boot.test.context.SpringBootContextLoader', parent = [null]]]; transaction manager [org.springframework.orm.jpa.JpaTransactionManager@4d4f36fa]; rollback [true]
2019-07-04 11:49:07.728  INFO 27104 --- [    Test worker] o.s.b.t.m.w.SpringBootMockServletContext : Initializing Spring FrameworkServlet ''
2019-07-04 11:49:07.729  INFO 27104 --- [    Test worker] o.s.t.web.servlet.TestDispatcherServlet  : FrameworkServlet '': initialization started
2019-07-04 11:49:07.736  INFO 27104 --- [    Test worker] o.s.t.web.servlet.TestDispatcherServlet  : FrameworkServlet '': initialization completed in 7 ms
2019-07-04 11:49:07.744  INFO 27104 --- [    Test worker] o.s.t.c.transaction.TransactionContext   : Rolled back transaction for test: [DefaultTestContext@71f01e63 testClass = AutoOrderControllerTest, testInstance = com.epam.ws.web.api.AutoOrderControllerTest@3f0f93fe, testMethod = testDeleteAutoOrder@AutoOrderControllerTest, testException = [null], mergedContextConfiguration = [WebMergedContextConfiguration@59f9fc5f testClass = AutoOrderControllerTest, locations = '{}', classes = '{class com.epam.Application, class com.epam.Application}', contextInitializerClasses = '[]', activeProfiles = '{}', propertySourceLocations = '{}', propertySourceProperties = '{org.springframework.boot.test.context.SpringBootTestContextBootstrapper=true}', contextCustomizers = set[org.springframework.boot.test.autoconfigure.properties.PropertyMappingContextCustomizer@0, org.springframework.boot.test.autoconfigure.web.servlet.WebDriverContextCustomizerFactory$Customizer@554a7fb7, org.springframework.boot.test.context.SpringBootTestContextCustomizer@b6fd269, org.springframework.boot.test.context.filter.ExcludeFilterContextCustomizer@39deca11, org.springframework.boot.test.json.DuplicateJsonObjectContextCustomizerFactory$DuplicateJsonObjectContextCustomizer@30b0e23b, org.springframework.boot.test.mock.mockito.MockitoContextCustomizer@0, org.springframework.test.context.web.socket.MockServerContainerContextCustomizer@202db94e], resourceBasePath = 'src/main/webapp', contextLoader = 'org.springframework.boot.test.context.SpringBootContextLoader', parent = [null]]]
2019-07-04 11:49:07.749  INFO 27104 --- [    Test worker] o.s.t.c.transaction.TransactionContext   : Began transaction (1) for test context [DefaultTestContext@71f01e63 testClass = AutoOrderControllerTest, testInstance = com.epam.ws.web.api.AutoOrderControllerTest@774fa683, testMethod = testGetAutoOrder@AutoOrderControllerTest, testException = [null], mergedContextConfiguration = [WebMergedContextConfiguration@59f9fc5f testClass = AutoOrderControllerTest, locations = '{}', classes = '{class com.epam.Application, class com.epam.Application}', contextInitializerClasses = '[]', activeProfiles = '{}', propertySourceLocations = '{}', propertySourceProperties = '{org.springframework.boot.test.context.SpringBootTestContextBootstrapper=true}', contextCustomizers = set[org.springframework.boot.test.autoconfigure.properties.PropertyMappingContextCustomizer@0, org.springframework.boot.test.autoconfigure.web.servlet.WebDriverContextCustomizerFactory$Customizer@554a7fb7, org.springframework.boot.test.context.SpringBootTestContextCustomizer@b6fd269, org.springframework.boot.test.context.filter.ExcludeFilterContextCustomizer@39deca11, org.springframework.boot.test.json.DuplicateJsonObjectContextCustomizerFactory$DuplicateJsonObjectContextCustomizer@30b0e23b, org.springframework.boot.test.mock.mockito.MockitoContextCustomizer@0, org.springframework.test.context.web.socket.MockServerContainerContextCustomizer@202db94e], resourceBasePath = 'src/main/webapp', contextLoader = 'org.springframework.boot.test.context.SpringBootContextLoader', parent = [null]]]; transaction manager [org.springframework.orm.jpa.JpaTransactionManager@4d4f36fa]; rollback [true]
2019-07-04 11:49:07.750  INFO 27104 --- [    Test worker] o.s.b.t.m.w.SpringBootMockServletContext : Initializing Spring FrameworkServlet ''
2019-07-04 11:49:07.750  INFO 27104 --- [    Test worker] o.s.t.web.servlet.TestDispatcherServlet  : FrameworkServlet '': initialization started
2019-07-04 11:49:07.752  INFO 27104 --- [    Test worker] o.s.t.web.servlet.TestDispatcherServlet  : FrameworkServlet '': initialization completed in 2 ms
2019-07-04 11:49:07.758  INFO 27104 --- [    Test worker] o.s.t.c.transaction.TransactionContext   : Rolled back transaction for test: [DefaultTestContext@71f01e63 testClass = AutoOrderControllerTest, testInstance = com.epam.ws.web.api.AutoOrderControllerTest@774fa683, testMethod = testGetAutoOrder@AutoOrderControllerTest, testException = [null], mergedContextConfiguration = [WebMergedContextConfiguration@59f9fc5f testClass = AutoOrderControllerTest, locations = '{}', classes = '{class com.epam.Application, class com.epam.Application}', contextInitializerClasses = '[]', activeProfiles = '{}', propertySourceLocations = '{}', propertySourceProperties = '{org.springframework.boot.test.context.SpringBootTestContextBootstrapper=true}', contextCustomizers = set[org.springframework.boot.test.autoconfigure.properties.PropertyMappingContextCustomizer@0, org.springframework.boot.test.autoconfigure.web.servlet.WebDriverContextCustomizerFactory$Customizer@554a7fb7, org.springframework.boot.test.context.SpringBootTestContextCustomizer@b6fd269, org.springframework.boot.test.context.filter.ExcludeFilterContextCustomizer@39deca11, org.springframework.boot.test.json.DuplicateJsonObjectContextCustomizerFactory$DuplicateJsonObjectContextCustomizer@30b0e23b, org.springframework.boot.test.mock.mockito.MockitoContextCustomizer@0, org.springframework.test.context.web.socket.MockServerContainerContextCustomizer@202db94e], resourceBasePath = 'src/main/webapp', contextLoader = 'org.springframework.boot.test.context.SpringBootContextLoader', parent = [null]]]
2019-07-04 11:49:07.764  INFO 27104 --- [    Test worker] o.s.t.c.transaction.TransactionContext   : Began transaction (1) for test context [DefaultTestContext@71f01e63 testClass = AutoOrderControllerTest, testInstance = com.epam.ws.web.api.AutoOrderControllerTest@5e30f660, testMethod = testUpdateAutoOrder@AutoOrderControllerTest, testException = [null], mergedContextConfiguration = [WebMergedContextConfiguration@59f9fc5f testClass = AutoOrderControllerTest, locations = '{}', classes = '{class com.epam.Application, class com.epam.Application}', contextInitializerClasses = '[]', activeProfiles = '{}', propertySourceLocations = '{}', propertySourceProperties = '{org.springframework.boot.test.context.SpringBootTestContextBootstrapper=true}', contextCustomizers = set[org.springframework.boot.test.autoconfigure.properties.PropertyMappingContextCustomizer@0, org.springframework.boot.test.autoconfigure.web.servlet.WebDriverContextCustomizerFactory$Customizer@554a7fb7, org.springframework.boot.test.context.SpringBootTestContextCustomizer@b6fd269, org.springframework.boot.test.context.filter.ExcludeFilterContextCustomizer@39deca11, org.springframework.boot.test.json.DuplicateJsonObjectContextCustomizerFactory$DuplicateJsonObjectContextCustomizer@30b0e23b, org.springframework.boot.test.mock.mockito.MockitoContextCustomizer@0, org.springframework.test.context.web.socket.MockServerContainerContextCustomizer@202db94e], resourceBasePath = 'src/main/webapp', contextLoader = 'org.springframework.boot.test.context.SpringBootContextLoader', parent = [null]]]; transaction manager [org.springframework.orm.jpa.JpaTransactionManager@4d4f36fa]; rollback [true]
2019-07-04 11:49:07.765  INFO 27104 --- [    Test worker] o.s.b.t.m.w.SpringBootMockServletContext : Initializing Spring FrameworkServlet ''
2019-07-04 11:49:07.765  INFO 27104 --- [    Test worker] o.s.t.web.servlet.TestDispatcherServlet  : FrameworkServlet '': initialization started
2019-07-04 11:49:07.768  INFO 27104 --- [    Test worker] o.s.t.web.servlet.TestDispatcherServlet  : FrameworkServlet '': initialization completed in 3 ms
2019-07-04 11:49:07.780  INFO 27104 --- [    Test worker] o.s.t.c.transaction.TransactionContext   : Rolled back transaction for test: [DefaultTestContext@71f01e63 testClass = AutoOrderControllerTest, testInstance = com.epam.ws.web.api.AutoOrderControllerTest@5e30f660, testMethod = testUpdateAutoOrder@AutoOrderControllerTest, testException = [null], mergedContextConfiguration = [WebMergedContextConfiguration@59f9fc5f testClass = AutoOrderControllerTest, locations = '{}', classes = '{class com.epam.Application, class com.epam.Application}', contextInitializerClasses = '[]', activeProfiles = '{}', propertySourceLocations = '{}', propertySourceProperties = '{org.springframework.boot.test.context.SpringBootTestContextBootstrapper=true}', contextCustomizers = set[org.springframework.boot.test.autoconfigure.properties.PropertyMappingContextCustomizer@0, org.springframework.boot.test.autoconfigure.web.servlet.WebDriverContextCustomizerFactory$Customizer@554a7fb7, org.springframework.boot.test.context.SpringBootTestContextCustomizer@b6fd269, org.springframework.boot.test.context.filter.ExcludeFilterContextCustomizer@39deca11, org.springframework.boot.test.json.DuplicateJsonObjectContextCustomizerFactory$DuplicateJsonObjectContextCustomizer@30b0e23b, org.springframework.boot.test.mock.mockito.MockitoContextCustomizer@0, org.springframework.test.context.web.socket.MockServerContainerContextCustomizer@202db94e], resourceBasePath = 'src/main/webapp', contextLoader = 'org.springframework.boot.test.context.SpringBootContextLoader', parent = [null]]]
2019-07-04 11:49:07.785  INFO 27104 --- [    Test worker] o.s.t.c.transaction.TransactionContext   : Began transaction (1) for test context [DefaultTestContext@71f01e63 testClass = AutoOrderControllerTest, testInstance = com.epam.ws.web.api.AutoOrderControllerTest@621fb712, testMethod = testCreateAutoOrder@AutoOrderControllerTest, testException = [null], mergedContextConfiguration = [WebMergedContextConfiguration@59f9fc5f testClass = AutoOrderControllerTest, locations = '{}', classes = '{class com.epam.Application, class com.epam.Application}', contextInitializerClasses = '[]', activeProfiles = '{}', propertySourceLocations = '{}', propertySourceProperties = '{org.springframework.boot.test.context.SpringBootTestContextBootstrapper=true}', contextCustomizers = set[org.springframework.boot.test.autoconfigure.properties.PropertyMappingContextCustomizer@0, org.springframework.boot.test.autoconfigure.web.servlet.WebDriverContextCustomizerFactory$Customizer@554a7fb7, org.springframework.boot.test.context.SpringBootTestContextCustomizer@b6fd269, org.springframework.boot.test.context.filter.ExcludeFilterContextCustomizer@39deca11, org.springframework.boot.test.json.DuplicateJsonObjectContextCustomizerFactory$DuplicateJsonObjectContextCustomizer@30b0e23b, org.springframework.boot.test.mock.mockito.MockitoContextCustomizer@0, org.springframework.test.context.web.socket.MockServerContainerContextCustomizer@202db94e], resourceBasePath = 'src/main/webapp', contextLoader = 'org.springframework.boot.test.context.SpringBootContextLoader', parent = [null]]]; transaction manager [org.springframework.orm.jpa.JpaTransactionManager@4d4f36fa]; rollback [true]
2019-07-04 11:49:07.786  INFO 27104 --- [    Test worker] o.s.b.t.m.w.SpringBootMockServletContext : Initializing Spring FrameworkServlet ''
2019-07-04 11:49:07.786  INFO 27104 --- [    Test worker] o.s.t.web.servlet.TestDispatcherServlet  : FrameworkServlet '': initialization started
2019-07-04 11:49:07.788  INFO 27104 --- [    Test worker] o.s.t.web.servlet.TestDispatcherServlet  : FrameworkServlet '': initialization completed in 2 ms
2019-07-04 11:49:07.801  INFO 27104 --- [    Test worker] o.s.t.c.transaction.TransactionContext   : Rolled back transaction for test: [DefaultTestContext@71f01e63 testClass = AutoOrderControllerTest, testInstance = com.epam.ws.web.api.AutoOrderControllerTest@621fb712, testMethod = testCreateAutoOrder@AutoOrderControllerTest, testException = [null], mergedContextConfiguration = [WebMergedContextConfiguration@59f9fc5f testClass = AutoOrderControllerTest, locations = '{}', classes = '{class com.epam.Application, class com.epam.Application}', contextInitializerClasses = '[]', activeProfiles = '{}', propertySourceLocations = '{}', propertySourceProperties = '{org.springframework.boot.test.context.SpringBootTestContextBootstrapper=true}', contextCustomizers = set[org.springframework.boot.test.autoconfigure.properties.PropertyMappingContextCustomizer@0, org.springframework.boot.test.autoconfigure.web.servlet.WebDriverContextCustomizerFactory$Customizer@554a7fb7, org.springframework.boot.test.context.SpringBootTestContextCustomizer@b6fd269, org.springframework.boot.test.context.filter.ExcludeFilterContextCustomizer@39deca11, org.springframework.boot.test.json.DuplicateJsonObjectContextCustomizerFactory$DuplicateJsonObjectContextCustomizer@30b0e23b, org.springframework.boot.test.mock.mockito.MockitoContextCustomizer@0, org.springframework.test.context.web.socket.MockServerContainerContextCustomizer@202db94e], resourceBasePath = 'src/main/webapp', contextLoader = 'org.springframework.boot.test.context.SpringBootContextLoader', parent = [null]]]
2019-07-04 11:49:07.806  INFO 27104 --- [    Test worker] o.s.t.c.transaction.TransactionContext   : Began transaction (1) for test context [DefaultTestContext@71f01e63 testClass = AutoOrderControllerTest, testInstance = com.epam.ws.web.api.AutoOrderControllerTest@193831d, testMethod = testGetAutoOrderNotFound@AutoOrderControllerTest, testException = [null], mergedContextConfiguration = [WebMergedContextConfiguration@59f9fc5f testClass = AutoOrderControllerTest, locations = '{}', classes = '{class com.epam.Application, class com.epam.Application}', contextInitializerClasses = '[]', activeProfiles = '{}', propertySourceLocations = '{}', propertySourceProperties = '{org.springframework.boot.test.context.SpringBootTestContextBootstrapper=true}', contextCustomizers = set[org.springframework.boot.test.autoconfigure.properties.PropertyMappingContextCustomizer@0, org.springframework.boot.test.autoconfigure.web.servlet.WebDriverContextCustomizerFactory$Customizer@554a7fb7, org.springframework.boot.test.context.SpringBootTestContextCustomizer@b6fd269, org.springframework.boot.test.context.filter.ExcludeFilterContextCustomizer@39deca11, org.springframework.boot.test.json.DuplicateJsonObjectContextCustomizerFactory$DuplicateJsonObjectContextCustomizer@30b0e23b, org.springframework.boot.test.mock.mockito.MockitoContextCustomizer@0, org.springframework.test.context.web.socket.MockServerContainerContextCustomizer@202db94e], resourceBasePath = 'src/main/webapp', contextLoader = 'org.springframework.boot.test.context.SpringBootContextLoader', parent = [null]]]; transaction manager [org.springframework.orm.jpa.JpaTransactionManager@4d4f36fa]; rollback [true]
2019-07-04 11:49:07.807  INFO 27104 --- [    Test worker] o.s.b.t.m.w.SpringBootMockServletContext : Initializing Spring FrameworkServlet ''
2019-07-04 11:49:07.807  INFO 27104 --- [    Test worker] o.s.t.web.servlet.TestDispatcherServlet  : FrameworkServlet '': initialization started
2019-07-04 11:49:07.809  INFO 27104 --- [    Test worker] o.s.t.web.servlet.TestDispatcherServlet  : FrameworkServlet '': initialization completed in 2 ms
2019-07-04 11:49:07.814  INFO 27104 --- [    Test worker] o.s.t.c.transaction.TransactionContext   : Rolled back transaction for test: [DefaultTestContext@71f01e63 testClass = AutoOrderControllerTest, testInstance = com.epam.ws.web.api.AutoOrderControllerTest@193831d, testMethod = testGetAutoOrderNotFound@AutoOrderControllerTest, testException = [null], mergedContextConfiguration = [WebMergedContextConfiguration@59f9fc5f testClass = AutoOrderControllerTest, locations = '{}', classes = '{class com.epam.Application, class com.epam.Application}', contextInitializerClasses = '[]', activeProfiles = '{}', propertySourceLocations = '{}', propertySourceProperties = '{org.springframework.boot.test.context.SpringBootTestContextBootstrapper=true}', contextCustomizers = set[org.springframework.boot.test.autoconfigure.properties.PropertyMappingContextCustomizer@0, org.springframework.boot.test.autoconfigure.web.servlet.WebDriverContextCustomizerFactory$Customizer@554a7fb7, org.springframework.boot.test.context.SpringBootTestContextCustomizer@b6fd269, org.springframework.boot.test.context.filter.ExcludeFilterContextCustomizer@39deca11, org.springframework.boot.test.json.DuplicateJsonObjectContextCustomizerFactory$DuplicateJsonObjectContextCustomizer@30b0e23b, org.springframework.boot.test.mock.mockito.MockitoContextCustomizer@0, org.springframework.test.context.web.socket.MockServerContainerContextCustomizer@202db94e], resourceBasePath = 'src/main/webapp', contextLoader = 'org.springframework.boot.test.context.SpringBootContextLoader', parent = [null]]]
2019-07-04 11:49:07.818  INFO 27104 --- [    Test worker] o.s.t.c.transaction.TransactionContext   : Began transaction (1) for test context [DefaultTestContext@71f01e63 testClass = AutoOrderControllerTest, testInstance = com.epam.ws.web.api.AutoOrderControllerTest@4288129e, testMethod = testGetAutoOrders@AutoOrderControllerTest, testException = [null], mergedContextConfiguration = [WebMergedContextConfiguration@59f9fc5f testClass = AutoOrderControllerTest, locations = '{}', classes = '{class com.epam.Application, class com.epam.Application}', contextInitializerClasses = '[]', activeProfiles = '{}', propertySourceLocations = '{}', propertySourceProperties = '{org.springframework.boot.test.context.SpringBootTestContextBootstrapper=true}', contextCustomizers = set[org.springframework.boot.test.autoconfigure.properties.PropertyMappingContextCustomizer@0, org.springframework.boot.test.autoconfigure.web.servlet.WebDriverContextCustomizerFactory$Customizer@554a7fb7, org.springframework.boot.test.context.SpringBootTestContextCustomizer@b6fd269, org.springframework.boot.test.context.filter.ExcludeFilterContextCustomizer@39deca11, org.springframework.boot.test.json.DuplicateJsonObjectContextCustomizerFactory$DuplicateJsonObjectContextCustomizer@30b0e23b, org.springframework.boot.test.mock.mockito.MockitoContextCustomizer@0, org.springframework.test.context.web.socket.MockServerContainerContextCustomizer@202db94e], resourceBasePath = 'src/main/webapp', contextLoader = 'org.springframework.boot.test.context.SpringBootContextLoader', parent = [null]]]; transaction manager [org.springframework.orm.jpa.JpaTransactionManager@4d4f36fa]; rollback [true]
2019-07-04 11:49:07.819  INFO 27104 --- [    Test worker] o.s.b.t.m.w.SpringBootMockServletContext : Initializing Spring FrameworkServlet ''
2019-07-04 11:49:07.819  INFO 27104 --- [    Test worker] o.s.t.web.servlet.TestDispatcherServlet  : FrameworkServlet '': initialization started
2019-07-04 11:49:07.821  INFO 27104 --- [    Test worker] o.s.t.web.servlet.TestDispatcherServlet  : FrameworkServlet '': initialization completed in 2 ms
2019-07-04 11:49:07.822  INFO 27104 --- [    Test worker] o.h.h.i.QueryTranslatorFactoryInitiator  : HHH000397: Using ASTQueryTranslatorFactory
2019-07-04 11:49:07.830  INFO 27104 --- [    Test worker] o.s.t.c.transaction.TransactionContext   : Rolled back transaction for test: [DefaultTestContext@71f01e63 testClass = AutoOrderControllerTest, testInstance = com.epam.ws.web.api.AutoOrderControllerTest@4288129e, testMethod = testGetAutoOrders@AutoOrderControllerTest, testException = [null], mergedContextConfiguration = [WebMergedContextConfiguration@59f9fc5f testClass = AutoOrderControllerTest, locations = '{}', classes = '{class com.epam.Application, class com.epam.Application}', contextInitializerClasses = '[]', activeProfiles = '{}', propertySourceLocations = '{}', propertySourceProperties = '{org.springframework.boot.test.context.SpringBootTestContextBootstrapper=true}', contextCustomizers = set[org.springframework.boot.test.autoconfigure.properties.PropertyMappingContextCustomizer@0, org.springframework.boot.test.autoconfigure.web.servlet.WebDriverContextCustomizerFactory$Customizer@554a7fb7, org.springframework.boot.test.context.SpringBootTestContextCustomizer@b6fd269, org.springframework.boot.test.context.filter.ExcludeFilterContextCustomizer@39deca11, org.springframework.boot.test.json.DuplicateJsonObjectContextCustomizerFactory$DuplicateJsonObjectContextCustomizer@30b0e23b, org.springframework.boot.test.mock.mockito.MockitoContextCustomizer@0, org.springframework.test.context.web.socket.MockServerContainerContextCustomizer@202db94e], resourceBasePath = 'src/main/webapp', contextLoader = 'org.springframework.boot.test.context.SpringBootContextLoader', parent = [null]]]
]]></system-out>
  <system-err><![CDATA[]]></system-err>
</testsuite>
